[0.031s] Invoking command in '/home/tony/SKAI_clean_vision/build/skai_moveit_config': AMENT_PREFIX_PATH=/home/tony/SKAI_clean_vision/install/arm_rviz:/home/tony/SKAI_clean_vision/install/vision_moveit_bridge:/home/tony/SKAI_clean_vision/install/vision_gui:/home/tony/SKAI_clean_vision/install/skai_moveit_config:/home/tony/SKAI_clean_vision/install/skai_hardware_v2:/home/tony/SKAI_clean_vision/install/skai_bringup:/home/tony/SKAI_clean_vision/install/red_detector:/home/tony/SKAI_clean_vision/install/moveit_goal_bridge:/home/tony/SKAI_clean_vision/install/mock_camera:/opt/ros/jazzy CMAKE_PREFIX_PATH=${CMAKE_PREFIX_PATH}:/home/tony/SKAI_clean_vision/install/vision_moveit_bridge:/home/tony/SKAI_clean_vision/install/vision_gui:/home/tony/SKAI_clean_vision/install/skai_bringup:/home/tony/SKAI_clean_vision/install/red_detector:/home/tony/SKAI_clean_vision/install/mock_camera:/home/tony/SKAI_clean_vision/install/arm_rviz:/opt/ros/jazzy DEBUGINFOD_URLS=https://debuginfod.ubuntu.com PYTHONPATH=/home/tony/SKAI_clean_vision/install/arm_rviz/lib/python3.12/site-packages:/home/tony/SKAI_clean_vision/install/vision_moveit_bridge/lib/python3.12/site-packages:/home/tony/SKAI_clean_vision/install/vision_gui/lib/python3.12/site-packages:/home/tony/SKAI_clean_vision/install/skai_bringup/lib/python3.12/site-packages:/home/tony/SKAI_clean_vision/install/red_detector/lib/python3.12/site-packages:/home/tony/SKAI_clean_vision/install/mock_camera/lib/python3.12/site-packages:/opt/ros/jazzy/lib/python3.12/site-packages /usr/bin/cmake /home/tony/SKAI_clean_vision/src/skai_moveit_config -DCMAKE_INSTALL_PREFIX=/home/tony/SKAI_clean_vision/install/skai_moveit_config
[0.069s] -- The C compiler identification is GNU 13.3.0
[0.106s] -- The CXX compiler identification is GNU 13.3.0
[0.116s] -- Detecting C compiler ABI info
[0.171s] -- Detecting C compiler ABI info - done
[0.178s] -- Check for working C compiler: /usr/bin/cc - skipped
[0.178s] -- Detecting C compile features
[0.178s] -- Detecting C compile features - done
[0.185s] -- Detecting CXX compiler ABI info
[0.250s] -- Detecting CXX compiler ABI info - done
[0.256s] -- Check for working CXX compiler: /usr/bin/c++ - skipped
[0.256s] -- Detecting CXX compile features
[0.257s] -- Detecting CXX compile features - done
[0.260s] -- Found ament_cmake: 2.5.6 (/opt/ros/jazzy/share/ament_cmake/cmake)
[0.374s] -- Found Python3: /usr/bin/python3 (found version "3.12.3") found components: Interpreter 
[0.527s] -- Configuring done (0.5s)
[0.529s] -- Generating done (0.0s)
[0.530s] -- Build files have been written to: /home/tony/SKAI_clean_vision/build/skai_moveit_config
[0.533s] Invoked command in '/home/tony/SKAI_clean_vision/build/skai_moveit_config' returned '0': AMENT_PREFIX_PATH=/home/tony/SKAI_clean_vision/install/arm_rviz:/home/tony/SKAI_clean_vision/install/vision_moveit_bridge:/home/tony/SKAI_clean_vision/install/vision_gui:/home/tony/SKAI_clean_vision/install/skai_moveit_config:/home/tony/SKAI_clean_vision/install/skai_hardware_v2:/home/tony/SKAI_clean_vision/install/skai_bringup:/home/tony/SKAI_clean_vision/install/red_detector:/home/tony/SKAI_clean_vision/install/moveit_goal_bridge:/home/tony/SKAI_clean_vision/install/mock_camera:/opt/ros/jazzy CMAKE_PREFIX_PATH=${CMAKE_PREFIX_PATH}:/home/tony/SKAI_clean_vision/install/vision_moveit_bridge:/home/tony/SKAI_clean_vision/install/vision_gui:/home/tony/SKAI_clean_vision/install/skai_bringup:/home/tony/SKAI_clean_vision/install/red_detector:/home/tony/SKAI_clean_vision/install/mock_camera:/home/tony/SKAI_clean_vision/install/arm_rviz:/opt/ros/jazzy DEBUGINFOD_URLS=https://debuginfod.ubuntu.com PYTHONPATH=/home/tony/SKAI_clean_vision/install/arm_rviz/lib/python3.12/site-packages:/home/tony/SKAI_clean_vision/install/vision_moveit_bridge/lib/python3.12/site-packages:/home/tony/SKAI_clean_vision/install/vision_gui/lib/python3.12/site-packages:/home/tony/SKAI_clean_vision/install/skai_bringup/lib/python3.12/site-packages:/home/tony/SKAI_clean_vision/install/red_detector/lib/python3.12/site-packages:/home/tony/SKAI_clean_vision/install/mock_camera/lib/python3.12/site-packages:/opt/ros/jazzy/lib/python3.12/site-packages /usr/bin/cmake /home/tony/SKAI_clean_vision/src/skai_moveit_config -DCMAKE_INSTALL_PREFIX=/home/tony/SKAI_clean_vision/install/skai_moveit_config
[0.534s] Invoking command in '/home/tony/SKAI_clean_vision/build/skai_moveit_config': AMENT_PREFIX_PATH=/home/tony/SKAI_clean_vision/install/arm_rviz:/home/tony/SKAI_clean_vision/install/vision_moveit_bridge:/home/tony/SKAI_clean_vision/install/vision_gui:/home/tony/SKAI_clean_vision/install/skai_moveit_config:/home/tony/SKAI_clean_vision/install/skai_hardware_v2:/home/tony/SKAI_clean_vision/install/skai_bringup:/home/tony/SKAI_clean_vision/install/red_detector:/home/tony/SKAI_clean_vision/install/moveit_goal_bridge:/home/tony/SKAI_clean_vision/install/mock_camera:/opt/ros/jazzy CMAKE_PREFIX_PATH=${CMAKE_PREFIX_PATH}:/home/tony/SKAI_clean_vision/install/vision_moveit_bridge:/home/tony/SKAI_clean_vision/install/vision_gui:/home/tony/SKAI_clean_vision/install/skai_bringup:/home/tony/SKAI_clean_vision/install/red_detector:/home/tony/SKAI_clean_vision/install/mock_camera:/home/tony/SKAI_clean_vision/install/arm_rviz:/opt/ros/jazzy DEBUGINFOD_URLS=https://debuginfod.ubuntu.com PYTHONPATH=/home/tony/SKAI_clean_vision/install/arm_rviz/lib/python3.12/site-packages:/home/tony/SKAI_clean_vision/install/vision_moveit_bridge/lib/python3.12/site-packages:/home/tony/SKAI_clean_vision/install/vision_gui/lib/python3.12/site-packages:/home/tony/SKAI_clean_vision/install/skai_bringup/lib/python3.12/site-packages:/home/tony/SKAI_clean_vision/install/red_detector/lib/python3.12/site-packages:/home/tony/SKAI_clean_vision/install/mock_camera/lib/python3.12/site-packages:/opt/ros/jazzy/lib/python3.12/site-packages /usr/bin/cmake --build /home/tony/SKAI_clean_vision/build/skai_moveit_config -- -j16 -l16
[0.560s] Invoked command in '/home/tony/SKAI_clean_vision/build/skai_moveit_config' returned '0': AMENT_PREFIX_PATH=/home/tony/SKAI_clean_vision/install/arm_rviz:/home/tony/SKAI_clean_vision/install/vision_moveit_bridge:/home/tony/SKAI_clean_vision/install/vision_gui:/home/tony/SKAI_clean_vision/install/skai_moveit_config:/home/tony/SKAI_clean_vision/install/skai_hardware_v2:/home/tony/SKAI_clean_vision/install/skai_bringup:/home/tony/SKAI_clean_vision/install/red_detector:/home/tony/SKAI_clean_vision/install/moveit_goal_bridge:/home/tony/SKAI_clean_vision/install/mock_camera:/opt/ros/jazzy CMAKE_PREFIX_PATH=${CMAKE_PREFIX_PATH}:/home/tony/SKAI_clean_vision/install/vision_moveit_bridge:/home/tony/SKAI_clean_vision/install/vision_gui:/home/tony/SKAI_clean_vision/install/skai_bringup:/home/tony/SKAI_clean_vision/install/red_detector:/home/tony/SKAI_clean_vision/install/mock_camera:/home/tony/SKAI_clean_vision/install/arm_rviz:/opt/ros/jazzy DEBUGINFOD_URLS=https://debuginfod.ubuntu.com PYTHONPATH=/home/tony/SKAI_clean_vision/install/arm_rviz/lib/python3.12/site-packages:/home/tony/SKAI_clean_vision/install/vision_moveit_bridge/lib/python3.12/site-packages:/home/tony/SKAI_clean_vision/install/vision_gui/lib/python3.12/site-packages:/home/tony/SKAI_clean_vision/install/skai_bringup/lib/python3.12/site-packages:/home/tony/SKAI_clean_vision/install/red_detector/lib/python3.12/site-packages:/home/tony/SKAI_clean_vision/install/mock_camera/lib/python3.12/site-packages:/opt/ros/jazzy/lib/python3.12/site-packages /usr/bin/cmake --build /home/tony/SKAI_clean_vision/build/skai_moveit_config -- -j16 -l16
[0.566s] Invoking command in '/home/tony/SKAI_clean_vision/build/skai_moveit_config': AMENT_PREFIX_PATH=/home/tony/SKAI_clean_vision/install/arm_rviz:/home/tony/SKAI_clean_vision/install/vision_moveit_bridge:/home/tony/SKAI_clean_vision/install/vision_gui:/home/tony/SKAI_clean_vision/install/skai_moveit_config:/home/tony/SKAI_clean_vision/install/skai_hardware_v2:/home/tony/SKAI_clean_vision/install/skai_bringup:/home/tony/SKAI_clean_vision/install/red_detector:/home/tony/SKAI_clean_vision/install/moveit_goal_bridge:/home/tony/SKAI_clean_vision/install/mock_camera:/opt/ros/jazzy CMAKE_PREFIX_PATH=${CMAKE_PREFIX_PATH}:/home/tony/SKAI_clean_vision/install/vision_moveit_bridge:/home/tony/SKAI_clean_vision/install/vision_gui:/home/tony/SKAI_clean_vision/install/skai_bringup:/home/tony/SKAI_clean_vision/install/red_detector:/home/tony/SKAI_clean_vision/install/mock_camera:/home/tony/SKAI_clean_vision/install/arm_rviz:/opt/ros/jazzy DEBUGINFOD_URLS=https://debuginfod.ubuntu.com PYTHONPATH=/home/tony/SKAI_clean_vision/install/arm_rviz/lib/python3.12/site-packages:/home/tony/SKAI_clean_vision/install/vision_moveit_bridge/lib/python3.12/site-packages:/home/tony/SKAI_clean_vision/install/vision_gui/lib/python3.12/site-packages:/home/tony/SKAI_clean_vision/install/skai_bringup/lib/python3.12/site-packages:/home/tony/SKAI_clean_vision/install/red_detector/lib/python3.12/site-packages:/home/tony/SKAI_clean_vision/install/mock_camera/lib/python3.12/site-packages:/opt/ros/jazzy/lib/python3.12/site-packages /usr/bin/cmake --install /home/tony/SKAI_clean_vision/build/skai_moveit_config
[0.572s] -- Install configuration: ""
[0.572s] -- Installing: /home/tony/SKAI_clean_vision/install/skai_moveit_config/share/ament_index/resource_index/package_run_dependencies/skai_moveit_config
[0.572s] -- Installing: /home/tony/SKAI_clean_vision/install/skai_moveit_config/share/ament_index/resource_index/parent_prefix_path/skai_moveit_config
[0.572s] -- Installing: /home/tony/SKAI_clean_vision/install/skai_moveit_config/share/skai_moveit_config/environment/ament_prefix_path.sh
[0.572s] -- Installing: /home/tony/SKAI_clean_vision/install/skai_moveit_config/share/skai_moveit_config/environment/ament_prefix_path.dsv
[0.572s] -- Installing: /home/tony/SKAI_clean_vision/install/skai_moveit_config/share/skai_moveit_config/environment/path.sh
[0.572s] -- Installing: /home/tony/SKAI_clean_vision/install/skai_moveit_config/share/skai_moveit_config/environment/path.dsv
[0.572s] -- Installing: /home/tony/SKAI_clean_vision/install/skai_moveit_config/share/skai_moveit_config/local_setup.bash
[0.572s] -- Installing: /home/tony/SKAI_clean_vision/install/skai_moveit_config/share/skai_moveit_config/local_setup.sh
[0.573s] -- Installing: /home/tony/SKAI_clean_vision/install/skai_moveit_config/share/skai_moveit_config/local_setup.zsh
[0.573s] -- Installing: /home/tony/SKAI_clean_vision/install/skai_moveit_config/share/skai_moveit_config/local_setup.dsv
[0.573s] -- Installing: /home/tony/SKAI_clean_vision/install/skai_moveit_config/share/skai_moveit_config/package.dsv
[0.573s] -- Installing: /home/tony/SKAI_clean_vision/install/skai_moveit_config/share/ament_index/resource_index/packages/skai_moveit_config
[0.573s] -- Installing: /home/tony/SKAI_clean_vision/install/skai_moveit_config/share/skai_moveit_config/cmake/skai_moveit_configConfig.cmake
[0.573s] -- Installing: /home/tony/SKAI_clean_vision/install/skai_moveit_config/share/skai_moveit_config/cmake/skai_moveit_configConfig-version.cmake
[0.573s] -- Installing: /home/tony/SKAI_clean_vision/install/skai_moveit_config/share/skai_moveit_config/package.xml
[0.573s] -- Installing: /home/tony/SKAI_clean_vision/install/skai_moveit_config/share/skai_moveit_config/launch
[0.573s] -- Installing: /home/tony/SKAI_clean_vision/install/skai_moveit_config/share/skai_moveit_config/launch/setup_assistant.launch.py
[0.573s] -- Installing: /home/tony/SKAI_clean_vision/install/skai_moveit_config/share/skai_moveit_config/launch/moveit_rviz.launch.py
[0.573s] -- Installing: /home/tony/SKAI_clean_vision/install/skai_moveit_config/share/skai_moveit_config/launch/move_group.launch.py
[0.573s] -- Installing: /home/tony/SKAI_clean_vision/install/skai_moveit_config/share/skai_moveit_config/launch/rsp.launch.py
[0.573s] -- Installing: /home/tony/SKAI_clean_vision/install/skai_moveit_config/share/skai_moveit_config/launch/demo.launch.py
[0.573s] -- Installing: /home/tony/SKAI_clean_vision/install/skai_moveit_config/share/skai_moveit_config/launch/warehouse_db.launch.py
[0.573s] -- Installing: /home/tony/SKAI_clean_vision/install/skai_moveit_config/share/skai_moveit_config/launch/static_virtual_joint_tfs.launch.py
[0.573s] -- Installing: /home/tony/SKAI_clean_vision/install/skai_moveit_config/share/skai_moveit_config/launch/spawn_controllers.launch.py
[0.574s] -- Installing: /home/tony/SKAI_clean_vision/install/skai_moveit_config/share/skai_moveit_config/config
[0.574s] -- Installing: /home/tony/SKAI_clean_vision/install/skai_moveit_config/share/skai_moveit_config/config/moveit_controllers.yaml
[0.574s] -- Installing: /home/tony/SKAI_clean_vision/install/skai_moveit_config/share/skai_moveit_config/config/skai_arm.srdf
[0.574s] -- Installing: /home/tony/SKAI_clean_vision/install/skai_moveit_config/share/skai_moveit_config/config/moveit.rviz
[0.574s] -- Installing: /home/tony/SKAI_clean_vision/install/skai_moveit_config/share/skai_moveit_config/config/joint_limits.yaml
[0.574s] -- Installing: /home/tony/SKAI_clean_vision/install/skai_moveit_config/share/skai_moveit_config/config/pilz_cartesian_limits.yaml
[0.574s] -- Installing: /home/tony/SKAI_clean_vision/install/skai_moveit_config/share/skai_moveit_config/config/initial_positions.yaml
[0.574s] -- Installing: /home/tony/SKAI_clean_vision/install/skai_moveit_config/share/skai_moveit_config/config/skai_arm.urdf.xacro
[0.574s] -- Installing: /home/tony/SKAI_clean_vision/install/skai_moveit_config/share/skai_moveit_config/config/kinematics.yaml
[0.574s] -- Installing: /home/tony/SKAI_clean_vision/install/skai_moveit_config/share/skai_moveit_config/config/ros2_controllers.yaml
[0.574s] -- Installing: /home/tony/SKAI_clean_vision/install/skai_moveit_config/share/skai_moveit_config/config/skai_arm.ros2_control.xacro
[0.574s] -- Installing: /home/tony/SKAI_clean_vision/install/skai_moveit_config/share/skai_moveit_config/.setup_assistant
[0.577s] Invoked command in '/home/tony/SKAI_clean_vision/build/skai_moveit_config' returned '0': AMENT_PREFIX_PATH=/home/tony/SKAI_clean_vision/install/arm_rviz:/home/tony/SKAI_clean_vision/install/vision_moveit_bridge:/home/tony/SKAI_clean_vision/install/vision_gui:/home/tony/SKAI_clean_vision/install/skai_moveit_config:/home/tony/SKAI_clean_vision/install/skai_hardware_v2:/home/tony/SKAI_clean_vision/install/skai_bringup:/home/tony/SKAI_clean_vision/install/red_detector:/home/tony/SKAI_clean_vision/install/moveit_goal_bridge:/home/tony/SKAI_clean_vision/install/mock_camera:/opt/ros/jazzy CMAKE_PREFIX_PATH=${CMAKE_PREFIX_PATH}:/home/tony/SKAI_clean_vision/install/vision_moveit_bridge:/home/tony/SKAI_clean_vision/install/vision_gui:/home/tony/SKAI_clean_vision/install/skai_bringup:/home/tony/SKAI_clean_vision/install/red_detector:/home/tony/SKAI_clean_vision/install/mock_camera:/home/tony/SKAI_clean_vision/install/arm_rviz:/opt/ros/jazzy DEBUGINFOD_URLS=https://debuginfod.ubuntu.com PYTHONPATH=/home/tony/SKAI_clean_vision/install/arm_rviz/lib/python3.12/site-packages:/home/tony/SKAI_clean_vision/install/vision_moveit_bridge/lib/python3.12/site-packages:/home/tony/SKAI_clean_vision/install/vision_gui/lib/python3.12/site-packages:/home/tony/SKAI_clean_vision/install/skai_bringup/lib/python3.12/site-packages:/home/tony/SKAI_clean_vision/install/red_detector/lib/python3.12/site-packages:/home/tony/SKAI_clean_vision/install/mock_camera/lib/python3.12/site-packages:/opt/ros/jazzy/lib/python3.12/site-packages /usr/bin/cmake --install /home/tony/SKAI_clean_vision/build/skai_moveit_config
