running egg_info
creating ../../build/vision_gui/vision_gui.egg-info
writing ../../build/vision_gui/vision_gui.egg-info/PKG-INFO
writing dependency_links to ../../build/vision_gui/vision_gui.egg-info/dependency_links.txt
writing entry points to ../../build/vision_gui/vision_gui.egg-info/entry_points.txt
writing requirements to ../../build/vision_gui/vision_gui.egg-info/requires.txt
writing top-level names to ../../build/vision_gui/vision_gui.egg-info/top_level.txt
writing manifest file '../../build/vision_gui/vision_gui.egg-info/SOURCES.txt'
reading manifest file '../../build/vision_gui/vision_gui.egg-info/SOURCES.txt'
writing manifest file '../../build/vision_gui/vision_gui.egg-info/SOURCES.txt'
running build
running build_py
creating /home/tony/SKAI_clean_vision/build/vision_gui/build
creating /home/tony/SKAI_clean_vision/build/vision_gui/build/lib
creating /home/tony/SKAI_clean_vision/build/vision_gui/build/lib/vision_gui
copying vision_gui/__init__.py -> /home/tony/SKAI_clean_vision/build/vision_gui/build/lib/vision_gui
copying vision_gui/vision_gui.py -> /home/tony/SKAI_clean_vision/build/vision_gui/build/lib/vision_gui
running install
running install_lib
creating /home/tony/SKAI_clean_vision/install/vision_gui/lib/python3.12/site-packages/vision_gui
copying /home/tony/SKAI_clean_vision/build/vision_gui/build/lib/vision_gui/__init__.py -> /home/tony/SKAI_clean_vision/install/vision_gui/lib/python3.12/site-packages/vision_gui
copying /home/tony/SKAI_clean_vision/build/vision_gui/build/lib/vision_gui/vision_gui.py -> /home/tony/SKAI_clean_vision/install/vision_gui/lib/python3.12/site-packages/vision_gui
byte-compiling /home/tony/SKAI_clean_vision/install/vision_gui/lib/python3.12/site-packages/vision_gui/__init__.py to __init__.cpython-312.pyc
byte-compiling /home/tony/SKAI_clean_vision/install/vision_gui/lib/python3.12/site-packages/vision_gui/vision_gui.py to vision_gui.cpython-312.pyc
running install_data
creating /home/tony/SKAI_clean_vision/install/vision_gui/share/ament_index
creating /home/tony/SKAI_clean_vision/install/vision_gui/share/ament_index/resource_index
creating /home/tony/SKAI_clean_vision/install/vision_gui/share/ament_index/resource_index/packages
copying resource/vision_gui -> /home/tony/SKAI_clean_vision/install/vision_gui/share/ament_index/resource_index/packages
copying package.xml -> /home/tony/SKAI_clean_vision/install/vision_gui/share/vision_gui
running install_egg_info
Copying ../../build/vision_gui/vision_gui.egg-info to /home/tony/SKAI_clean_vision/install/vision_gui/lib/python3.12/site-packages/vision_gui-0.0.0-py3.12.egg-info
running install_scripts
Installing vision_gui script to /home/tony/SKAI_clean_vision/install/vision_gui/lib/vision_gui
writing list of installed files to '/home/tony/SKAI_clean_vision/build/vision_gui/install.log'
