[1.560s] Invoking command in '/home/tony/SKAI_clean_vision/src/vision_gui': DEBUGINFOD_URLS=https://debuginfod.ubuntu.com PYTHONPATH=/home/tony/SKAI_clean_vision/build/vision_gui/prefix_override:/usr/lib/python3/dist-packages/colcon_core/task/python/colcon_distutils_commands:/home/tony/SKAI_clean_vision/install/vision_gui/lib/python3.12/site-packages:${PYTHONPATH} /usr/bin/python3 -W ignore:setup.py install is deprecated -W ignore:easy_install command is deprecated setup.py egg_info --egg-base ../../build/vision_gui build --build-base /home/tony/SKAI_clean_vision/build/vision_gui/build install --record /home/tony/SKAI_clean_vision/build/vision_gui/install.log --single-version-externally-managed install_data
[1.808s] running egg_info
[1.808s] creating ../../build/vision_gui/vision_gui.egg-info
[1.825s] writing ../../build/vision_gui/vision_gui.egg-info/PKG-INFO
[1.825s] writing dependency_links to ../../build/vision_gui/vision_gui.egg-info/dependency_links.txt
[1.825s] writing entry points to ../../build/vision_gui/vision_gui.egg-info/entry_points.txt
[1.825s] writing requirements to ../../build/vision_gui/vision_gui.egg-info/requires.txt
[1.825s] writing top-level names to ../../build/vision_gui/vision_gui.egg-info/top_level.txt
[1.825s] writing manifest file '../../build/vision_gui/vision_gui.egg-info/SOURCES.txt'
[1.858s] reading manifest file '../../build/vision_gui/vision_gui.egg-info/SOURCES.txt'
[1.859s] writing manifest file '../../build/vision_gui/vision_gui.egg-info/SOURCES.txt'
[1.859s] running build
[1.859s] running build_py
[1.859s] creating /home/tony/SKAI_clean_vision/build/vision_gui/build
[1.859s] creating /home/tony/SKAI_clean_vision/build/vision_gui/build/lib
[1.859s] creating /home/tony/SKAI_clean_vision/build/vision_gui/build/lib/vision_gui
[1.860s] copying vision_gui/__init__.py -> /home/tony/SKAI_clean_vision/build/vision_gui/build/lib/vision_gui
[1.860s] copying vision_gui/vision_gui.py -> /home/tony/SKAI_clean_vision/build/vision_gui/build/lib/vision_gui
[1.860s] running install
[1.865s] running install_lib
[1.882s] creating /home/tony/SKAI_clean_vision/install/vision_gui/lib/python3.12/site-packages/vision_gui
[1.882s] copying /home/tony/SKAI_clean_vision/build/vision_gui/build/lib/vision_gui/__init__.py -> /home/tony/SKAI_clean_vision/install/vision_gui/lib/python3.12/site-packages/vision_gui
[1.882s] copying /home/tony/SKAI_clean_vision/build/vision_gui/build/lib/vision_gui/vision_gui.py -> /home/tony/SKAI_clean_vision/install/vision_gui/lib/python3.12/site-packages/vision_gui
[1.882s] byte-compiling /home/tony/SKAI_clean_vision/install/vision_gui/lib/python3.12/site-packages/vision_gui/__init__.py to __init__.cpython-312.pyc
[1.883s] byte-compiling /home/tony/SKAI_clean_vision/install/vision_gui/lib/python3.12/site-packages/vision_gui/vision_gui.py to vision_gui.cpython-312.pyc
[1.884s] running install_data
[1.884s] creating /home/tony/SKAI_clean_vision/install/vision_gui/share/ament_index
[1.885s] creating /home/tony/SKAI_clean_vision/install/vision_gui/share/ament_index/resource_index
[1.885s] creating /home/tony/SKAI_clean_vision/install/vision_gui/share/ament_index/resource_index/packages
[1.885s] copying resource/vision_gui -> /home/tony/SKAI_clean_vision/install/vision_gui/share/ament_index/resource_index/packages
[1.885s] copying package.xml -> /home/tony/SKAI_clean_vision/install/vision_gui/share/vision_gui
[1.885s] running install_egg_info
[1.905s] Copying ../../build/vision_gui/vision_gui.egg-info to /home/tony/SKAI_clean_vision/install/vision_gui/lib/python3.12/site-packages/vision_gui-0.0.0-py3.12.egg-info
[1.905s] running install_scripts
[2.025s] Installing vision_gui script to /home/tony/SKAI_clean_vision/install/vision_gui/lib/vision_gui
[2.026s] writing list of installed files to '/home/tony/SKAI_clean_vision/build/vision_gui/install.log'
[2.138s] Invoked command in '/home/tony/SKAI_clean_vision/src/vision_gui' returned '0': DEBUGINFOD_URLS=https://debuginfod.ubuntu.com PYTHONPATH=/home/tony/SKAI_clean_vision/build/vision_gui/prefix_override:/usr/lib/python3/dist-packages/colcon_core/task/python/colcon_distutils_commands:/home/tony/SKAI_clean_vision/install/vision_gui/lib/python3.12/site-packages:${PYTHONPATH} /usr/bin/python3 -W ignore:setup.py install is deprecated -W ignore:easy_install command is deprecated setup.py egg_info --egg-base ../../build/vision_gui build --build-base /home/tony/SKAI_clean_vision/build/vision_gui/build install --record /home/tony/SKAI_clean_vision/build/vision_gui/install.log --single-version-externally-managed install_data
