[1.511s] Invoking command in '/home/tony/SKAI_clean_vision/src/red_detector': DEBUGINFOD_URLS=https://debuginfod.ubuntu.com PYTHONPATH=/home/tony/SKAI_clean_vision/build/red_detector/prefix_override:/usr/lib/python3/dist-packages/colcon_core/task/python/colcon_distutils_commands:/home/tony/SKAI_clean_vision/install/red_detector/lib/python3.12/site-packages:${PYTHONPATH} /usr/bin/python3 -W ignore:setup.py install is deprecated -W ignore:easy_install command is deprecated setup.py egg_info --egg-base ../../build/red_detector build --build-base /home/tony/SKAI_clean_vision/build/red_detector/build install --record /home/tony/SKAI_clean_vision/build/red_detector/install.log --single-version-externally-managed install_data
[1.728s] running egg_info
[1.744s] writing ../../build/red_detector/red_detector.egg-info/PKG-INFO
[1.744s] writing dependency_links to ../../build/red_detector/red_detector.egg-info/dependency_links.txt
[1.744s] writing entry points to ../../build/red_detector/red_detector.egg-info/entry_points.txt
[1.745s] writing requirements to ../../build/red_detector/red_detector.egg-info/requires.txt
[1.745s] writing top-level names to ../../build/red_detector/red_detector.egg-info/top_level.txt
[1.778s] reading manifest file '../../build/red_detector/red_detector.egg-info/SOURCES.txt'
[1.778s] writing manifest file '../../build/red_detector/red_detector.egg-info/SOURCES.txt'
[1.778s] running build
[1.778s] running build_py
[1.779s] running install
[1.783s] running install_lib
[1.800s] running install_data
[1.800s] running install_egg_info
[1.817s] removing '/home/tony/SKAI_clean_vision/install/red_detector/lib/python3.12/site-packages/red_detector-0.0.0-py3.12.egg-info' (and everything under it)
[1.818s] Copying ../../build/red_detector/red_detector.egg-info to /home/tony/SKAI_clean_vision/install/red_detector/lib/python3.12/site-packages/red_detector-0.0.0-py3.12.egg-info
[1.818s] running install_scripts
[1.928s] Installing red_detector_node script to /home/tony/SKAI_clean_vision/install/red_detector/lib/red_detector
[1.929s] writing list of installed files to '/home/tony/SKAI_clean_vision/build/red_detector/install.log'
[2.025s] Invoked command in '/home/tony/SKAI_clean_vision/src/red_detector' returned '0': DEBUGINFOD_URLS=https://debuginfod.ubuntu.com PYTHONPATH=/home/tony/SKAI_clean_vision/build/red_detector/prefix_override:/usr/lib/python3/dist-packages/colcon_core/task/python/colcon_distutils_commands:/home/tony/SKAI_clean_vision/install/red_detector/lib/python3.12/site-packages:${PYTHONPATH} /usr/bin/python3 -W ignore:setup.py install is deprecated -W ignore:easy_install command is deprecated setup.py egg_info --egg-base ../../build/red_detector build --build-base /home/tony/SKAI_clean_vision/build/red_detector/build install --record /home/tony/SKAI_clean_vision/build/red_detector/install.log --single-version-externally-managed install_data
