running egg_info
creating ../../build/arm_rviz/arm_rviz.egg-info
writing ../../build/arm_rviz/arm_rviz.egg-info/PKG-INFO
writing dependency_links to ../../build/arm_rviz/arm_rviz.egg-info/dependency_links.txt
writing requirements to ../../build/arm_rviz/arm_rviz.egg-info/requires.txt
writing top-level names to ../../build/arm_rviz/arm_rviz.egg-info/top_level.txt
writing manifest file '../../build/arm_rviz/arm_rviz.egg-info/SOURCES.txt'
reading manifest file '../../build/arm_rviz/arm_rviz.egg-info/SOURCES.txt'
writing manifest file '../../build/arm_rviz/arm_rviz.egg-info/SOURCES.txt'
running build
running build_py
creating /home/tony/SKAI_clean_vision/build/arm_rviz/build
creating /home/tony/SKAI_clean_vision/build/arm_rviz/build/lib
creating /home/tony/SKAI_clean_vision/build/arm_rviz/build/lib/arm_rviz
copying arm_rviz/__init__.py -> /home/tony/SKAI_clean_vision/build/arm_rviz/build/lib/arm_rviz
running install
running install_lib
creating /home/tony/SKAI_clean_vision/install/arm_rviz/lib/python3.12/site-packages/arm_rviz
copying /home/tony/SKAI_clean_vision/build/arm_rviz/build/lib/arm_rviz/__init__.py -> /home/tony/SKAI_clean_vision/install/arm_rviz/lib/python3.12/site-packages/arm_rviz
byte-compiling /home/tony/SKAI_clean_vision/install/arm_rviz/lib/python3.12/site-packages/arm_rviz/__init__.py to __init__.cpython-312.pyc
running install_data
creating /home/tony/SKAI_clean_vision/install/arm_rviz/share/ament_index
creating /home/tony/SKAI_clean_vision/install/arm_rviz/share/ament_index/resource_index
creating /home/tony/SKAI_clean_vision/install/arm_rviz/share/ament_index/resource_index/packages
copying resource/arm_rviz -> /home/tony/SKAI_clean_vision/install/arm_rviz/share/ament_index/resource_index/packages
copying package.xml -> /home/tony/SKAI_clean_vision/install/arm_rviz/share/arm_rviz
creating /home/tony/SKAI_clean_vision/install/arm_rviz/share/arm_rviz/launch
copying launch/hardware_view.launch.py -> /home/tony/SKAI_clean_vision/install/arm_rviz/share/arm_rviz/launch
creating /home/tony/SKAI_clean_vision/install/arm_rviz/share/arm_rviz/urdf
copying urdf/OG_skai_arm:urdf.OG -> /home/tony/SKAI_clean_vision/install/arm_rviz/share/arm_rviz/urdf
copying urdf/skai_arm:urdf.demo -> /home/tony/SKAI_clean_vision/install/arm_rviz/share/arm_rviz/urdf
copying urdf/skai_arm.urdf -> /home/tony/SKAI_clean_vision/install/arm_rviz/share/arm_rviz/urdf
creating /home/tony/SKAI_clean_vision/install/arm_rviz/share/arm_rviz/meshes
copying meshes/J_5.STL -> /home/tony/SKAI_clean_vision/install/arm_rviz/share/arm_rviz/meshes
copying meshes/J_6.STL -> /home/tony/SKAI_clean_vision/install/arm_rviz/share/arm_rviz/meshes
copying meshes/J_3.STL -> /home/tony/SKAI_clean_vision/install/arm_rviz/share/arm_rviz/meshes
copying meshes/J_1.STL -> /home/tony/SKAI_clean_vision/install/arm_rviz/share/arm_rviz/meshes
copying meshes/F_1.STL -> /home/tony/SKAI_clean_vision/install/arm_rviz/share/arm_rviz/meshes
copying meshes/J_2.STL -> /home/tony/SKAI_clean_vision/install/arm_rviz/share/arm_rviz/meshes
copying meshes/F_2.STL -> /home/tony/SKAI_clean_vision/install/arm_rviz/share/arm_rviz/meshes
copying meshes/J_4.STL -> /home/tony/SKAI_clean_vision/install/arm_rviz/share/arm_rviz/meshes
copying meshes/BASE.STL -> /home/tony/SKAI_clean_vision/install/arm_rviz/share/arm_rviz/meshes
creating /home/tony/SKAI_clean_vision/install/arm_rviz/share/arm_rviz/rviz
copying rviz/baseline.rviz -> /home/tony/SKAI_clean_vision/install/arm_rviz/share/arm_rviz/rviz
running install_egg_info
Copying ../../build/arm_rviz/arm_rviz.egg-info to /home/tony/SKAI_clean_vision/install/arm_rviz/lib/python3.12/site-packages/arm_rviz-0.0.1-py3.12.egg-info
running install_scripts
writing list of installed files to '/home/tony/SKAI_clean_vision/build/arm_rviz/install.log'
