[1.581s] Invoking command in '/home/tony/SKAI_clean_vision/src/arm_rviz': DEBUGINFOD_URLS=https://debuginfod.ubuntu.com PYTHONPATH=/home/tony/SKAI_clean_vision/build/arm_rviz/prefix_override:/usr/lib/python3/dist-packages/colcon_core/task/python/colcon_distutils_commands:/home/tony/SKAI_clean_vision/install/arm_rviz/lib/python3.12/site-packages:${PYTHONPATH} /usr/bin/python3 -W ignore:setup.py install is deprecated -W ignore:easy_install command is deprecated setup.py egg_info --egg-base ../../build/arm_rviz build --build-base /home/tony/SKAI_clean_vision/build/arm_rviz/build install --record /home/tony/SKAI_clean_vision/build/arm_rviz/install.log --single-version-externally-managed install_data
[1.804s] running egg_info
[1.805s] creating ../../build/arm_rviz/arm_rviz.egg-info
[1.821s] writing ../../build/arm_rviz/arm_rviz.egg-info/PKG-INFO
[1.822s] writing dependency_links to ../../build/arm_rviz/arm_rviz.egg-info/dependency_links.txt
[1.822s] writing requirements to ../../build/arm_rviz/arm_rviz.egg-info/requires.txt
[1.822s] writing top-level names to ../../build/arm_rviz/arm_rviz.egg-info/top_level.txt
[1.822s] writing manifest file '../../build/arm_rviz/arm_rviz.egg-info/SOURCES.txt'
[1.856s] reading manifest file '../../build/arm_rviz/arm_rviz.egg-info/SOURCES.txt'
[1.857s] writing manifest file '../../build/arm_rviz/arm_rviz.egg-info/SOURCES.txt'
[1.857s] running build
[1.857s] running build_py
[1.857s] creating /home/tony/SKAI_clean_vision/build/arm_rviz/build
[1.857s] creating /home/tony/SKAI_clean_vision/build/arm_rviz/build/lib
[1.857s] creating /home/tony/SKAI_clean_vision/build/arm_rviz/build/lib/arm_rviz
[1.857s] copying arm_rviz/__init__.py -> /home/tony/SKAI_clean_vision/build/arm_rviz/build/lib/arm_rviz
[1.857s] running install
[1.862s] running install_lib
[1.879s] creating /home/tony/SKAI_clean_vision/install/arm_rviz/lib/python3.12/site-packages/arm_rviz
[1.879s] copying /home/tony/SKAI_clean_vision/build/arm_rviz/build/lib/arm_rviz/__init__.py -> /home/tony/SKAI_clean_vision/install/arm_rviz/lib/python3.12/site-packages/arm_rviz
[1.879s] byte-compiling /home/tony/SKAI_clean_vision/install/arm_rviz/lib/python3.12/site-packages/arm_rviz/__init__.py to __init__.cpython-312.pyc
[1.880s] running install_data
[1.880s] creating /home/tony/SKAI_clean_vision/install/arm_rviz/share/ament_index
[1.880s] creating /home/tony/SKAI_clean_vision/install/arm_rviz/share/ament_index/resource_index
[1.880s] creating /home/tony/SKAI_clean_vision/install/arm_rviz/share/ament_index/resource_index/packages
[1.880s] copying resource/arm_rviz -> /home/tony/SKAI_clean_vision/install/arm_rviz/share/ament_index/resource_index/packages
[1.880s] copying package.xml -> /home/tony/SKAI_clean_vision/install/arm_rviz/share/arm_rviz
[1.880s] creating /home/tony/SKAI_clean_vision/install/arm_rviz/share/arm_rviz/launch
[1.880s] copying launch/hardware_view.launch.py -> /home/tony/SKAI_clean_vision/install/arm_rviz/share/arm_rviz/launch
[1.880s] creating /home/tony/SKAI_clean_vision/install/arm_rviz/share/arm_rviz/urdf
[1.881s] copying urdf/OG_skai_arm:urdf.OG -> /home/tony/SKAI_clean_vision/install/arm_rviz/share/arm_rviz/urdf
[1.881s] copying urdf/skai_arm:urdf.demo -> /home/tony/SKAI_clean_vision/install/arm_rviz/share/arm_rviz/urdf
[1.881s] copying urdf/skai_arm.urdf -> /home/tony/SKAI_clean_vision/install/arm_rviz/share/arm_rviz/urdf
[1.881s] creating /home/tony/SKAI_clean_vision/install/arm_rviz/share/arm_rviz/meshes
[1.881s] copying meshes/J_5.STL -> /home/tony/SKAI_clean_vision/install/arm_rviz/share/arm_rviz/meshes
[1.881s] copying meshes/J_6.STL -> /home/tony/SKAI_clean_vision/install/arm_rviz/share/arm_rviz/meshes
[1.881s] copying meshes/J_3.STL -> /home/tony/SKAI_clean_vision/install/arm_rviz/share/arm_rviz/meshes
[1.881s] copying meshes/J_1.STL -> /home/tony/SKAI_clean_vision/install/arm_rviz/share/arm_rviz/meshes
[1.882s] copying meshes/F_1.STL -> /home/tony/SKAI_clean_vision/install/arm_rviz/share/arm_rviz/meshes
[1.882s] copying meshes/J_2.STL -> /home/tony/SKAI_clean_vision/install/arm_rviz/share/arm_rviz/meshes
[1.882s] copying meshes/F_2.STL -> /home/tony/SKAI_clean_vision/install/arm_rviz/share/arm_rviz/meshes
[1.883s] copying meshes/J_4.STL -> /home/tony/SKAI_clean_vision/install/arm_rviz/share/arm_rviz/meshes
[1.883s] copying meshes/BASE.STL -> /home/tony/SKAI_clean_vision/install/arm_rviz/share/arm_rviz/meshes
[1.883s] creating /home/tony/SKAI_clean_vision/install/arm_rviz/share/arm_rviz/rviz
[1.884s] copying rviz/baseline.rviz -> /home/tony/SKAI_clean_vision/install/arm_rviz/share/arm_rviz/rviz
[1.884s] running install_egg_info
[1.902s] Copying ../../build/arm_rviz/arm_rviz.egg-info to /home/tony/SKAI_clean_vision/install/arm_rviz/lib/python3.12/site-packages/arm_rviz-0.0.1-py3.12.egg-info
[1.902s] running install_scripts
[2.017s] writing list of installed files to '/home/tony/SKAI_clean_vision/build/arm_rviz/install.log'
[2.121s] Invoked command in '/home/tony/SKAI_clean_vision/src/arm_rviz' returned '0': DEBUGINFOD_URLS=https://debuginfod.ubuntu.com PYTHONPATH=/home/tony/SKAI_clean_vision/build/arm_rviz/prefix_override:/usr/lib/python3/dist-packages/colcon_core/task/python/colcon_distutils_commands:/home/tony/SKAI_clean_vision/install/arm_rviz/lib/python3.12/site-packages:${PYTHONPATH} /usr/bin/python3 -W ignore:setup.py install is deprecated -W ignore:easy_install command is deprecated setup.py egg_info --egg-base ../../build/arm_rviz build --build-base /home/tony/SKAI_clean_vision/build/arm_rviz/build install --record /home/tony/SKAI_clean_vision/build/arm_rviz/install.log --single-version-externally-managed install_data
