[0.313s] Invoking command in '/home/tony/SKAI_clean_vision/build/moveit_goal_bridge': CMAKE_PREFIX_PATH=${CMAKE_PREFIX_PATH}:/home/tony/SKAI_clean_vision/install/vision_moveit_bridge:/home/tony/SKAI_clean_vision/install/vision_gui:/home/tony/SKAI_clean_vision/install/skai_bringup:/home/tony/SKAI_clean_vision/install/red_detector:/home/tony/SKAI_clean_vision/install/mock_camera:/home/tony/SKAI_clean_vision/install/arm_rviz:/opt/ros/jazzy DEBUGINFOD_URLS=https://debuginfod.ubuntu.com /usr/bin/cmake --build /home/tony/SKAI_clean_vision/build/moveit_goal_bridge -- -j16 -l16
[0.760s] [100%] Built target moveit_goal_bridge
[0.915s] Invoked command in '/home/tony/SKAI_clean_vision/build/moveit_goal_bridge' returned '0': CMAKE_PREFIX_PATH=${CMAKE_PREFIX_PATH}:/home/tony/SKAI_clean_vision/install/vision_moveit_bridge:/home/tony/SKAI_clean_vision/install/vision_gui:/home/tony/SKAI_clean_vision/install/skai_bringup:/home/tony/SKAI_clean_vision/install/red_detector:/home/tony/SKAI_clean_vision/install/mock_camera:/home/tony/SKAI_clean_vision/install/arm_rviz:/opt/ros/jazzy DEBUGINFOD_URLS=https://debuginfod.ubuntu.com /usr/bin/cmake --build /home/tony/SKAI_clean_vision/build/moveit_goal_bridge -- -j16 -l16
[0.922s] Invoking command in '/home/tony/SKAI_clean_vision/build/moveit_goal_bridge': CMAKE_PREFIX_PATH=${CMAKE_PREFIX_PATH}:/home/tony/SKAI_clean_vision/install/vision_moveit_bridge:/home/tony/SKAI_clean_vision/install/vision_gui:/home/tony/SKAI_clean_vision/install/skai_bringup:/home/tony/SKAI_clean_vision/install/red_detector:/home/tony/SKAI_clean_vision/install/mock_camera:/home/tony/SKAI_clean_vision/install/arm_rviz:/opt/ros/jazzy DEBUGINFOD_URLS=https://debuginfod.ubuntu.com /usr/bin/cmake --install /home/tony/SKAI_clean_vision/build/moveit_goal_bridge
[0.927s] -- Install configuration: ""
[0.927s] -- Up-to-date: /home/tony/SKAI_clean_vision/install/moveit_goal_bridge/lib/moveit_goal_bridge/moveit_goal_bridge
[0.927s] -- Up-to-date: /home/tony/SKAI_clean_vision/install/moveit_goal_bridge/share/ament_index/resource_index/package_run_dependencies/moveit_goal_bridge
[0.927s] -- Up-to-date: /home/tony/SKAI_clean_vision/install/moveit_goal_bridge/share/ament_index/resource_index/parent_prefix_path/moveit_goal_bridge
[0.927s] -- Up-to-date: /home/tony/SKAI_clean_vision/install/moveit_goal_bridge/share/moveit_goal_bridge/environment/ament_prefix_path.sh
[0.927s] -- Up-to-date: /home/tony/SKAI_clean_vision/install/moveit_goal_bridge/share/moveit_goal_bridge/environment/ament_prefix_path.dsv
[0.927s] -- Up-to-date: /home/tony/SKAI_clean_vision/install/moveit_goal_bridge/share/moveit_goal_bridge/environment/path.sh
[0.927s] -- Up-to-date: /home/tony/SKAI_clean_vision/install/moveit_goal_bridge/share/moveit_goal_bridge/environment/path.dsv
[0.927s] -- Up-to-date: /home/tony/SKAI_clean_vision/install/moveit_goal_bridge/share/moveit_goal_bridge/local_setup.bash
[0.927s] -- Up-to-date: /home/tony/SKAI_clean_vision/install/moveit_goal_bridge/share/moveit_goal_bridge/local_setup.sh
[0.927s] -- Up-to-date: /home/tony/SKAI_clean_vision/install/moveit_goal_bridge/share/moveit_goal_bridge/local_setup.zsh
[0.927s] -- Up-to-date: /home/tony/SKAI_clean_vision/install/moveit_goal_bridge/share/moveit_goal_bridge/local_setup.dsv
[0.928s] -- Installing: /home/tony/SKAI_clean_vision/install/moveit_goal_bridge/share/moveit_goal_bridge/package.dsv
[0.928s] -- Up-to-date: /home/tony/SKAI_clean_vision/install/moveit_goal_bridge/share/ament_index/resource_index/packages/moveit_goal_bridge
[0.928s] -- Up-to-date: /home/tony/SKAI_clean_vision/install/moveit_goal_bridge/share/moveit_goal_bridge/cmake/moveit_goal_bridgeConfig.cmake
[0.928s] -- Up-to-date: /home/tony/SKAI_clean_vision/install/moveit_goal_bridge/share/moveit_goal_bridge/cmake/moveit_goal_bridgeConfig-version.cmake
[0.928s] -- Up-to-date: /home/tony/SKAI_clean_vision/install/moveit_goal_bridge/share/moveit_goal_bridge/package.xml
[0.934s] Invoked command in '/home/tony/SKAI_clean_vision/build/moveit_goal_bridge' returned '0': CMAKE_PREFIX_PATH=${CMAKE_PREFIX_PATH}:/home/tony/SKAI_clean_vision/install/vision_moveit_bridge:/home/tony/SKAI_clean_vision/install/vision_gui:/home/tony/SKAI_clean_vision/install/skai_bringup:/home/tony/SKAI_clean_vision/install/red_detector:/home/tony/SKAI_clean_vision/install/mock_camera:/home/tony/SKAI_clean_vision/install/arm_rviz:/opt/ros/jazzy DEBUGINFOD_URLS=https://debuginfod.ubuntu.com /usr/bin/cmake --install /home/tony/SKAI_clean_vision/build/moveit_goal_bridge
