[1.498s] Invoking command in '/home/tony/SKAI_clean_vision/src/vision_gui': DEBUGINFOD_URLS=https://debuginfod.ubuntu.com PYTHONPATH=/home/tony/SKAI_clean_vision/build/vision_gui/prefix_override:/usr/lib/python3/dist-packages/colcon_core/task/python/colcon_distutils_commands:/home/tony/SKAI_clean_vision/install/vision_gui/lib/python3.12/site-packages:${PYTHONPATH} /usr/bin/python3 -W ignore:setup.py install is deprecated -W ignore:easy_install command is deprecated setup.py egg_info --egg-base ../../build/vision_gui build --build-base /home/tony/SKAI_clean_vision/build/vision_gui/build install --record /home/tony/SKAI_clean_vision/build/vision_gui/install.log --single-version-externally-managed install_data
[1.716s] running egg_info
[1.732s] writing ../../build/vision_gui/vision_gui.egg-info/PKG-INFO
[1.732s] writing dependency_links to ../../build/vision_gui/vision_gui.egg-info/dependency_links.txt
[1.733s] writing entry points to ../../build/vision_gui/vision_gui.egg-info/entry_points.txt
[1.733s] writing requirements to ../../build/vision_gui/vision_gui.egg-info/requires.txt
[1.733s] writing top-level names to ../../build/vision_gui/vision_gui.egg-info/top_level.txt
[1.764s] reading manifest file '../../build/vision_gui/vision_gui.egg-info/SOURCES.txt'
[1.765s] writing manifest file '../../build/vision_gui/vision_gui.egg-info/SOURCES.txt'
[1.765s] running build
[1.765s] running build_py
[1.765s] running install
[1.769s] running install_lib
[1.786s] running install_data
[1.786s] running install_egg_info
[1.804s] removing '/home/tony/SKAI_clean_vision/install/vision_gui/lib/python3.12/site-packages/vision_gui-0.0.0-py3.12.egg-info' (and everything under it)
[1.804s] Copying ../../build/vision_gui/vision_gui.egg-info to /home/tony/SKAI_clean_vision/install/vision_gui/lib/python3.12/site-packages/vision_gui-0.0.0-py3.12.egg-info
[1.804s] running install_scripts
[1.916s] Installing vision_gui script to /home/tony/SKAI_clean_vision/install/vision_gui/lib/vision_gui
[1.916s] writing list of installed files to '/home/tony/SKAI_clean_vision/build/vision_gui/install.log'
[2.033s] Invoked command in '/home/tony/SKAI_clean_vision/src/vision_gui' returned '0': DEBUGINFOD_URLS=https://debuginfod.ubuntu.com PYTHONPATH=/home/tony/SKAI_clean_vision/build/vision_gui/prefix_override:/usr/lib/python3/dist-packages/colcon_core/task/python/colcon_distutils_commands:/home/tony/SKAI_clean_vision/install/vision_gui/lib/python3.12/site-packages:${PYTHONPATH} /usr/bin/python3 -W ignore:setup.py install is deprecated -W ignore:easy_install command is deprecated setup.py egg_info --egg-base ../../build/vision_gui build --build-base /home/tony/SKAI_clean_vision/build/vision_gui/build install --record /home/tony/SKAI_clean_vision/build/vision_gui/install.log --single-version-externally-managed install_data
