running egg_info
creating ../../build/vision_moveit_bridge/vision_moveit_bridge.egg-info
writing ../../build/vision_moveit_bridge/vision_moveit_bridge.egg-info/PKG-INFO
writing dependency_links to ../../build/vision_moveit_bridge/vision_moveit_bridge.egg-info/dependency_links.txt
writing entry points to ../../build/vision_moveit_bridge/vision_moveit_bridge.egg-info/entry_points.txt
writing requirements to ../../build/vision_moveit_bridge/vision_moveit_bridge.egg-info/requires.txt
writing top-level names to ../../build/vision_moveit_bridge/vision_moveit_bridge.egg-info/top_level.txt
writing manifest file '../../build/vision_moveit_bridge/vision_moveit_bridge.egg-info/SOURCES.txt'
reading manifest file '../../build/vision_moveit_bridge/vision_moveit_bridge.egg-info/SOURCES.txt'
writing manifest file '../../build/vision_moveit_bridge/vision_moveit_bridge.egg-info/SOURCES.txt'
running build
running build_py
creating /home/tony/SKAI_clean_vision/build/vision_moveit_bridge/build
creating /home/tony/SKAI_clean_vision/build/vision_moveit_bridge/build/lib
creating /home/tony/SKAI_clean_vision/build/vision_moveit_bridge/build/lib/vision_moveit_bridge
copying vision_moveit_bridge/__init__.py -> /home/tony/SKAI_clean_vision/build/vision_moveit_bridge/build/lib/vision_moveit_bridge
copying vision_moveit_bridge/vision_moveit_bridge.py -> /home/tony/SKAI_clean_vision/build/vision_moveit_bridge/build/lib/vision_moveit_bridge
running install
running install_lib
creating /home/tony/SKAI_clean_vision/install/vision_moveit_bridge/lib/python3.12/site-packages/vision_moveit_bridge
copying /home/tony/SKAI_clean_vision/build/vision_moveit_bridge/build/lib/vision_moveit_bridge/__init__.py -> /home/tony/SKAI_clean_vision/install/vision_moveit_bridge/lib/python3.12/site-packages/vision_moveit_bridge
copying /home/tony/SKAI_clean_vision/build/vision_moveit_bridge/build/lib/vision_moveit_bridge/vision_moveit_bridge.py -> /home/tony/SKAI_clean_vision/install/vision_moveit_bridge/lib/python3.12/site-packages/vision_moveit_bridge
byte-compiling /home/tony/SKAI_clean_vision/install/vision_moveit_bridge/lib/python3.12/site-packages/vision_moveit_bridge/__init__.py to __init__.cpython-312.pyc
byte-compiling /home/tony/SKAI_clean_vision/install/vision_moveit_bridge/lib/python3.12/site-packages/vision_moveit_bridge/vision_moveit_bridge.py to vision_moveit_bridge.cpython-312.pyc
running install_data
creating /home/tony/SKAI_clean_vision/install/vision_moveit_bridge/share/ament_index
creating /home/tony/SKAI_clean_vision/install/vision_moveit_bridge/share/ament_index/resource_index
creating /home/tony/SKAI_clean_vision/install/vision_moveit_bridge/share/ament_index/resource_index/packages
copying resource/vision_moveit_bridge -> /home/tony/SKAI_clean_vision/install/vision_moveit_bridge/share/ament_index/resource_index/packages
copying package.xml -> /home/tony/SKAI_clean_vision/install/vision_moveit_bridge/share/vision_moveit_bridge
running install_egg_info
Copying ../../build/vision_moveit_bridge/vision_moveit_bridge.egg-info to /home/tony/SKAI_clean_vision/install/vision_moveit_bridge/lib/python3.12/site-packages/vision_moveit_bridge-0.0.0-py3.12.egg-info
running install_scripts
Installing vision_moveit_bridge script to /home/tony/SKAI_clean_vision/install/vision_moveit_bridge/lib/vision_moveit_bridge
writing list of installed files to '/home/tony/SKAI_clean_vision/build/vision_moveit_bridge/install.log'
