running egg_info
writing ../../build/skai_bringup/skai_bringup.egg-info/PKG-INFO
writing dependency_links to ../../build/skai_bringup/skai_bringup.egg-info/dependency_links.txt
writing entry points to ../../build/skai_bringup/skai_bringup.egg-info/entry_points.txt
writing requirements to ../../build/skai_bringup/skai_bringup.egg-info/requires.txt
writing top-level names to ../../build/skai_bringup/skai_bringup.egg-info/top_level.txt
reading manifest file '../../build/skai_bringup/skai_bringup.egg-info/SOURCES.txt'
writing manifest file '../../build/skai_bringup/skai_bringup.egg-info/SOURCES.txt'
running build
running build_py
copying skai_bringup/add_leaf.py -> /home/tony/SKAI_clean_vision/build/skai_bringup/build/lib/skai_bringup
running install
running install_lib
copying /home/tony/SKAI_clean_vision/build/skai_bringup/build/lib/skai_bringup/add_leaf.py -> /home/tony/SKAI_clean_vision/install/skai_bringup/lib/python3.12/site-packages/skai_bringup
byte-compiling /home/tony/SKAI_clean_vision/install/skai_bringup/lib/python3.12/site-packages/skai_bringup/add_leaf.py to add_leaf.cpython-312.pyc
running install_data
running install_egg_info
removing '/home/tony/SKAI_clean_vision/install/skai_bringup/lib/python3.12/site-packages/skai_bringup-0.0.0-py3.12.egg-info' (and everything under it)
Copying ../../build/skai_bringup/skai_bringup.egg-info to /home/tony/SKAI_clean_vision/install/skai_bringup/lib/python3.12/site-packages/skai_bringup-0.0.0-py3.12.egg-info
running install_scripts
Installing add_leaf script to /home/tony/SKAI_clean_vision/install/skai_bringup/lib/skai_bringup
writing list of installed files to '/home/tony/SKAI_clean_vision/build/skai_bringup/install.log'
