[0.069s] DEBUG:colcon:Command line arguments: ['/usr/bin/colcon', 'build']
[0.069s] DEBUG:colcon:Parsed command line arguments: Namespace(log_base=None, log_level=None, verb_name='build', build_base='build', install_base='install', merge_install=False, symlink_install=False, test_result_base=None, continue_on_error=False, executor='parallel', parallel_workers=16, event_handlers=None, ignore_user_meta=False, metas=['./colcon.meta'], base_paths=['.'], packages_ignore=None, packages_ignore_regex=None, paths=None, packages_up_to=None, packages_up_to_regex=None, packages_above=None, packages_above_and_dependencies=None, packages_above_depth=None, packages_select_by_dep=None, packages_skip_by_dep=None, packages_skip_up_to=None, packages_select_build_failed=False, packages_skip_build_finished=False, packages_select_test_failures=False, packages_skip_test_passed=False, packages_select=None, packages_skip=None, packages_select_regex=None, packages_skip_regex=None, packages_start=None, packages_end=None, allow_overriding=[], cmake_args=None, cmake_target=None, cmake_target_skip_unavailable=False, cmake_clean_cache=False, cmake_clean_first=False, cmake_force_configure=False, ament_cmake_args=None, catkin_cmake_args=None, catkin_skip_building_tests=False, mixin_files=None, mixin=None, verb_parser=<colcon_mixin.mixin.mixin_argument.MixinArgumentDecorator object at 0x76718b1b1eb0>, verb_extension=<colcon_core.verb.build.BuildVerb object at 0x76718b106540>, main=<bound method BuildVerb.main of <colcon_core.verb.build.BuildVerb object at 0x76718b106540>>, mixin_verb=('build',))
[0.092s] Level 1:colcon.colcon_core.package_discovery:discover_packages(colcon_meta) check parameters
[0.092s] Level 1:colcon.colcon_core.package_discovery:discover_packages(recursive) check parameters
[0.092s] Level 1:colcon.colcon_core.package_discovery:discover_packages(ignore) check parameters
[0.092s] Level 1:colcon.colcon_core.package_discovery:discover_packages(path) check parameters
[0.092s] Level 1:colcon.colcon_core.package_discovery:discover_packages(colcon_meta) discover
[0.092s] Level 1:colcon.colcon_core.package_discovery:discover_packages(recursive) discover
[0.092s] INFO:colcon.colcon_core.package_discovery:Crawling recursively for packages in '/home/tony/SKAI_clean_vision'
[0.092s] Level 1:colcon.colcon_core.package_identification:_identify(.) by extensions ['ignore', 'ignore_ament_install']
[0.092s] Level 1:colcon.colcon_core.package_identification:_identify(.) by extension 'ignore'
[0.092s] Level 1:colcon.colcon_core.package_identification:_identify(.) by extension 'ignore_ament_install'
[0.092s] Level 1:colcon.colcon_core.package_identification:_identify(.) by extensions ['colcon_pkg']
[0.092s] Level 1:colcon.colcon_core.package_identification:_identify(.) by extension 'colcon_pkg'
[0.092s] Level 1:colcon.colcon_core.package_identification:_identify(.) by extensions ['colcon_meta']
[0.092s] Level 1:colcon.colcon_core.package_identification:_identify(.) by extension 'colcon_meta'
[0.092s] Level 1:colcon.colcon_core.package_identification:_identify(.) by extensions ['ros']
[0.092s] Level 1:colcon.colcon_core.package_identification:_identify(.) by extension 'ros'
[0.107s] Level 1:colcon.colcon_core.package_identification:_identify(.) by extensions ['cmake', 'python']
[0.107s] Level 1:colcon.colcon_core.package_identification:_identify(.) by extension 'cmake'
[0.107s] Level 1:colcon.colcon_core.package_identification:_identify(.) by extension 'python'
[0.107s] Level 1:colcon.colcon_core.package_identification:_identify(.) by extensions ['python_setup_py']
[0.107s] Level 1:colcon.colcon_core.package_identification:_identify(.) by extension 'python_setup_py'
[0.108s] Level 1:colcon.colcon_core.package_identification:_identify(build) by extensions ['ignore', 'ignore_ament_install']
[0.108s] Level 1:colcon.colcon_core.package_identification:_identify(build) by extension 'ignore'
[0.108s] Level 1:colcon.colcon_core.package_identification:_identify(build) ignored
[0.108s] Level 1:colcon.colcon_core.package_identification:_identify(install) by extensions ['ignore', 'ignore_ament_install']
[0.108s] Level 1:colcon.colcon_core.package_identification:_identify(install) by extension 'ignore'
[0.108s] Level 1:colcon.colcon_core.package_identification:_identify(install) ignored
[0.108s] Level 1:colcon.colcon_core.package_identification:_identify(log) by extensions ['ignore', 'ignore_ament_install']
[0.108s] Level 1:colcon.colcon_core.package_identification:_identify(log) by extension 'ignore'
[0.108s] Level 1:colcon.colcon_core.package_identification:_identify(log) ignored
[0.108s] Level 1:colcon.colcon_core.package_identification:_identify(src) by extensions ['ignore', 'ignore_ament_install']
[0.108s] Level 1:colcon.colcon_core.package_identification:_identify(src) by extension 'ignore'
[0.108s] Level 1:colcon.colcon_core.package_identification:_identify(src) by extension 'ignore_ament_install'
[0.108s] Level 1:colcon.colcon_core.package_identification:_identify(src) by extensions ['colcon_pkg']
[0.108s] Level 1:colcon.colcon_core.package_identification:_identify(src) by extension 'colcon_pkg'
[0.108s] Level 1:colcon.colcon_core.package_identification:_identify(src) by extensions ['colcon_meta']
[0.108s] Level 1:colcon.colcon_core.package_identification:_identify(src) by extension 'colcon_meta'
[0.108s] Level 1:colcon.colcon_core.package_identification:_identify(src) by extensions ['ros']
[0.108s] Level 1:colcon.colcon_core.package_identification:_identify(src) by extension 'ros'
[0.108s] Level 1:colcon.colcon_core.package_identification:_identify(src) by extensions ['cmake', 'python']
[0.108s] Level 1:colcon.colcon_core.package_identification:_identify(src) by extension 'cmake'
[0.108s] Level 1:colcon.colcon_core.package_identification:_identify(src) by extension 'python'
[0.108s] Level 1:colcon.colcon_core.package_identification:_identify(src) by extensions ['python_setup_py']
[0.108s] Level 1:colcon.colcon_core.package_identification:_identify(src) by extension 'python_setup_py'
[0.108s] Level 1:colcon.colcon_core.package_identification:_identify(src/arm_rviz) by extensions ['ignore', 'ignore_ament_install']
[0.108s] Level 1:colcon.colcon_core.package_identification:_identify(src/arm_rviz) by extension 'ignore'
[0.108s] Level 1:colcon.colcon_core.package_identification:_identify(src/arm_rviz) by extension 'ignore_ament_install'
[0.108s] Level 1:colcon.colcon_core.package_identification:_identify(src/arm_rviz) by extensions ['colcon_pkg']
[0.108s] Level 1:colcon.colcon_core.package_identification:_identify(src/arm_rviz) by extension 'colcon_pkg'
[0.108s] Level 1:colcon.colcon_core.package_identification:_identify(src/arm_rviz) by extensions ['colcon_meta']
[0.108s] Level 1:colcon.colcon_core.package_identification:_identify(src/arm_rviz) by extension 'colcon_meta'
[0.109s] Level 1:colcon.colcon_core.package_identification:_identify(src/arm_rviz) by extensions ['ros']
[0.109s] Level 1:colcon.colcon_core.package_identification:_identify(src/arm_rviz) by extension 'ros'
[0.110s] DEBUG:colcon.colcon_core.package_identification:Package 'src/arm_rviz' with type 'ros.ament_python' and name 'arm_rviz'
[0.110s] Level 1:colcon.colcon_core.package_identification:_identify(src/mock_camera) by extensions ['ignore', 'ignore_ament_install']
[0.110s] Level 1:colcon.colcon_core.package_identification:_identify(src/mock_camera) by extension 'ignore'
[0.110s] Level 1:colcon.colcon_core.package_identification:_identify(src/mock_camera) by extension 'ignore_ament_install'
[0.110s] Level 1:colcon.colcon_core.package_identification:_identify(src/mock_camera) by extensions ['colcon_pkg']
[0.110s] Level 1:colcon.colcon_core.package_identification:_identify(src/mock_camera) by extension 'colcon_pkg'
[0.110s] Level 1:colcon.colcon_core.package_identification:_identify(src/mock_camera) by extensions ['colcon_meta']
[0.110s] Level 1:colcon.colcon_core.package_identification:_identify(src/mock_camera) by extension 'colcon_meta'
[0.110s] Level 1:colcon.colcon_core.package_identification:_identify(src/mock_camera) by extensions ['ros']
[0.110s] Level 1:colcon.colcon_core.package_identification:_identify(src/mock_camera) by extension 'ros'
[0.110s] DEBUG:colcon.colcon_core.package_identification:Package 'src/mock_camera' with type 'ros.ament_python' and name 'mock_camera'
[0.110s] Level 1:colcon.colcon_core.package_identification:_identify(src/moveit_goal_bridge) by extensions ['ignore', 'ignore_ament_install']
[0.110s] Level 1:colcon.colcon_core.package_identification:_identify(src/moveit_goal_bridge) by extension 'ignore'
[0.111s] Level 1:colcon.colcon_core.package_identification:_identify(src/moveit_goal_bridge) by extension 'ignore_ament_install'
[0.111s] Level 1:colcon.colcon_core.package_identification:_identify(src/moveit_goal_bridge) by extensions ['colcon_pkg']
[0.111s] Level 1:colcon.colcon_core.package_identification:_identify(src/moveit_goal_bridge) by extension 'colcon_pkg'
[0.111s] Level 1:colcon.colcon_core.package_identification:_identify(src/moveit_goal_bridge) by extensions ['colcon_meta']
[0.111s] Level 1:colcon.colcon_core.package_identification:_identify(src/moveit_goal_bridge) by extension 'colcon_meta'
[0.111s] Level 1:colcon.colcon_core.package_identification:_identify(src/moveit_goal_bridge) by extensions ['ros']
[0.111s] Level 1:colcon.colcon_core.package_identification:_identify(src/moveit_goal_bridge) by extension 'ros'
[0.111s] DEBUG:colcon.colcon_core.package_identification:Package 'src/moveit_goal_bridge' with type 'ros.ament_cmake' and name 'moveit_goal_bridge'
[0.111s] Level 1:colcon.colcon_core.package_identification:_identify(src/red_detector) by extensions ['ignore', 'ignore_ament_install']
[0.111s] Level 1:colcon.colcon_core.package_identification:_identify(src/red_detector) by extension 'ignore'
[0.111s] Level 1:colcon.colcon_core.package_identification:_identify(src/red_detector) by extension 'ignore_ament_install'
[0.111s] Level 1:colcon.colcon_core.package_identification:_identify(src/red_detector) by extensions ['colcon_pkg']
[0.111s] Level 1:colcon.colcon_core.package_identification:_identify(src/red_detector) by extension 'colcon_pkg'
[0.111s] Level 1:colcon.colcon_core.package_identification:_identify(src/red_detector) by extensions ['colcon_meta']
[0.111s] Level 1:colcon.colcon_core.package_identification:_identify(src/red_detector) by extension 'colcon_meta'
[0.111s] Level 1:colcon.colcon_core.package_identification:_identify(src/red_detector) by extensions ['ros']
[0.111s] Level 1:colcon.colcon_core.package_identification:_identify(src/red_detector) by extension 'ros'
[0.111s] DEBUG:colcon.colcon_core.package_identification:Package 'src/red_detector' with type 'ros.ament_python' and name 'red_detector'
[0.112s] Level 1:colcon.colcon_core.package_identification:_identify(src/skai_bringup) by extensions ['ignore', 'ignore_ament_install']
[0.112s] Level 1:colcon.colcon_core.package_identification:_identify(src/skai_bringup) by extension 'ignore'
[0.112s] Level 1:colcon.colcon_core.package_identification:_identify(src/skai_bringup) by extension 'ignore_ament_install'
[0.112s] Level 1:colcon.colcon_core.package_identification:_identify(src/skai_bringup) by extensions ['colcon_pkg']
[0.112s] Level 1:colcon.colcon_core.package_identification:_identify(src/skai_bringup) by extension 'colcon_pkg'
[0.112s] Level 1:colcon.colcon_core.package_identification:_identify(src/skai_bringup) by extensions ['colcon_meta']
[0.112s] Level 1:colcon.colcon_core.package_identification:_identify(src/skai_bringup) by extension 'colcon_meta'
[0.112s] Level 1:colcon.colcon_core.package_identification:_identify(src/skai_bringup) by extensions ['ros']
[0.112s] Level 1:colcon.colcon_core.package_identification:_identify(src/skai_bringup) by extension 'ros'
[0.112s] DEBUG:colcon.colcon_core.package_identification:Package 'src/skai_bringup' with type 'ros.ament_python' and name 'skai_bringup'
[0.112s] Level 1:colcon.colcon_core.package_identification:_identify(src/skai_hardware_v2) by extensions ['ignore', 'ignore_ament_install']
[0.112s] Level 1:colcon.colcon_core.package_identification:_identify(src/skai_hardware_v2) by extension 'ignore'
[0.112s] Level 1:colcon.colcon_core.package_identification:_identify(src/skai_hardware_v2) by extension 'ignore_ament_install'
[0.112s] Level 1:colcon.colcon_core.package_identification:_identify(src/skai_hardware_v2) by extensions ['colcon_pkg']
[0.112s] Level 1:colcon.colcon_core.package_identification:_identify(src/skai_hardware_v2) by extension 'colcon_pkg'
[0.112s] Level 1:colcon.colcon_core.package_identification:_identify(src/skai_hardware_v2) by extensions ['colcon_meta']
[0.112s] Level 1:colcon.colcon_core.package_identification:_identify(src/skai_hardware_v2) by extension 'colcon_meta'
[0.112s] Level 1:colcon.colcon_core.package_identification:_identify(src/skai_hardware_v2) by extensions ['ros']
[0.112s] Level 1:colcon.colcon_core.package_identification:_identify(src/skai_hardware_v2) by extension 'ros'
[0.113s] DEBUG:colcon.colcon_core.package_identification:Package 'src/skai_hardware_v2' with type 'ros.ament_cmake' and name 'skai_hardware_v2'
[0.113s] Level 1:colcon.colcon_core.package_identification:_identify(src/skai_moveit_config) by extensions ['ignore', 'ignore_ament_install']
[0.113s] Level 1:colcon.colcon_core.package_identification:_identify(src/skai_moveit_config) by extension 'ignore'
[0.113s] Level 1:colcon.colcon_core.package_identification:_identify(src/skai_moveit_config) by extension 'ignore_ament_install'
[0.113s] Level 1:colcon.colcon_core.package_identification:_identify(src/skai_moveit_config) by extensions ['colcon_pkg']
[0.113s] Level 1:colcon.colcon_core.package_identification:_identify(src/skai_moveit_config) by extension 'colcon_pkg'
[0.113s] Level 1:colcon.colcon_core.package_identification:_identify(src/skai_moveit_config) by extensions ['colcon_meta']
[0.113s] Level 1:colcon.colcon_core.package_identification:_identify(src/skai_moveit_config) by extension 'colcon_meta'
[0.113s] Level 1:colcon.colcon_core.package_identification:_identify(src/skai_moveit_config) by extensions ['ros']
[0.113s] Level 1:colcon.colcon_core.package_identification:_identify(src/skai_moveit_config) by extension 'ros'
[0.113s] DEBUG:colcon.colcon_core.package_identification:Package 'src/skai_moveit_config' with type 'ros.ament_cmake' and name 'skai_moveit_config'
[0.113s] Level 1:colcon.colcon_core.package_identification:_identify(src/vision_gui) by extensions ['ignore', 'ignore_ament_install']
[0.113s] Level 1:colcon.colcon_core.package_identification:_identify(src/vision_gui) by extension 'ignore'
[0.113s] Level 1:colcon.colcon_core.package_identification:_identify(src/vision_gui) by extension 'ignore_ament_install'
[0.113s] Level 1:colcon.colcon_core.package_identification:_identify(src/vision_gui) by extensions ['colcon_pkg']
[0.113s] Level 1:colcon.colcon_core.package_identification:_identify(src/vision_gui) by extension 'colcon_pkg'
[0.113s] Level 1:colcon.colcon_core.package_identification:_identify(src/vision_gui) by extensions ['colcon_meta']
[0.114s] Level 1:colcon.colcon_core.package_identification:_identify(src/vision_gui) by extension 'colcon_meta'
[0.114s] Level 1:colcon.colcon_core.package_identification:_identify(src/vision_gui) by extensions ['ros']
[0.114s] Level 1:colcon.colcon_core.package_identification:_identify(src/vision_gui) by extension 'ros'
[0.114s] DEBUG:colcon.colcon_core.package_identification:Package 'src/vision_gui' with type 'ros.ament_python' and name 'vision_gui'
[0.114s] Level 1:colcon.colcon_core.package_identification:_identify(src/vision_moveit_bridge) by extensions ['ignore', 'ignore_ament_install']
[0.114s] Level 1:colcon.colcon_core.package_identification:_identify(src/vision_moveit_bridge) by extension 'ignore'
[0.114s] Level 1:colcon.colcon_core.package_identification:_identify(src/vision_moveit_bridge) by extension 'ignore_ament_install'
[0.114s] Level 1:colcon.colcon_core.package_identification:_identify(src/vision_moveit_bridge) by extensions ['colcon_pkg']
[0.114s] Level 1:colcon.colcon_core.package_identification:_identify(src/vision_moveit_bridge) by extension 'colcon_pkg'
[0.114s] Level 1:colcon.colcon_core.package_identification:_identify(src/vision_moveit_bridge) by extensions ['colcon_meta']
[0.114s] Level 1:colcon.colcon_core.package_identification:_identify(src/vision_moveit_bridge) by extension 'colcon_meta'
[0.114s] Level 1:colcon.colcon_core.package_identification:_identify(src/vision_moveit_bridge) by extensions ['ros']
[0.114s] Level 1:colcon.colcon_core.package_identification:_identify(src/vision_moveit_bridge) by extension 'ros'
[0.114s] DEBUG:colcon.colcon_core.package_identification:Package 'src/vision_moveit_bridge' with type 'ros.ament_python' and name 'vision_moveit_bridge'
[0.114s] Level 1:colcon.colcon_core.package_discovery:discover_packages(recursive) using defaults
[0.114s] Level 1:colcon.colcon_core.package_discovery:discover_packages(ignore) discover
[0.114s] Level 1:colcon.colcon_core.package_discovery:discover_packages(ignore) using defaults
[0.114s] Level 1:colcon.colcon_core.package_discovery:discover_packages(path) discover
[0.114s] Level 1:colcon.colcon_core.package_discovery:discover_packages(path) using defaults
[0.126s] Level 1:colcon.colcon_core.package_discovery:discover_packages(prefix_path) check parameters
[0.126s] Level 1:colcon.colcon_core.package_discovery:discover_packages(prefix_path) discover
[0.127s] DEBUG:colcon.colcon_installed_package_information.package_discovery:Found 9 installed packages in /home/tony/SKAI_clean_vision/install
[0.128s] DEBUG:colcon.colcon_installed_package_information.package_discovery:Found 454 installed packages in /opt/ros/jazzy
[0.129s] Level 1:colcon.colcon_core.package_discovery:discover_packages(prefix_path) using defaults
[0.163s] Level 5:colcon.colcon_core.verb:set package 'arm_rviz' build argument 'cmake_args' from command line to 'None'
[0.163s] Level 5:colcon.colcon_core.verb:set package 'arm_rviz' build argument 'cmake_target' from command line to 'None'
[0.163s] Level 5:colcon.colcon_core.verb:set package 'arm_rviz' build argument 'cmake_target_skip_unavailable' from command line to 'False'
[0.163s] Level 5:colcon.colcon_core.verb:set package 'arm_rviz' build argument 'cmake_clean_cache' from command line to 'False'
[0.163s] Level 5:colcon.colcon_core.verb:set package 'arm_rviz' build argument 'cmake_clean_first' from command line to 'False'
[0.163s] Level 5:colcon.colcon_core.verb:set package 'arm_rviz' build argument 'cmake_force_configure' from command line to 'False'
[0.163s] Level 5:colcon.colcon_core.verb:set package 'arm_rviz' build argument 'ament_cmake_args' from command line to 'None'
[0.163s] Level 5:colcon.colcon_core.verb:set package 'arm_rviz' build argument 'catkin_cmake_args' from command line to 'None'
[0.163s] Level 5:colcon.colcon_core.verb:set package 'arm_rviz' build argument 'catkin_skip_building_tests' from command line to 'False'
[0.163s] DEBUG:colcon.colcon_core.verb:Building package 'arm_rviz' with the following arguments: {'ament_cmake_args': None, 'build_base': '/home/tony/SKAI_clean_vision/build/arm_rviz', 'catkin_cmake_args': None, 'catkin_skip_building_tests': False, 'cmake_args': None, 'cmake_clean_cache': False, 'cmake_clean_first': False, 'cmake_force_configure': False, 'cmake_target': None, 'cmake_target_skip_unavailable': False, 'install_base': '/home/tony/SKAI_clean_vision/install/arm_rviz', 'merge_install': False, 'path': '/home/tony/SKAI_clean_vision/src/arm_rviz', 'symlink_install': False, 'test_result_base': None}
[0.164s] Level 5:colcon.colcon_core.verb:set package 'mock_camera' build argument 'cmake_args' from command line to 'None'
[0.164s] Level 5:colcon.colcon_core.verb:set package 'mock_camera' build argument 'cmake_target' from command line to 'None'
[0.164s] Level 5:colcon.colcon_core.verb:set package 'mock_camera' build argument 'cmake_target_skip_unavailable' from command line to 'False'
[0.164s] Level 5:colcon.colcon_core.verb:set package 'mock_camera' build argument 'cmake_clean_cache' from command line to 'False'
[0.164s] Level 5:colcon.colcon_core.verb:set package 'mock_camera' build argument 'cmake_clean_first' from command line to 'False'
[0.164s] Level 5:colcon.colcon_core.verb:set package 'mock_camera' build argument 'cmake_force_configure' from command line to 'False'
[0.164s] Level 5:colcon.colcon_core.verb:set package 'mock_camera' build argument 'ament_cmake_args' from command line to 'None'
[0.164s] Level 5:colcon.colcon_core.verb:set package 'mock_camera' build argument 'catkin_cmake_args' from command line to 'None'
[0.164s] Level 5:colcon.colcon_core.verb:set package 'mock_camera' build argument 'catkin_skip_building_tests' from command line to 'False'
[0.164s] DEBUG:colcon.colcon_core.verb:Building package 'mock_camera' with the following arguments: {'ament_cmake_args': None, 'build_base': '/home/tony/SKAI_clean_vision/build/mock_camera', 'catkin_cmake_args': None, 'catkin_skip_building_tests': False, 'cmake_args': None, 'cmake_clean_cache': False, 'cmake_clean_first': False, 'cmake_force_configure': False, 'cmake_target': None, 'cmake_target_skip_unavailable': False, 'install_base': '/home/tony/SKAI_clean_vision/install/mock_camera', 'merge_install': False, 'path': '/home/tony/SKAI_clean_vision/src/mock_camera', 'symlink_install': False, 'test_result_base': None}
[0.164s] Level 5:colcon.colcon_core.verb:set package 'moveit_goal_bridge' build argument 'cmake_args' from command line to 'None'
[0.164s] Level 5:colcon.colcon_core.verb:set package 'moveit_goal_bridge' build argument 'cmake_target' from command line to 'None'
[0.164s] Level 5:colcon.colcon_core.verb:set package 'moveit_goal_bridge' build argument 'cmake_target_skip_unavailable' from command line to 'False'
[0.164s] Level 5:colcon.colcon_core.verb:set package 'moveit_goal_bridge' build argument 'cmake_clean_cache' from command line to 'False'
[0.164s] Level 5:colcon.colcon_core.verb:set package 'moveit_goal_bridge' build argument 'cmake_clean_first' from command line to 'False'
[0.164s] Level 5:colcon.colcon_core.verb:set package 'moveit_goal_bridge' build argument 'cmake_force_configure' from command line to 'False'
[0.164s] Level 5:colcon.colcon_core.verb:set package 'moveit_goal_bridge' build argument 'ament_cmake_args' from command line to 'None'
[0.164s] Level 5:colcon.colcon_core.verb:set package 'moveit_goal_bridge' build argument 'catkin_cmake_args' from command line to 'None'
[0.164s] Level 5:colcon.colcon_core.verb:set package 'moveit_goal_bridge' build argument 'catkin_skip_building_tests' from command line to 'False'
[0.164s] DEBUG:colcon.colcon_core.verb:Building package 'moveit_goal_bridge' with the following arguments: {'ament_cmake_args': None, 'build_base': '/home/tony/SKAI_clean_vision/build/moveit_goal_bridge', 'catkin_cmake_args': None, 'catkin_skip_building_tests': False, 'cmake_args': None, 'cmake_clean_cache': False, 'cmake_clean_first': False, 'cmake_force_configure': False, 'cmake_target': None, 'cmake_target_skip_unavailable': False, 'install_base': '/home/tony/SKAI_clean_vision/install/moveit_goal_bridge', 'merge_install': False, 'path': '/home/tony/SKAI_clean_vision/src/moveit_goal_bridge', 'symlink_install': False, 'test_result_base': None}
[0.164s] Level 5:colcon.colcon_core.verb:set package 'red_detector' build argument 'cmake_args' from command line to 'None'
[0.164s] Level 5:colcon.colcon_core.verb:set package 'red_detector' build argument 'cmake_target' from command line to 'None'
[0.164s] Level 5:colcon.colcon_core.verb:set package 'red_detector' build argument 'cmake_target_skip_unavailable' from command line to 'False'
[0.164s] Level 5:colcon.colcon_core.verb:set package 'red_detector' build argument 'cmake_clean_cache' from command line to 'False'
[0.164s] Level 5:colcon.colcon_core.verb:set package 'red_detector' build argument 'cmake_clean_first' from command line to 'False'
[0.164s] Level 5:colcon.colcon_core.verb:set package 'red_detector' build argument 'cmake_force_configure' from command line to 'False'
[0.164s] Level 5:colcon.colcon_core.verb:set package 'red_detector' build argument 'ament_cmake_args' from command line to 'None'
[0.164s] Level 5:colcon.colcon_core.verb:set package 'red_detector' build argument 'catkin_cmake_args' from command line to 'None'
[0.164s] Level 5:colcon.colcon_core.verb:set package 'red_detector' build argument 'catkin_skip_building_tests' from command line to 'False'
[0.164s] DEBUG:colcon.colcon_core.verb:Building package 'red_detector' with the following arguments: {'ament_cmake_args': None, 'build_base': '/home/tony/SKAI_clean_vision/build/red_detector', 'catkin_cmake_args': None, 'catkin_skip_building_tests': False, 'cmake_args': None, 'cmake_clean_cache': False, 'cmake_clean_first': False, 'cmake_force_configure': False, 'cmake_target': None, 'cmake_target_skip_unavailable': False, 'install_base': '/home/tony/SKAI_clean_vision/install/red_detector', 'merge_install': False, 'path': '/home/tony/SKAI_clean_vision/src/red_detector', 'symlink_install': False, 'test_result_base': None}
[0.164s] Level 5:colcon.colcon_core.verb:set package 'skai_bringup' build argument 'cmake_args' from command line to 'None'
[0.164s] Level 5:colcon.colcon_core.verb:set package 'skai_bringup' build argument 'cmake_target' from command line to 'None'
[0.164s] Level 5:colcon.colcon_core.verb:set package 'skai_bringup' build argument 'cmake_target_skip_unavailable' from command line to 'False'
[0.164s] Level 5:colcon.colcon_core.verb:set package 'skai_bringup' build argument 'cmake_clean_cache' from command line to 'False'
[0.164s] Level 5:colcon.colcon_core.verb:set package 'skai_bringup' build argument 'cmake_clean_first' from command line to 'False'
[0.164s] Level 5:colcon.colcon_core.verb:set package 'skai_bringup' build argument 'cmake_force_configure' from command line to 'False'
[0.164s] Level 5:colcon.colcon_core.verb:set package 'skai_bringup' build argument 'ament_cmake_args' from command line to 'None'
[0.164s] Level 5:colcon.colcon_core.verb:set package 'skai_bringup' build argument 'catkin_cmake_args' from command line to 'None'
[0.164s] Level 5:colcon.colcon_core.verb:set package 'skai_bringup' build argument 'catkin_skip_building_tests' from command line to 'False'
[0.164s] DEBUG:colcon.colcon_core.verb:Building package 'skai_bringup' with the following arguments: {'ament_cmake_args': None, 'build_base': '/home/tony/SKAI_clean_vision/build/skai_bringup', 'catkin_cmake_args': None, 'catkin_skip_building_tests': False, 'cmake_args': None, 'cmake_clean_cache': False, 'cmake_clean_first': False, 'cmake_force_configure': False, 'cmake_target': None, 'cmake_target_skip_unavailable': False, 'install_base': '/home/tony/SKAI_clean_vision/install/skai_bringup', 'merge_install': False, 'path': '/home/tony/SKAI_clean_vision/src/skai_bringup', 'symlink_install': False, 'test_result_base': None}
[0.164s] Level 5:colcon.colcon_core.verb:set package 'skai_hardware_v2' build argument 'cmake_args' from command line to 'None'
[0.165s] Level 5:colcon.colcon_core.verb:set package 'skai_hardware_v2' build argument 'cmake_target' from command line to 'None'
[0.165s] Level 5:colcon.colcon_core.verb:set package 'skai_hardware_v2' build argument 'cmake_target_skip_unavailable' from command line to 'False'
[0.165s] Level 5:colcon.colcon_core.verb:set package 'skai_hardware_v2' build argument 'cmake_clean_cache' from command line to 'False'
[0.165s] Level 5:colcon.colcon_core.verb:set package 'skai_hardware_v2' build argument 'cmake_clean_first' from command line to 'False'
[0.165s] Level 5:colcon.colcon_core.verb:set package 'skai_hardware_v2' build argument 'cmake_force_configure' from command line to 'False'
[0.165s] Level 5:colcon.colcon_core.verb:set package 'skai_hardware_v2' build argument 'ament_cmake_args' from command line to 'None'
[0.165s] Level 5:colcon.colcon_core.verb:set package 'skai_hardware_v2' build argument 'catkin_cmake_args' from command line to 'None'
[0.165s] Level 5:colcon.colcon_core.verb:set package 'skai_hardware_v2' build argument 'catkin_skip_building_tests' from command line to 'False'
[0.165s] DEBUG:colcon.colcon_core.verb:Building package 'skai_hardware_v2' with the following arguments: {'ament_cmake_args': None, 'build_base': '/home/tony/SKAI_clean_vision/build/skai_hardware_v2', 'catkin_cmake_args': None, 'catkin_skip_building_tests': False, 'cmake_args': None, 'cmake_clean_cache': False, 'cmake_clean_first': False, 'cmake_force_configure': False, 'cmake_target': None, 'cmake_target_skip_unavailable': False, 'install_base': '/home/tony/SKAI_clean_vision/install/skai_hardware_v2', 'merge_install': False, 'path': '/home/tony/SKAI_clean_vision/src/skai_hardware_v2', 'symlink_install': False, 'test_result_base': None}
[0.165s] Level 5:colcon.colcon_core.verb:set package 'vision_gui' build argument 'cmake_args' from command line to 'None'
[0.165s] Level 5:colcon.colcon_core.verb:set package 'vision_gui' build argument 'cmake_target' from command line to 'None'
[0.165s] Level 5:colcon.colcon_core.verb:set package 'vision_gui' build argument 'cmake_target_skip_unavailable' from command line to 'False'
[0.165s] Level 5:colcon.colcon_core.verb:set package 'vision_gui' build argument 'cmake_clean_cache' from command line to 'False'
[0.165s] Level 5:colcon.colcon_core.verb:set package 'vision_gui' build argument 'cmake_clean_first' from command line to 'False'
[0.165s] Level 5:colcon.colcon_core.verb:set package 'vision_gui' build argument 'cmake_force_configure' from command line to 'False'
[0.165s] Level 5:colcon.colcon_core.verb:set package 'vision_gui' build argument 'ament_cmake_args' from command line to 'None'
[0.165s] Level 5:colcon.colcon_core.verb:set package 'vision_gui' build argument 'catkin_cmake_args' from command line to 'None'
[0.165s] Level 5:colcon.colcon_core.verb:set package 'vision_gui' build argument 'catkin_skip_building_tests' from command line to 'False'
[0.165s] DEBUG:colcon.colcon_core.verb:Building package 'vision_gui' with the following arguments: {'ament_cmake_args': None, 'build_base': '/home/tony/SKAI_clean_vision/build/vision_gui', 'catkin_cmake_args': None, 'catkin_skip_building_tests': False, 'cmake_args': None, 'cmake_clean_cache': False, 'cmake_clean_first': False, 'cmake_force_configure': False, 'cmake_target': None, 'cmake_target_skip_unavailable': False, 'install_base': '/home/tony/SKAI_clean_vision/install/vision_gui', 'merge_install': False, 'path': '/home/tony/SKAI_clean_vision/src/vision_gui', 'symlink_install': False, 'test_result_base': None}
[0.165s] Level 5:colcon.colcon_core.verb:set package 'vision_moveit_bridge' build argument 'cmake_args' from command line to 'None'
[0.165s] Level 5:colcon.colcon_core.verb:set package 'vision_moveit_bridge' build argument 'cmake_target' from command line to 'None'
[0.165s] Level 5:colcon.colcon_core.verb:set package 'vision_moveit_bridge' build argument 'cmake_target_skip_unavailable' from command line to 'False'
[0.165s] Level 5:colcon.colcon_core.verb:set package 'vision_moveit_bridge' build argument 'cmake_clean_cache' from command line to 'False'
[0.165s] Level 5:colcon.colcon_core.verb:set package 'vision_moveit_bridge' build argument 'cmake_clean_first' from command line to 'False'
[0.165s] Level 5:colcon.colcon_core.verb:set package 'vision_moveit_bridge' build argument 'cmake_force_configure' from command line to 'False'
[0.165s] Level 5:colcon.colcon_core.verb:set package 'vision_moveit_bridge' build argument 'ament_cmake_args' from command line to 'None'
[0.165s] Level 5:colcon.colcon_core.verb:set package 'vision_moveit_bridge' build argument 'catkin_cmake_args' from command line to 'None'
[0.165s] Level 5:colcon.colcon_core.verb:set package 'vision_moveit_bridge' build argument 'catkin_skip_building_tests' from command line to 'False'
[0.165s] DEBUG:colcon.colcon_core.verb:Building package 'vision_moveit_bridge' with the following arguments: {'ament_cmake_args': None, 'build_base': '/home/tony/SKAI_clean_vision/build/vision_moveit_bridge', 'catkin_cmake_args': None, 'catkin_skip_building_tests': False, 'cmake_args': None, 'cmake_clean_cache': False, 'cmake_clean_first': False, 'cmake_force_configure': False, 'cmake_target': None, 'cmake_target_skip_unavailable': False, 'install_base': '/home/tony/SKAI_clean_vision/install/vision_moveit_bridge', 'merge_install': False, 'path': '/home/tony/SKAI_clean_vision/src/vision_moveit_bridge', 'symlink_install': False, 'test_result_base': None}
[0.165s] Level 5:colcon.colcon_core.verb:set package 'skai_moveit_config' build argument 'cmake_args' from command line to 'None'
[0.165s] Level 5:colcon.colcon_core.verb:set package 'skai_moveit_config' build argument 'cmake_target' from command line to 'None'
[0.165s] Level 5:colcon.colcon_core.verb:set package 'skai_moveit_config' build argument 'cmake_target_skip_unavailable' from command line to 'False'
[0.165s] Level 5:colcon.colcon_core.verb:set package 'skai_moveit_config' build argument 'cmake_clean_cache' from command line to 'False'
[0.165s] Level 5:colcon.colcon_core.verb:set package 'skai_moveit_config' build argument 'cmake_clean_first' from command line to 'False'
[0.165s] Level 5:colcon.colcon_core.verb:set package 'skai_moveit_config' build argument 'cmake_force_configure' from command line to 'False'
[0.165s] Level 5:colcon.colcon_core.verb:set package 'skai_moveit_config' build argument 'ament_cmake_args' from command line to 'None'
[0.165s] Level 5:colcon.colcon_core.verb:set package 'skai_moveit_config' build argument 'catkin_cmake_args' from command line to 'None'
[0.165s] Level 5:colcon.colcon_core.verb:set package 'skai_moveit_config' build argument 'catkin_skip_building_tests' from command line to 'False'
[0.165s] DEBUG:colcon.colcon_core.verb:Building package 'skai_moveit_config' with the following arguments: {'ament_cmake_args': None, 'build_base': '/home/tony/SKAI_clean_vision/build/skai_moveit_config', 'catkin_cmake_args': None, 'catkin_skip_building_tests': False, 'cmake_args': None, 'cmake_clean_cache': False, 'cmake_clean_first': False, 'cmake_force_configure': False, 'cmake_target': None, 'cmake_target_skip_unavailable': False, 'install_base': '/home/tony/SKAI_clean_vision/install/skai_moveit_config', 'merge_install': False, 'path': '/home/tony/SKAI_clean_vision/src/skai_moveit_config', 'symlink_install': False, 'test_result_base': None}
[0.165s] INFO:colcon.colcon_core.executor:Executing jobs using 'parallel' executor
[0.166s] DEBUG:colcon.colcon_parallel_executor.executor.parallel:run_until_complete
[0.166s] INFO:colcon.colcon_ros.task.ament_python.build:Building ROS package in '/home/tony/SKAI_clean_vision/src/arm_rviz' with build type 'ament_python'
[0.166s] Level 1:colcon.colcon_core.shell:create_environment_hook('arm_rviz', 'ament_prefix_path')
[0.167s] INFO:colcon.colcon_core.plugin_system:Skipping extension 'colcon_core.shell.bat': Not used on non-Windows systems
[0.168s] INFO:colcon.colcon_core.shell:Creating environment hook '/home/tony/SKAI_clean_vision/install/arm_rviz/share/arm_rviz/hook/ament_prefix_path.ps1'
[0.168s] INFO:colcon.colcon_core.shell:Creating environment descriptor '/home/tony/SKAI_clean_vision/install/arm_rviz/share/arm_rviz/hook/ament_prefix_path.dsv'
[0.168s] INFO:colcon.colcon_core.shell:Creating environment hook '/home/tony/SKAI_clean_vision/install/arm_rviz/share/arm_rviz/hook/ament_prefix_path.sh'
[0.169s] INFO:colcon.colcon_core.shell:Skip shell extension 'powershell' for command environment: Not usable outside of PowerShell
[0.169s] DEBUG:colcon.colcon_core.shell:Skip shell extension 'dsv' for command environment
[0.172s] INFO:colcon.colcon_ros.task.ament_python.build:Building ROS package in '/home/tony/SKAI_clean_vision/src/mock_camera' with build type 'ament_python'
[0.172s] Level 1:colcon.colcon_core.shell:create_environment_hook('mock_camera', 'ament_prefix_path')
[0.172s] INFO:colcon.colcon_core.shell:Creating environment hook '/home/tony/SKAI_clean_vision/install/mock_camera/share/mock_camera/hook/ament_prefix_path.ps1'
[0.172s] INFO:colcon.colcon_core.shell:Creating environment descriptor '/home/tony/SKAI_clean_vision/install/mock_camera/share/mock_camera/hook/ament_prefix_path.dsv'
[0.172s] INFO:colcon.colcon_core.shell:Creating environment hook '/home/tony/SKAI_clean_vision/install/mock_camera/share/mock_camera/hook/ament_prefix_path.sh'
[0.173s] INFO:colcon.colcon_core.shell:Skip shell extension 'powershell' for command environment: Not usable outside of PowerShell
[0.173s] DEBUG:colcon.colcon_core.shell:Skip shell extension 'dsv' for command environment
[0.175s] INFO:colcon.colcon_ros.task.ament_cmake.build:Building ROS package in '/home/tony/SKAI_clean_vision/src/moveit_goal_bridge' with build type 'ament_cmake'
[0.175s] INFO:colcon.colcon_cmake.task.cmake.build:Building CMake package in '/home/tony/SKAI_clean_vision/src/moveit_goal_bridge'
[0.175s] INFO:colcon.colcon_core.shell:Skip shell extension 'powershell' for command environment: Not usable outside of PowerShell
[0.175s] DEBUG:colcon.colcon_core.shell:Skip shell extension 'dsv' for command environment
[0.178s] INFO:colcon.colcon_ros.task.ament_python.build:Building ROS package in '/home/tony/SKAI_clean_vision/src/red_detector' with build type 'ament_python'
[0.178s] Level 1:colcon.colcon_core.shell:create_environment_hook('red_detector', 'ament_prefix_path')
[0.178s] INFO:colcon.colcon_core.shell:Creating environment hook '/home/tony/SKAI_clean_vision/install/red_detector/share/red_detector/hook/ament_prefix_path.ps1'
[0.179s] INFO:colcon.colcon_core.shell:Creating environment descriptor '/home/tony/SKAI_clean_vision/install/red_detector/share/red_detector/hook/ament_prefix_path.dsv'
[0.179s] INFO:colcon.colcon_core.shell:Creating environment hook '/home/tony/SKAI_clean_vision/install/red_detector/share/red_detector/hook/ament_prefix_path.sh'
[0.179s] INFO:colcon.colcon_core.shell:Skip shell extension 'powershell' for command environment: Not usable outside of PowerShell
[0.179s] DEBUG:colcon.colcon_core.shell:Skip shell extension 'dsv' for command environment
[0.182s] INFO:colcon.colcon_ros.task.ament_python.build:Building ROS package in '/home/tony/SKAI_clean_vision/src/skai_bringup' with build type 'ament_python'
[0.182s] Level 1:colcon.colcon_core.shell:create_environment_hook('skai_bringup', 'ament_prefix_path')
[0.182s] INFO:colcon.colcon_core.shell:Creating environment hook '/home/tony/SKAI_clean_vision/install/skai_bringup/share/skai_bringup/hook/ament_prefix_path.ps1'
[0.182s] INFO:colcon.colcon_core.shell:Creating environment descriptor '/home/tony/SKAI_clean_vision/install/skai_bringup/share/skai_bringup/hook/ament_prefix_path.dsv'
[0.182s] INFO:colcon.colcon_core.shell:Creating environment hook '/home/tony/SKAI_clean_vision/install/skai_bringup/share/skai_bringup/hook/ament_prefix_path.sh'
[0.182s] INFO:colcon.colcon_core.shell:Skip shell extension 'powershell' for command environment: Not usable outside of PowerShell
[0.183s] DEBUG:colcon.colcon_core.shell:Skip shell extension 'dsv' for command environment
[0.185s] INFO:colcon.colcon_ros.task.ament_cmake.build:Building ROS package in '/home/tony/SKAI_clean_vision/src/skai_hardware_v2' with build type 'ament_cmake'
[0.185s] INFO:colcon.colcon_cmake.task.cmake.build:Building CMake package in '/home/tony/SKAI_clean_vision/src/skai_hardware_v2'
[0.185s] INFO:colcon.colcon_core.shell:Skip shell extension 'powershell' for command environment: Not usable outside of PowerShell
[0.185s] DEBUG:colcon.colcon_core.shell:Skip shell extension 'dsv' for command environment
[0.187s] INFO:colcon.colcon_ros.task.ament_python.build:Building ROS package in '/home/tony/SKAI_clean_vision/src/vision_gui' with build type 'ament_python'
[0.188s] Level 1:colcon.colcon_core.shell:create_environment_hook('vision_gui', 'ament_prefix_path')
[0.188s] INFO:colcon.colcon_core.shell:Creating environment hook '/home/tony/SKAI_clean_vision/install/vision_gui/share/vision_gui/hook/ament_prefix_path.ps1'
[0.188s] INFO:colcon.colcon_core.shell:Creating environment descriptor '/home/tony/SKAI_clean_vision/install/vision_gui/share/vision_gui/hook/ament_prefix_path.dsv'
[0.188s] INFO:colcon.colcon_core.shell:Creating environment hook '/home/tony/SKAI_clean_vision/install/vision_gui/share/vision_gui/hook/ament_prefix_path.sh'
[0.188s] INFO:colcon.colcon_core.shell:Skip shell extension 'powershell' for command environment: Not usable outside of PowerShell
[0.188s] DEBUG:colcon.colcon_core.shell:Skip shell extension 'dsv' for command environment
[0.191s] INFO:colcon.colcon_ros.task.ament_python.build:Building ROS package in '/home/tony/SKAI_clean_vision/src/vision_moveit_bridge' with build type 'ament_python'
[0.191s] Level 1:colcon.colcon_core.shell:create_environment_hook('vision_moveit_bridge', 'ament_prefix_path')
[0.191s] INFO:colcon.colcon_core.shell:Creating environment hook '/home/tony/SKAI_clean_vision/install/vision_moveit_bridge/share/vision_moveit_bridge/hook/ament_prefix_path.ps1'
[0.192s] INFO:colcon.colcon_core.shell:Creating environment descriptor '/home/tony/SKAI_clean_vision/install/vision_moveit_bridge/share/vision_moveit_bridge/hook/ament_prefix_path.dsv'
[0.192s] INFO:colcon.colcon_core.shell:Creating environment hook '/home/tony/SKAI_clean_vision/install/vision_moveit_bridge/share/vision_moveit_bridge/hook/ament_prefix_path.sh'
[0.192s] INFO:colcon.colcon_core.shell:Skip shell extension 'powershell' for command environment: Not usable outside of PowerShell
[0.192s] DEBUG:colcon.colcon_core.shell:Skip shell extension 'dsv' for command environment
[0.340s] INFO:colcon.colcon_core.task.python.build:Building Python package in '/home/tony/SKAI_clean_vision/src/arm_rviz'
[0.340s] INFO:colcon.colcon_core.shell:Skip shell extension 'powershell' for command environment: Not usable outside of PowerShell
[0.340s] DEBUG:colcon.colcon_core.shell:Skip shell extension 'dsv' for command environment
[0.484s] INFO:colcon.colcon_core.task.python.build:Building Python package in '/home/tony/SKAI_clean_vision/src/mock_camera'
[0.484s] INFO:colcon.colcon_core.shell:Skip shell extension 'powershell' for command environment: Not usable outside of PowerShell
[0.484s] DEBUG:colcon.colcon_core.shell:Skip shell extension 'dsv' for command environment
[0.489s] DEBUG:colcon.colcon_core.event_handler.log_command:Invoking command in '/home/tony/SKAI_clean_vision/build/moveit_goal_bridge': CMAKE_PREFIX_PATH=${CMAKE_PREFIX_PATH}:/home/tony/SKAI_clean_vision/install/vision_moveit_bridge:/home/tony/SKAI_clean_vision/install/vision_gui:/home/tony/SKAI_clean_vision/install/skai_bringup:/home/tony/SKAI_clean_vision/install/red_detector:/home/tony/SKAI_clean_vision/install/mock_camera:/home/tony/SKAI_clean_vision/install/arm_rviz:/opt/ros/jazzy DEBUGINFOD_URLS=https://debuginfod.ubuntu.com /usr/bin/cmake --build /home/tony/SKAI_clean_vision/build/moveit_goal_bridge -- -j16 -l16
[0.636s] INFO:colcon.colcon_core.task.python.build:Building Python package in '/home/tony/SKAI_clean_vision/src/red_detector'
[0.636s] INFO:colcon.colcon_core.shell:Skip shell extension 'powershell' for command environment: Not usable outside of PowerShell
[0.636s] DEBUG:colcon.colcon_core.shell:Skip shell extension 'dsv' for command environment
[0.782s] INFO:colcon.colcon_core.task.python.build:Building Python package in '/home/tony/SKAI_clean_vision/src/skai_bringup'
[0.783s] INFO:colcon.colcon_core.shell:Skip shell extension 'powershell' for command environment: Not usable outside of PowerShell
[0.783s] DEBUG:colcon.colcon_core.shell:Skip shell extension 'dsv' for command environment
[0.787s] DEBUG:colcon.colcon_core.event_handler.log_command:Invoking command in '/home/tony/SKAI_clean_vision/build/skai_hardware_v2': CMAKE_PREFIX_PATH=${CMAKE_PREFIX_PATH}:/home/tony/SKAI_clean_vision/install/vision_moveit_bridge:/home/tony/SKAI_clean_vision/install/vision_gui:/home/tony/SKAI_clean_vision/install/skai_bringup:/home/tony/SKAI_clean_vision/install/red_detector:/home/tony/SKAI_clean_vision/install/mock_camera:/home/tony/SKAI_clean_vision/install/arm_rviz:/opt/ros/jazzy DEBUGINFOD_URLS=https://debuginfod.ubuntu.com /usr/bin/cmake --build /home/tony/SKAI_clean_vision/build/skai_hardware_v2 -- -j16 -l16
[0.932s] INFO:colcon.colcon_core.task.python.build:Building Python package in '/home/tony/SKAI_clean_vision/src/vision_gui'
[0.932s] INFO:colcon.colcon_core.shell:Skip shell extension 'powershell' for command environment: Not usable outside of PowerShell
[0.932s] DEBUG:colcon.colcon_core.shell:Skip shell extension 'dsv' for command environment
[1.084s] INFO:colcon.colcon_core.task.python.build:Building Python package in '/home/tony/SKAI_clean_vision/src/vision_moveit_bridge'
[1.084s] INFO:colcon.colcon_core.shell:Skip shell extension 'powershell' for command environment: Not usable outside of PowerShell
[1.084s] DEBUG:colcon.colcon_core.shell:Skip shell extension 'dsv' for command environment
[1.087s] DEBUG:colcon.colcon_core.event_handler.log_command:Invoked command in '/home/tony/SKAI_clean_vision/build/moveit_goal_bridge' returned '0': CMAKE_PREFIX_PATH=${CMAKE_PREFIX_PATH}:/home/tony/SKAI_clean_vision/install/vision_moveit_bridge:/home/tony/SKAI_clean_vision/install/vision_gui:/home/tony/SKAI_clean_vision/install/skai_bringup:/home/tony/SKAI_clean_vision/install/red_detector:/home/tony/SKAI_clean_vision/install/mock_camera:/home/tony/SKAI_clean_vision/install/arm_rviz:/opt/ros/jazzy DEBUGINFOD_URLS=https://debuginfod.ubuntu.com /usr/bin/cmake --build /home/tony/SKAI_clean_vision/build/moveit_goal_bridge -- -j16 -l16
[1.094s] DEBUG:colcon.colcon_core.event_handler.log_command:Invoking command in '/home/tony/SKAI_clean_vision/build/moveit_goal_bridge': CMAKE_PREFIX_PATH=${CMAKE_PREFIX_PATH}:/home/tony/SKAI_clean_vision/install/vision_moveit_bridge:/home/tony/SKAI_clean_vision/install/vision_gui:/home/tony/SKAI_clean_vision/install/skai_bringup:/home/tony/SKAI_clean_vision/install/red_detector:/home/tony/SKAI_clean_vision/install/mock_camera:/home/tony/SKAI_clean_vision/install/arm_rviz:/opt/ros/jazzy DEBUGINFOD_URLS=https://debuginfod.ubuntu.com /usr/bin/cmake --install /home/tony/SKAI_clean_vision/build/moveit_goal_bridge
[1.094s] DEBUG:colcon.colcon_core.event_handler.log_command:Invoked command in '/home/tony/SKAI_clean_vision/build/skai_hardware_v2' returned '0': CMAKE_PREFIX_PATH=${CMAKE_PREFIX_PATH}:/home/tony/SKAI_clean_vision/install/vision_moveit_bridge:/home/tony/SKAI_clean_vision/install/vision_gui:/home/tony/SKAI_clean_vision/install/skai_bringup:/home/tony/SKAI_clean_vision/install/red_detector:/home/tony/SKAI_clean_vision/install/mock_camera:/home/tony/SKAI_clean_vision/install/arm_rviz:/opt/ros/jazzy DEBUGINFOD_URLS=https://debuginfod.ubuntu.com /usr/bin/cmake --build /home/tony/SKAI_clean_vision/build/skai_hardware_v2 -- -j16 -l16
[1.095s] DEBUG:colcon.colcon_core.event_handler.log_command:Invoking command in '/home/tony/SKAI_clean_vision/build/skai_hardware_v2': CMAKE_PREFIX_PATH=${CMAKE_PREFIX_PATH}:/home/tony/SKAI_clean_vision/install/vision_moveit_bridge:/home/tony/SKAI_clean_vision/install/vision_gui:/home/tony/SKAI_clean_vision/install/skai_bringup:/home/tony/SKAI_clean_vision/install/red_detector:/home/tony/SKAI_clean_vision/install/mock_camera:/home/tony/SKAI_clean_vision/install/arm_rviz:/opt/ros/jazzy DEBUGINFOD_URLS=https://debuginfod.ubuntu.com /usr/bin/cmake --install /home/tony/SKAI_clean_vision/build/skai_hardware_v2
[1.104s] Level 1:colcon.colcon_core.environment:create_environment_scripts_only(moveit_goal_bridge)
[1.105s] DEBUG:colcon.colcon_core.event_handler.log_command:Invoked command in '/home/tony/SKAI_clean_vision/build/moveit_goal_bridge' returned '0': CMAKE_PREFIX_PATH=${CMAKE_PREFIX_PATH}:/home/tony/SKAI_clean_vision/install/vision_moveit_bridge:/home/tony/SKAI_clean_vision/install/vision_gui:/home/tony/SKAI_clean_vision/install/skai_bringup:/home/tony/SKAI_clean_vision/install/red_detector:/home/tony/SKAI_clean_vision/install/mock_camera:/home/tony/SKAI_clean_vision/install/arm_rviz:/opt/ros/jazzy DEBUGINFOD_URLS=https://debuginfod.ubuntu.com /usr/bin/cmake --install /home/tony/SKAI_clean_vision/build/moveit_goal_bridge
[1.106s] Level 1:colcon.colcon_core.environment:checking '/home/tony/SKAI_clean_vision/install/moveit_goal_bridge' for CMake module files
[1.107s] Level 1:colcon.colcon_core.environment:checking '/home/tony/SKAI_clean_vision/install/moveit_goal_bridge' for CMake config files
[1.107s] Level 1:colcon.colcon_core.shell:create_environment_hook('moveit_goal_bridge', 'cmake_prefix_path')
[1.107s] INFO:colcon.colcon_core.shell:Creating environment hook '/home/tony/SKAI_clean_vision/install/moveit_goal_bridge/share/moveit_goal_bridge/hook/cmake_prefix_path.ps1'
[1.107s] INFO:colcon.colcon_core.shell:Creating environment descriptor '/home/tony/SKAI_clean_vision/install/moveit_goal_bridge/share/moveit_goal_bridge/hook/cmake_prefix_path.dsv'
[1.107s] INFO:colcon.colcon_core.shell:Creating environment hook '/home/tony/SKAI_clean_vision/install/moveit_goal_bridge/share/moveit_goal_bridge/hook/cmake_prefix_path.sh'
[1.108s] Level 1:colcon.colcon_core.environment:checking '/home/tony/SKAI_clean_vision/install/moveit_goal_bridge/lib'
[1.108s] Level 1:colcon.colcon_core.environment:checking '/home/tony/SKAI_clean_vision/install/moveit_goal_bridge/bin'
[1.108s] Level 1:colcon.colcon_core.environment:checking '/home/tony/SKAI_clean_vision/install/moveit_goal_bridge/lib/pkgconfig/moveit_goal_bridge.pc'
[1.108s] Level 1:colcon.colcon_core.environment:checking '/home/tony/SKAI_clean_vision/install/moveit_goal_bridge/lib/python3.12/site-packages'
[1.108s] Level 1:colcon.colcon_core.environment:checking '/home/tony/SKAI_clean_vision/install/moveit_goal_bridge/bin'
[1.108s] INFO:colcon.colcon_core.shell:Creating package script '/home/tony/SKAI_clean_vision/install/moveit_goal_bridge/share/moveit_goal_bridge/package.ps1'
[1.109s] INFO:colcon.colcon_core.shell:Creating package descriptor '/home/tony/SKAI_clean_vision/install/moveit_goal_bridge/share/moveit_goal_bridge/package.dsv'
[1.110s] INFO:colcon.colcon_core.shell:Creating package script '/home/tony/SKAI_clean_vision/install/moveit_goal_bridge/share/moveit_goal_bridge/package.sh'
[1.110s] INFO:colcon.colcon_core.shell:Creating package script '/home/tony/SKAI_clean_vision/install/moveit_goal_bridge/share/moveit_goal_bridge/package.bash'
[1.110s] INFO:colcon.colcon_core.shell:Creating package script '/home/tony/SKAI_clean_vision/install/moveit_goal_bridge/share/moveit_goal_bridge/package.zsh'
[1.111s] Level 1:colcon.colcon_core.environment:create_file_with_runtime_dependencies(/home/tony/SKAI_clean_vision/install/moveit_goal_bridge/share/colcon-core/packages/moveit_goal_bridge)
[1.111s] Level 1:colcon.colcon_core.environment:create_environment_scripts_only(moveit_goal_bridge)
[1.111s] Level 1:colcon.colcon_core.environment:checking '/home/tony/SKAI_clean_vision/install/moveit_goal_bridge' for CMake module files
[1.112s] Level 1:colcon.colcon_core.environment:checking '/home/tony/SKAI_clean_vision/install/moveit_goal_bridge' for CMake config files
[1.112s] Level 1:colcon.colcon_core.shell:create_environment_hook('moveit_goal_bridge', 'cmake_prefix_path')
[1.112s] INFO:colcon.colcon_core.shell:Creating environment hook '/home/tony/SKAI_clean_vision/install/moveit_goal_bridge/share/moveit_goal_bridge/hook/cmake_prefix_path.ps1'
[1.112s] INFO:colcon.colcon_core.shell:Creating environment descriptor '/home/tony/SKAI_clean_vision/install/moveit_goal_bridge/share/moveit_goal_bridge/hook/cmake_prefix_path.dsv'
[1.112s] INFO:colcon.colcon_core.shell:Creating environment hook '/home/tony/SKAI_clean_vision/install/moveit_goal_bridge/share/moveit_goal_bridge/hook/cmake_prefix_path.sh'
[1.113s] Level 1:colcon.colcon_core.environment:checking '/home/tony/SKAI_clean_vision/install/moveit_goal_bridge/lib'
[1.113s] Level 1:colcon.colcon_core.environment:checking '/home/tony/SKAI_clean_vision/install/moveit_goal_bridge/bin'
[1.113s] Level 1:colcon.colcon_core.environment:checking '/home/tony/SKAI_clean_vision/install/moveit_goal_bridge/lib/pkgconfig/moveit_goal_bridge.pc'
[1.113s] Level 1:colcon.colcon_core.environment:checking '/home/tony/SKAI_clean_vision/install/moveit_goal_bridge/lib/python3.12/site-packages'
[1.113s] Level 1:colcon.colcon_core.environment:checking '/home/tony/SKAI_clean_vision/install/moveit_goal_bridge/bin'
[1.113s] INFO:colcon.colcon_core.shell:Creating package script '/home/tony/SKAI_clean_vision/install/moveit_goal_bridge/share/moveit_goal_bridge/package.ps1'
[1.114s] INFO:colcon.colcon_core.shell:Creating package descriptor '/home/tony/SKAI_clean_vision/install/moveit_goal_bridge/share/moveit_goal_bridge/package.dsv'
[1.114s] INFO:colcon.colcon_core.shell:Creating package script '/home/tony/SKAI_clean_vision/install/moveit_goal_bridge/share/moveit_goal_bridge/package.sh'
[1.114s] INFO:colcon.colcon_core.shell:Creating package script '/home/tony/SKAI_clean_vision/install/moveit_goal_bridge/share/moveit_goal_bridge/package.bash'
[1.115s] INFO:colcon.colcon_core.shell:Creating package script '/home/tony/SKAI_clean_vision/install/moveit_goal_bridge/share/moveit_goal_bridge/package.zsh'
[1.115s] Level 1:colcon.colcon_core.environment:create_file_with_runtime_dependencies(/home/tony/SKAI_clean_vision/install/moveit_goal_bridge/share/colcon-core/packages/moveit_goal_bridge)
[1.115s] Level 1:colcon.colcon_core.environment:create_environment_scripts_only(skai_hardware_v2)
[1.115s] Level 1:colcon.colcon_core.environment:checking '/home/tony/SKAI_clean_vision/install/skai_hardware_v2' for CMake module files
[1.116s] Level 1:colcon.colcon_core.environment:checking '/home/tony/SKAI_clean_vision/install/skai_hardware_v2' for CMake config files
[1.116s] DEBUG:colcon.colcon_core.event_handler.log_command:Invoked command in '/home/tony/SKAI_clean_vision/build/skai_hardware_v2' returned '0': CMAKE_PREFIX_PATH=${CMAKE_PREFIX_PATH}:/home/tony/SKAI_clean_vision/install/vision_moveit_bridge:/home/tony/SKAI_clean_vision/install/vision_gui:/home/tony/SKAI_clean_vision/install/skai_bringup:/home/tony/SKAI_clean_vision/install/red_detector:/home/tony/SKAI_clean_vision/install/mock_camera:/home/tony/SKAI_clean_vision/install/arm_rviz:/opt/ros/jazzy DEBUGINFOD_URLS=https://debuginfod.ubuntu.com /usr/bin/cmake --install /home/tony/SKAI_clean_vision/build/skai_hardware_v2
[1.117s] Level 1:colcon.colcon_core.shell:create_environment_hook('skai_hardware_v2', 'cmake_prefix_path')
[1.117s] INFO:colcon.colcon_core.shell:Creating environment hook '/home/tony/SKAI_clean_vision/install/skai_hardware_v2/share/skai_hardware_v2/hook/cmake_prefix_path.ps1'
[1.118s] INFO:colcon.colcon_core.shell:Creating environment descriptor '/home/tony/SKAI_clean_vision/install/skai_hardware_v2/share/skai_hardware_v2/hook/cmake_prefix_path.dsv'
[1.118s] INFO:colcon.colcon_core.shell:Creating environment hook '/home/tony/SKAI_clean_vision/install/skai_hardware_v2/share/skai_hardware_v2/hook/cmake_prefix_path.sh'
[1.118s] Level 1:colcon.colcon_core.environment:checking '/home/tony/SKAI_clean_vision/install/skai_hardware_v2/lib'
[1.119s] Level 1:colcon.colcon_core.shell:create_environment_hook('skai_hardware_v2', 'ld_library_path_lib')
[1.119s] INFO:colcon.colcon_core.shell:Creating environment hook '/home/tony/SKAI_clean_vision/install/skai_hardware_v2/share/skai_hardware_v2/hook/ld_library_path_lib.ps1'
[1.119s] INFO:colcon.colcon_core.shell:Creating environment descriptor '/home/tony/SKAI_clean_vision/install/skai_hardware_v2/share/skai_hardware_v2/hook/ld_library_path_lib.dsv'
[1.119s] INFO:colcon.colcon_core.shell:Creating environment hook '/home/tony/SKAI_clean_vision/install/skai_hardware_v2/share/skai_hardware_v2/hook/ld_library_path_lib.sh'
[1.120s] Level 1:colcon.colcon_core.environment:checking '/home/tony/SKAI_clean_vision/install/skai_hardware_v2/bin'
[1.120s] Level 1:colcon.colcon_core.environment:checking '/home/tony/SKAI_clean_vision/install/skai_hardware_v2/lib/pkgconfig/skai_hardware_v2.pc'
[1.120s] Level 1:colcon.colcon_core.environment:checking '/home/tony/SKAI_clean_vision/install/skai_hardware_v2/lib/python3.12/site-packages'
[1.120s] Level 1:colcon.colcon_core.environment:checking '/home/tony/SKAI_clean_vision/install/skai_hardware_v2/bin'
[1.121s] INFO:colcon.colcon_core.shell:Creating package script '/home/tony/SKAI_clean_vision/install/skai_hardware_v2/share/skai_hardware_v2/package.ps1'
[1.121s] INFO:colcon.colcon_core.shell:Creating package descriptor '/home/tony/SKAI_clean_vision/install/skai_hardware_v2/share/skai_hardware_v2/package.dsv'
[1.122s] INFO:colcon.colcon_core.shell:Creating package script '/home/tony/SKAI_clean_vision/install/skai_hardware_v2/share/skai_hardware_v2/package.sh'
[1.122s] INFO:colcon.colcon_core.shell:Creating package script '/home/tony/SKAI_clean_vision/install/skai_hardware_v2/share/skai_hardware_v2/package.bash'
[1.122s] INFO:colcon.colcon_core.shell:Creating package script '/home/tony/SKAI_clean_vision/install/skai_hardware_v2/share/skai_hardware_v2/package.zsh'
[1.123s] Level 1:colcon.colcon_core.environment:create_file_with_runtime_dependencies(/home/tony/SKAI_clean_vision/install/skai_hardware_v2/share/colcon-core/packages/skai_hardware_v2)
[1.123s] Level 1:colcon.colcon_core.environment:create_environment_scripts_only(skai_hardware_v2)
[1.123s] Level 1:colcon.colcon_core.environment:checking '/home/tony/SKAI_clean_vision/install/skai_hardware_v2' for CMake module files
[1.124s] Level 1:colcon.colcon_core.environment:checking '/home/tony/SKAI_clean_vision/install/skai_hardware_v2' for CMake config files
[1.124s] Level 1:colcon.colcon_core.shell:create_environment_hook('skai_hardware_v2', 'cmake_prefix_path')
[1.124s] INFO:colcon.colcon_core.shell:Creating environment hook '/home/tony/SKAI_clean_vision/install/skai_hardware_v2/share/skai_hardware_v2/hook/cmake_prefix_path.ps1'
[1.124s] INFO:colcon.colcon_core.shell:Creating environment descriptor '/home/tony/SKAI_clean_vision/install/skai_hardware_v2/share/skai_hardware_v2/hook/cmake_prefix_path.dsv'
[1.125s] INFO:colcon.colcon_core.shell:Creating environment hook '/home/tony/SKAI_clean_vision/install/skai_hardware_v2/share/skai_hardware_v2/hook/cmake_prefix_path.sh'
[1.125s] Level 1:colcon.colcon_core.environment:checking '/home/tony/SKAI_clean_vision/install/skai_hardware_v2/lib'
[1.125s] Level 1:colcon.colcon_core.shell:create_environment_hook('skai_hardware_v2', 'ld_library_path_lib')
[1.125s] INFO:colcon.colcon_core.shell:Creating environment hook '/home/tony/SKAI_clean_vision/install/skai_hardware_v2/share/skai_hardware_v2/hook/ld_library_path_lib.ps1'
[1.126s] INFO:colcon.colcon_core.shell:Creating environment descriptor '/home/tony/SKAI_clean_vision/install/skai_hardware_v2/share/skai_hardware_v2/hook/ld_library_path_lib.dsv'
[1.126s] INFO:colcon.colcon_core.shell:Creating environment hook '/home/tony/SKAI_clean_vision/install/skai_hardware_v2/share/skai_hardware_v2/hook/ld_library_path_lib.sh'
[1.126s] Level 1:colcon.colcon_core.environment:checking '/home/tony/SKAI_clean_vision/install/skai_hardware_v2/bin'
[1.126s] Level 1:colcon.colcon_core.environment:checking '/home/tony/SKAI_clean_vision/install/skai_hardware_v2/lib/pkgconfig/skai_hardware_v2.pc'
[1.126s] Level 1:colcon.colcon_core.environment:checking '/home/tony/SKAI_clean_vision/install/skai_hardware_v2/lib/python3.12/site-packages'
[1.127s] Level 1:colcon.colcon_core.environment:checking '/home/tony/SKAI_clean_vision/install/skai_hardware_v2/bin'
[1.127s] INFO:colcon.colcon_core.shell:Creating package script '/home/tony/SKAI_clean_vision/install/skai_hardware_v2/share/skai_hardware_v2/package.ps1'
[1.127s] INFO:colcon.colcon_core.shell:Creating package descriptor '/home/tony/SKAI_clean_vision/install/skai_hardware_v2/share/skai_hardware_v2/package.dsv'
[1.128s] INFO:colcon.colcon_core.shell:Creating package script '/home/tony/SKAI_clean_vision/install/skai_hardware_v2/share/skai_hardware_v2/package.sh'
[1.128s] INFO:colcon.colcon_core.shell:Creating package script '/home/tony/SKAI_clean_vision/install/skai_hardware_v2/share/skai_hardware_v2/package.bash'
[1.128s] INFO:colcon.colcon_core.shell:Creating package script '/home/tony/SKAI_clean_vision/install/skai_hardware_v2/share/skai_hardware_v2/package.zsh'
[1.128s] Level 1:colcon.colcon_core.environment:create_file_with_runtime_dependencies(/home/tony/SKAI_clean_vision/install/skai_hardware_v2/share/colcon-core/packages/skai_hardware_v2)
[1.672s] DEBUG:colcon.colcon_core.event_handler.log_command:Invoking command in '/home/tony/SKAI_clean_vision/src/mock_camera': DEBUGINFOD_URLS=https://debuginfod.ubuntu.com PYTHONPATH=/home/tony/SKAI_clean_vision/build/mock_camera/prefix_override:/usr/lib/python3/dist-packages/colcon_core/task/python/colcon_distutils_commands:/home/tony/SKAI_clean_vision/install/mock_camera/lib/python3.12/site-packages:${PYTHONPATH} /usr/bin/python3 -W ignore:setup.py install is deprecated -W ignore:easy_install command is deprecated setup.py egg_info --egg-base ../../build/mock_camera build --build-base /home/tony/SKAI_clean_vision/build/mock_camera/build install --record /home/tony/SKAI_clean_vision/build/mock_camera/install.log --single-version-externally-managed install_data
[1.675s] DEBUG:colcon.colcon_core.event_handler.log_command:Invoking command in '/home/tony/SKAI_clean_vision/src/arm_rviz': DEBUGINFOD_URLS=https://debuginfod.ubuntu.com PYTHONPATH=/home/tony/SKAI_clean_vision/build/arm_rviz/prefix_override:/usr/lib/python3/dist-packages/colcon_core/task/python/colcon_distutils_commands:/home/tony/SKAI_clean_vision/install/arm_rviz/lib/python3.12/site-packages:${PYTHONPATH} /usr/bin/python3 -W ignore:setup.py install is deprecated -W ignore:easy_install command is deprecated setup.py egg_info --egg-base ../../build/arm_rviz build --build-base /home/tony/SKAI_clean_vision/build/arm_rviz/build install --record /home/tony/SKAI_clean_vision/build/arm_rviz/install.log --single-version-externally-managed install_data
[1.688s] DEBUG:colcon.colcon_core.event_handler.log_command:Invoking command in '/home/tony/SKAI_clean_vision/src/vision_moveit_bridge': DEBUGINFOD_URLS=https://debuginfod.ubuntu.com PYTHONPATH=/home/tony/SKAI_clean_vision/build/vision_moveit_bridge/prefix_override:/usr/lib/python3/dist-packages/colcon_core/task/python/colcon_distutils_commands:/home/tony/SKAI_clean_vision/install/vision_moveit_bridge/lib/python3.12/site-packages:${PYTHONPATH} /usr/bin/python3 -W ignore:setup.py install is deprecated -W ignore:easy_install command is deprecated setup.py egg_info --egg-base ../../build/vision_moveit_bridge build --build-base /home/tony/SKAI_clean_vision/build/vision_moveit_bridge/build install --record /home/tony/SKAI_clean_vision/build/vision_moveit_bridge/install.log --single-version-externally-managed install_data
[1.689s] DEBUG:colcon.colcon_core.event_handler.log_command:Invoking command in '/home/tony/SKAI_clean_vision/src/vision_gui': DEBUGINFOD_URLS=https://debuginfod.ubuntu.com PYTHONPATH=/home/tony/SKAI_clean_vision/build/vision_gui/prefix_override:/usr/lib/python3/dist-packages/colcon_core/task/python/colcon_distutils_commands:/home/tony/SKAI_clean_vision/install/vision_gui/lib/python3.12/site-packages:${PYTHONPATH} /usr/bin/python3 -W ignore:setup.py install is deprecated -W ignore:easy_install command is deprecated setup.py egg_info --egg-base ../../build/vision_gui build --build-base /home/tony/SKAI_clean_vision/build/vision_gui/build install --record /home/tony/SKAI_clean_vision/build/vision_gui/install.log --single-version-externally-managed install_data
[1.690s] DEBUG:colcon.colcon_core.event_handler.log_command:Invoking command in '/home/tony/SKAI_clean_vision/src/skai_bringup': DEBUGINFOD_URLS=https://debuginfod.ubuntu.com PYTHONPATH=/home/tony/SKAI_clean_vision/build/skai_bringup/prefix_override:/usr/lib/python3/dist-packages/colcon_core/task/python/colcon_distutils_commands:/home/tony/SKAI_clean_vision/install/skai_bringup/lib/python3.12/site-packages:${PYTHONPATH} /usr/bin/python3 -W ignore:setup.py install is deprecated -W ignore:easy_install command is deprecated setup.py egg_info --egg-base ../../build/skai_bringup build --build-base /home/tony/SKAI_clean_vision/build/skai_bringup/build install --record /home/tony/SKAI_clean_vision/build/skai_bringup/install.log --single-version-externally-managed install_data
[1.691s] DEBUG:colcon.colcon_core.event_handler.log_command:Invoking command in '/home/tony/SKAI_clean_vision/src/red_detector': DEBUGINFOD_URLS=https://debuginfod.ubuntu.com PYTHONPATH=/home/tony/SKAI_clean_vision/build/red_detector/prefix_override:/usr/lib/python3/dist-packages/colcon_core/task/python/colcon_distutils_commands:/home/tony/SKAI_clean_vision/install/red_detector/lib/python3.12/site-packages:${PYTHONPATH} /usr/bin/python3 -W ignore:setup.py install is deprecated -W ignore:easy_install command is deprecated setup.py egg_info --egg-base ../../build/red_detector build --build-base /home/tony/SKAI_clean_vision/build/red_detector/build install --record /home/tony/SKAI_clean_vision/build/red_detector/install.log --single-version-externally-managed install_data
[2.130s] Level 1:colcon.colcon_core.environment:checking '/home/tony/SKAI_clean_vision/install/arm_rviz' for CMake module files
[2.130s] DEBUG:colcon.colcon_core.event_handler.log_command:Invoked command in '/home/tony/SKAI_clean_vision/src/arm_rviz' returned '0': DEBUGINFOD_URLS=https://debuginfod.ubuntu.com PYTHONPATH=/home/tony/SKAI_clean_vision/build/arm_rviz/prefix_override:/usr/lib/python3/dist-packages/colcon_core/task/python/colcon_distutils_commands:/home/tony/SKAI_clean_vision/install/arm_rviz/lib/python3.12/site-packages:${PYTHONPATH} /usr/bin/python3 -W ignore:setup.py install is deprecated -W ignore:easy_install command is deprecated setup.py egg_info --egg-base ../../build/arm_rviz build --build-base /home/tony/SKAI_clean_vision/build/arm_rviz/build install --record /home/tony/SKAI_clean_vision/build/arm_rviz/install.log --single-version-externally-managed install_data
[2.130s] Level 1:colcon.colcon_core.environment:checking '/home/tony/SKAI_clean_vision/install/arm_rviz' for CMake config files
[2.131s] Level 1:colcon.colcon_core.environment:checking '/home/tony/SKAI_clean_vision/install/arm_rviz/lib'
[2.131s] Level 1:colcon.colcon_core.environment:checking '/home/tony/SKAI_clean_vision/install/arm_rviz/bin'
[2.131s] Level 1:colcon.colcon_core.environment:checking '/home/tony/SKAI_clean_vision/install/arm_rviz/lib/pkgconfig/arm_rviz.pc'
[2.131s] Level 1:colcon.colcon_core.environment:checking '/home/tony/SKAI_clean_vision/install/arm_rviz/lib/python3.12/site-packages'
[2.131s] Level 1:colcon.colcon_core.shell:create_environment_hook('arm_rviz', 'pythonpath')
[2.132s] INFO:colcon.colcon_core.shell:Creating environment hook '/home/tony/SKAI_clean_vision/install/arm_rviz/share/arm_rviz/hook/pythonpath.ps1'
[2.132s] INFO:colcon.colcon_core.shell:Creating environment descriptor '/home/tony/SKAI_clean_vision/install/arm_rviz/share/arm_rviz/hook/pythonpath.dsv'
[2.133s] INFO:colcon.colcon_core.shell:Creating environment hook '/home/tony/SKAI_clean_vision/install/arm_rviz/share/arm_rviz/hook/pythonpath.sh'
[2.133s] Level 1:colcon.colcon_core.environment:checking '/home/tony/SKAI_clean_vision/install/arm_rviz/bin'
[2.133s] Level 1:colcon.colcon_core.environment:create_environment_scripts_only(arm_rviz)
[2.134s] INFO:colcon.colcon_core.shell:Creating package script '/home/tony/SKAI_clean_vision/install/arm_rviz/share/arm_rviz/package.ps1'
[2.134s] INFO:colcon.colcon_core.shell:Creating package descriptor '/home/tony/SKAI_clean_vision/install/arm_rviz/share/arm_rviz/package.dsv'
[2.135s] INFO:colcon.colcon_core.shell:Creating package script '/home/tony/SKAI_clean_vision/install/arm_rviz/share/arm_rviz/package.sh'
[2.135s] INFO:colcon.colcon_core.shell:Creating package script '/home/tony/SKAI_clean_vision/install/arm_rviz/share/arm_rviz/package.bash'
[2.135s] INFO:colcon.colcon_core.shell:Creating package script '/home/tony/SKAI_clean_vision/install/arm_rviz/share/arm_rviz/package.zsh'
[2.135s] Level 1:colcon.colcon_core.environment:create_file_with_runtime_dependencies(/home/tony/SKAI_clean_vision/install/arm_rviz/share/colcon-core/packages/arm_rviz)
[2.136s] INFO:colcon.colcon_ros.task.ament_cmake.build:Building ROS package in '/home/tony/SKAI_clean_vision/src/skai_moveit_config' with build type 'ament_cmake'
[2.136s] INFO:colcon.colcon_cmake.task.cmake.build:Building CMake package in '/home/tony/SKAI_clean_vision/src/skai_moveit_config'
[2.136s] INFO:colcon.colcon_core.shell:Skip shell extension 'powershell' for command environment: Not usable outside of PowerShell
[2.136s] DEBUG:colcon.colcon_core.shell:Skip shell extension 'dsv' for command environment
[2.148s] DEBUG:colcon.colcon_core.event_handler.log_command:Invoking command in '/home/tony/SKAI_clean_vision/build/skai_moveit_config': AMENT_PREFIX_PATH=/home/tony/SKAI_clean_vision/install/arm_rviz:/home/tony/SKAI_clean_vision/install/vision_moveit_bridge:/home/tony/SKAI_clean_vision/install/vision_gui:/home/tony/SKAI_clean_vision/install/skai_moveit_config:/home/tony/SKAI_clean_vision/install/skai_hardware_v2:/home/tony/SKAI_clean_vision/install/skai_bringup:/home/tony/SKAI_clean_vision/install/red_detector:/home/tony/SKAI_clean_vision/install/moveit_goal_bridge:/home/tony/SKAI_clean_vision/install/mock_camera:/opt/ros/jazzy CMAKE_PREFIX_PATH=${CMAKE_PREFIX_PATH}:/home/tony/SKAI_clean_vision/install/vision_moveit_bridge:/home/tony/SKAI_clean_vision/install/vision_gui:/home/tony/SKAI_clean_vision/install/skai_bringup:/home/tony/SKAI_clean_vision/install/red_detector:/home/tony/SKAI_clean_vision/install/mock_camera:/home/tony/SKAI_clean_vision/install/arm_rviz:/opt/ros/jazzy DEBUGINFOD_URLS=https://debuginfod.ubuntu.com PYTHONPATH=/home/tony/SKAI_clean_vision/install/arm_rviz/lib/python3.12/site-packages:/home/tony/SKAI_clean_vision/install/vision_moveit_bridge/lib/python3.12/site-packages:/home/tony/SKAI_clean_vision/install/vision_gui/lib/python3.12/site-packages:/home/tony/SKAI_clean_vision/install/skai_bringup/lib/python3.12/site-packages:/home/tony/SKAI_clean_vision/install/red_detector/lib/python3.12/site-packages:/home/tony/SKAI_clean_vision/install/mock_camera/lib/python3.12/site-packages:/opt/ros/jazzy/lib/python3.12/site-packages /usr/bin/cmake --build /home/tony/SKAI_clean_vision/build/skai_moveit_config -- -j16 -l16
[2.191s] Level 1:colcon.colcon_core.environment:checking '/home/tony/SKAI_clean_vision/install/mock_camera' for CMake module files
[2.192s] DEBUG:colcon.colcon_core.event_handler.log_command:Invoked command in '/home/tony/SKAI_clean_vision/src/mock_camera' returned '0': DEBUGINFOD_URLS=https://debuginfod.ubuntu.com PYTHONPATH=/home/tony/SKAI_clean_vision/build/mock_camera/prefix_override:/usr/lib/python3/dist-packages/colcon_core/task/python/colcon_distutils_commands:/home/tony/SKAI_clean_vision/install/mock_camera/lib/python3.12/site-packages:${PYTHONPATH} /usr/bin/python3 -W ignore:setup.py install is deprecated -W ignore:easy_install command is deprecated setup.py egg_info --egg-base ../../build/mock_camera build --build-base /home/tony/SKAI_clean_vision/build/mock_camera/build install --record /home/tony/SKAI_clean_vision/build/mock_camera/install.log --single-version-externally-managed install_data
[2.192s] Level 1:colcon.colcon_core.environment:checking '/home/tony/SKAI_clean_vision/install/mock_camera' for CMake config files
[2.193s] Level 1:colcon.colcon_core.environment:checking '/home/tony/SKAI_clean_vision/install/mock_camera/lib'
[2.193s] Level 1:colcon.colcon_core.environment:checking '/home/tony/SKAI_clean_vision/install/mock_camera/bin'
[2.193s] Level 1:colcon.colcon_core.environment:checking '/home/tony/SKAI_clean_vision/install/mock_camera/lib/pkgconfig/mock_camera.pc'
[2.193s] Level 1:colcon.colcon_core.environment:checking '/home/tony/SKAI_clean_vision/install/mock_camera/lib/python3.12/site-packages'
[2.194s] Level 1:colcon.colcon_core.shell:create_environment_hook('mock_camera', 'pythonpath')
[2.194s] INFO:colcon.colcon_core.shell:Creating environment hook '/home/tony/SKAI_clean_vision/install/mock_camera/share/mock_camera/hook/pythonpath.ps1'
[2.195s] INFO:colcon.colcon_core.shell:Creating environment descriptor '/home/tony/SKAI_clean_vision/install/mock_camera/share/mock_camera/hook/pythonpath.dsv'
[2.195s] INFO:colcon.colcon_core.shell:Creating environment hook '/home/tony/SKAI_clean_vision/install/mock_camera/share/mock_camera/hook/pythonpath.sh'
[2.195s] Level 1:colcon.colcon_core.environment:checking '/home/tony/SKAI_clean_vision/install/mock_camera/bin'
[2.196s] Level 1:colcon.colcon_core.environment:create_environment_scripts_only(mock_camera)
[2.196s] INFO:colcon.colcon_core.shell:Creating package script '/home/tony/SKAI_clean_vision/install/mock_camera/share/mock_camera/package.ps1'
[2.196s] INFO:colcon.colcon_core.shell:Creating package descriptor '/home/tony/SKAI_clean_vision/install/mock_camera/share/mock_camera/package.dsv'
[2.197s] INFO:colcon.colcon_core.shell:Creating package script '/home/tony/SKAI_clean_vision/install/mock_camera/share/mock_camera/package.sh'
[2.197s] INFO:colcon.colcon_core.shell:Creating package script '/home/tony/SKAI_clean_vision/install/mock_camera/share/mock_camera/package.bash'
[2.197s] INFO:colcon.colcon_core.shell:Creating package script '/home/tony/SKAI_clean_vision/install/mock_camera/share/mock_camera/package.zsh'
[2.197s] Level 1:colcon.colcon_core.environment:create_file_with_runtime_dependencies(/home/tony/SKAI_clean_vision/install/mock_camera/share/colcon-core/packages/mock_camera)
[2.199s] Level 1:colcon.colcon_core.environment:checking '/home/tony/SKAI_clean_vision/install/red_detector' for CMake module files
[2.199s] DEBUG:colcon.colcon_core.event_handler.log_command:Invoked command in '/home/tony/SKAI_clean_vision/src/red_detector' returned '0': DEBUGINFOD_URLS=https://debuginfod.ubuntu.com PYTHONPATH=/home/tony/SKAI_clean_vision/build/red_detector/prefix_override:/usr/lib/python3/dist-packages/colcon_core/task/python/colcon_distutils_commands:/home/tony/SKAI_clean_vision/install/red_detector/lib/python3.12/site-packages:${PYTHONPATH} /usr/bin/python3 -W ignore:setup.py install is deprecated -W ignore:easy_install command is deprecated setup.py egg_info --egg-base ../../build/red_detector build --build-base /home/tony/SKAI_clean_vision/build/red_detector/build install --record /home/tony/SKAI_clean_vision/build/red_detector/install.log --single-version-externally-managed install_data
[2.199s] Level 1:colcon.colcon_core.environment:checking '/home/tony/SKAI_clean_vision/install/red_detector' for CMake config files
[2.200s] Level 1:colcon.colcon_core.environment:checking '/home/tony/SKAI_clean_vision/install/red_detector/lib'
[2.200s] Level 1:colcon.colcon_core.environment:checking '/home/tony/SKAI_clean_vision/install/red_detector/bin'
[2.200s] Level 1:colcon.colcon_core.environment:checking '/home/tony/SKAI_clean_vision/install/red_detector/lib/pkgconfig/red_detector.pc'
[2.200s] Level 1:colcon.colcon_core.environment:checking '/home/tony/SKAI_clean_vision/install/red_detector/lib/python3.12/site-packages'
[2.200s] Level 1:colcon.colcon_core.shell:create_environment_hook('red_detector', 'pythonpath')
[2.200s] INFO:colcon.colcon_core.shell:Creating environment hook '/home/tony/SKAI_clean_vision/install/red_detector/share/red_detector/hook/pythonpath.ps1'
[2.201s] INFO:colcon.colcon_core.shell:Creating environment descriptor '/home/tony/SKAI_clean_vision/install/red_detector/share/red_detector/hook/pythonpath.dsv'
[2.201s] INFO:colcon.colcon_core.shell:Creating environment hook '/home/tony/SKAI_clean_vision/install/red_detector/share/red_detector/hook/pythonpath.sh'
[2.202s] Level 1:colcon.colcon_core.environment:checking '/home/tony/SKAI_clean_vision/install/red_detector/bin'
[2.202s] Level 1:colcon.colcon_core.environment:create_environment_scripts_only(red_detector)
[2.202s] INFO:colcon.colcon_core.shell:Creating package script '/home/tony/SKAI_clean_vision/install/red_detector/share/red_detector/package.ps1'
[2.202s] INFO:colcon.colcon_core.shell:Creating package descriptor '/home/tony/SKAI_clean_vision/install/red_detector/share/red_detector/package.dsv'
[2.202s] INFO:colcon.colcon_core.shell:Creating package script '/home/tony/SKAI_clean_vision/install/red_detector/share/red_detector/package.sh'
[2.203s] INFO:colcon.colcon_core.shell:Creating package script '/home/tony/SKAI_clean_vision/install/red_detector/share/red_detector/package.bash'
[2.203s] INFO:colcon.colcon_core.shell:Creating package script '/home/tony/SKAI_clean_vision/install/red_detector/share/red_detector/package.zsh'
[2.203s] Level 1:colcon.colcon_core.environment:create_file_with_runtime_dependencies(/home/tony/SKAI_clean_vision/install/red_detector/share/colcon-core/packages/red_detector)
[2.204s] Level 1:colcon.colcon_core.environment:checking '/home/tony/SKAI_clean_vision/install/vision_gui' for CMake module files
[2.204s] DEBUG:colcon.colcon_core.event_handler.log_command:Invoked command in '/home/tony/SKAI_clean_vision/src/vision_gui' returned '0': DEBUGINFOD_URLS=https://debuginfod.ubuntu.com PYTHONPATH=/home/tony/SKAI_clean_vision/build/vision_gui/prefix_override:/usr/lib/python3/dist-packages/colcon_core/task/python/colcon_distutils_commands:/home/tony/SKAI_clean_vision/install/vision_gui/lib/python3.12/site-packages:${PYTHONPATH} /usr/bin/python3 -W ignore:setup.py install is deprecated -W ignore:easy_install command is deprecated setup.py egg_info --egg-base ../../build/vision_gui build --build-base /home/tony/SKAI_clean_vision/build/vision_gui/build install --record /home/tony/SKAI_clean_vision/build/vision_gui/install.log --single-version-externally-managed install_data
[2.205s] Level 1:colcon.colcon_core.environment:checking '/home/tony/SKAI_clean_vision/install/vision_gui' for CMake config files
[2.205s] Level 1:colcon.colcon_core.environment:checking '/home/tony/SKAI_clean_vision/install/vision_gui/lib'
[2.205s] Level 1:colcon.colcon_core.environment:checking '/home/tony/SKAI_clean_vision/install/vision_gui/bin'
[2.205s] Level 1:colcon.colcon_core.environment:checking '/home/tony/SKAI_clean_vision/install/vision_gui/lib/pkgconfig/vision_gui.pc'
[2.205s] Level 1:colcon.colcon_core.environment:checking '/home/tony/SKAI_clean_vision/install/vision_gui/lib/python3.12/site-packages'
[2.205s] Level 1:colcon.colcon_core.shell:create_environment_hook('vision_gui', 'pythonpath')
[2.206s] INFO:colcon.colcon_core.shell:Creating environment hook '/home/tony/SKAI_clean_vision/install/vision_gui/share/vision_gui/hook/pythonpath.ps1'
[2.206s] INFO:colcon.colcon_core.shell:Creating environment descriptor '/home/tony/SKAI_clean_vision/install/vision_gui/share/vision_gui/hook/pythonpath.dsv'
[2.206s] INFO:colcon.colcon_core.shell:Creating environment hook '/home/tony/SKAI_clean_vision/install/vision_gui/share/vision_gui/hook/pythonpath.sh'
[2.207s] Level 1:colcon.colcon_core.environment:checking '/home/tony/SKAI_clean_vision/install/vision_gui/bin'
[2.207s] Level 1:colcon.colcon_core.environment:create_environment_scripts_only(vision_gui)
[2.207s] INFO:colcon.colcon_core.shell:Creating package script '/home/tony/SKAI_clean_vision/install/vision_gui/share/vision_gui/package.ps1'
[2.207s] INFO:colcon.colcon_core.shell:Creating package descriptor '/home/tony/SKAI_clean_vision/install/vision_gui/share/vision_gui/package.dsv'
[2.208s] INFO:colcon.colcon_core.shell:Creating package script '/home/tony/SKAI_clean_vision/install/vision_gui/share/vision_gui/package.sh'
[2.208s] INFO:colcon.colcon_core.shell:Creating package script '/home/tony/SKAI_clean_vision/install/vision_gui/share/vision_gui/package.bash'
[2.208s] INFO:colcon.colcon_core.shell:Creating package script '/home/tony/SKAI_clean_vision/install/vision_gui/share/vision_gui/package.zsh'
[2.208s] Level 1:colcon.colcon_core.environment:create_file_with_runtime_dependencies(/home/tony/SKAI_clean_vision/install/vision_gui/share/colcon-core/packages/vision_gui)
[2.210s] DEBUG:colcon.colcon_core.event_handler.log_command:Invoked command in '/home/tony/SKAI_clean_vision/build/skai_moveit_config' returned '0': AMENT_PREFIX_PATH=/home/tony/SKAI_clean_vision/install/arm_rviz:/home/tony/SKAI_clean_vision/install/vision_moveit_bridge:/home/tony/SKAI_clean_vision/install/vision_gui:/home/tony/SKAI_clean_vision/install/skai_moveit_config:/home/tony/SKAI_clean_vision/install/skai_hardware_v2:/home/tony/SKAI_clean_vision/install/skai_bringup:/home/tony/SKAI_clean_vision/install/red_detector:/home/tony/SKAI_clean_vision/install/moveit_goal_bridge:/home/tony/SKAI_clean_vision/install/mock_camera:/opt/ros/jazzy CMAKE_PREFIX_PATH=${CMAKE_PREFIX_PATH}:/home/tony/SKAI_clean_vision/install/vision_moveit_bridge:/home/tony/SKAI_clean_vision/install/vision_gui:/home/tony/SKAI_clean_vision/install/skai_bringup:/home/tony/SKAI_clean_vision/install/red_detector:/home/tony/SKAI_clean_vision/install/mock_camera:/home/tony/SKAI_clean_vision/install/arm_rviz:/opt/ros/jazzy DEBUGINFOD_URLS=https://debuginfod.ubuntu.com PYTHONPATH=/home/tony/SKAI_clean_vision/install/arm_rviz/lib/python3.12/site-packages:/home/tony/SKAI_clean_vision/install/vision_moveit_bridge/lib/python3.12/site-packages:/home/tony/SKAI_clean_vision/install/vision_gui/lib/python3.12/site-packages:/home/tony/SKAI_clean_vision/install/skai_bringup/lib/python3.12/site-packages:/home/tony/SKAI_clean_vision/install/red_detector/lib/python3.12/site-packages:/home/tony/SKAI_clean_vision/install/mock_camera/lib/python3.12/site-packages:/opt/ros/jazzy/lib/python3.12/site-packages /usr/bin/cmake --build /home/tony/SKAI_clean_vision/build/skai_moveit_config -- -j16 -l16
[2.210s] DEBUG:colcon.colcon_core.event_handler.log_command:Invoking command in '/home/tony/SKAI_clean_vision/build/skai_moveit_config': AMENT_PREFIX_PATH=/home/tony/SKAI_clean_vision/install/arm_rviz:/home/tony/SKAI_clean_vision/install/vision_moveit_bridge:/home/tony/SKAI_clean_vision/install/vision_gui:/home/tony/SKAI_clean_vision/install/skai_moveit_config:/home/tony/SKAI_clean_vision/install/skai_hardware_v2:/home/tony/SKAI_clean_vision/install/skai_bringup:/home/tony/SKAI_clean_vision/install/red_detector:/home/tony/SKAI_clean_vision/install/moveit_goal_bridge:/home/tony/SKAI_clean_vision/install/mock_camera:/opt/ros/jazzy CMAKE_PREFIX_PATH=${CMAKE_PREFIX_PATH}:/home/tony/SKAI_clean_vision/install/vision_moveit_bridge:/home/tony/SKAI_clean_vision/install/vision_gui:/home/tony/SKAI_clean_vision/install/skai_bringup:/home/tony/SKAI_clean_vision/install/red_detector:/home/tony/SKAI_clean_vision/install/mock_camera:/home/tony/SKAI_clean_vision/install/arm_rviz:/opt/ros/jazzy DEBUGINFOD_URLS=https://debuginfod.ubuntu.com PYTHONPATH=/home/tony/SKAI_clean_vision/install/arm_rviz/lib/python3.12/site-packages:/home/tony/SKAI_clean_vision/install/vision_moveit_bridge/lib/python3.12/site-packages:/home/tony/SKAI_clean_vision/install/vision_gui/lib/python3.12/site-packages:/home/tony/SKAI_clean_vision/install/skai_bringup/lib/python3.12/site-packages:/home/tony/SKAI_clean_vision/install/red_detector/lib/python3.12/site-packages:/home/tony/SKAI_clean_vision/install/mock_camera/lib/python3.12/site-packages:/opt/ros/jazzy/lib/python3.12/site-packages /usr/bin/cmake --install /home/tony/SKAI_clean_vision/build/skai_moveit_config
[2.211s] Level 1:colcon.colcon_core.environment:checking '/home/tony/SKAI_clean_vision/install/skai_bringup' for CMake module files
[2.211s] DEBUG:colcon.colcon_core.event_handler.log_command:Invoked command in '/home/tony/SKAI_clean_vision/src/skai_bringup' returned '0': DEBUGINFOD_URLS=https://debuginfod.ubuntu.com PYTHONPATH=/home/tony/SKAI_clean_vision/build/skai_bringup/prefix_override:/usr/lib/python3/dist-packages/colcon_core/task/python/colcon_distutils_commands:/home/tony/SKAI_clean_vision/install/skai_bringup/lib/python3.12/site-packages:${PYTHONPATH} /usr/bin/python3 -W ignore:setup.py install is deprecated -W ignore:easy_install command is deprecated setup.py egg_info --egg-base ../../build/skai_bringup build --build-base /home/tony/SKAI_clean_vision/build/skai_bringup/build install --record /home/tony/SKAI_clean_vision/build/skai_bringup/install.log --single-version-externally-managed install_data
[2.211s] Level 1:colcon.colcon_core.environment:checking '/home/tony/SKAI_clean_vision/install/skai_bringup' for CMake config files
[2.212s] Level 1:colcon.colcon_core.environment:checking '/home/tony/SKAI_clean_vision/install/skai_bringup/lib'
[2.212s] Level 1:colcon.colcon_core.environment:checking '/home/tony/SKAI_clean_vision/install/skai_bringup/bin'
[2.212s] Level 1:colcon.colcon_core.environment:checking '/home/tony/SKAI_clean_vision/install/skai_bringup/lib/pkgconfig/skai_bringup.pc'
[2.212s] Level 1:colcon.colcon_core.environment:checking '/home/tony/SKAI_clean_vision/install/skai_bringup/lib/python3.12/site-packages'
[2.212s] Level 1:colcon.colcon_core.shell:create_environment_hook('skai_bringup', 'pythonpath')
[2.212s] INFO:colcon.colcon_core.shell:Creating environment hook '/home/tony/SKAI_clean_vision/install/skai_bringup/share/skai_bringup/hook/pythonpath.ps1'
[2.213s] INFO:colcon.colcon_core.shell:Creating environment descriptor '/home/tony/SKAI_clean_vision/install/skai_bringup/share/skai_bringup/hook/pythonpath.dsv'
[2.213s] INFO:colcon.colcon_core.shell:Creating environment hook '/home/tony/SKAI_clean_vision/install/skai_bringup/share/skai_bringup/hook/pythonpath.sh'
[2.213s] Level 1:colcon.colcon_core.environment:checking '/home/tony/SKAI_clean_vision/install/skai_bringup/bin'
[2.213s] Level 1:colcon.colcon_core.environment:create_environment_scripts_only(skai_bringup)
[2.213s] INFO:colcon.colcon_core.shell:Creating package script '/home/tony/SKAI_clean_vision/install/skai_bringup/share/skai_bringup/package.ps1'
[2.214s] INFO:colcon.colcon_core.shell:Creating package descriptor '/home/tony/SKAI_clean_vision/install/skai_bringup/share/skai_bringup/package.dsv'
[2.214s] INFO:colcon.colcon_core.shell:Creating package script '/home/tony/SKAI_clean_vision/install/skai_bringup/share/skai_bringup/package.sh'
[2.214s] INFO:colcon.colcon_core.shell:Creating package script '/home/tony/SKAI_clean_vision/install/skai_bringup/share/skai_bringup/package.bash'
[2.214s] INFO:colcon.colcon_core.shell:Creating package script '/home/tony/SKAI_clean_vision/install/skai_bringup/share/skai_bringup/package.zsh'
[2.215s] Level 1:colcon.colcon_core.environment:create_file_with_runtime_dependencies(/home/tony/SKAI_clean_vision/install/skai_bringup/share/colcon-core/packages/skai_bringup)
[2.219s] Level 1:colcon.colcon_core.environment:create_environment_scripts_only(skai_moveit_config)
[2.219s] Level 1:colcon.colcon_core.environment:checking '/home/tony/SKAI_clean_vision/install/skai_moveit_config' for CMake module files
[2.219s] DEBUG:colcon.colcon_core.event_handler.log_command:Invoked command in '/home/tony/SKAI_clean_vision/build/skai_moveit_config' returned '0': AMENT_PREFIX_PATH=/home/tony/SKAI_clean_vision/install/arm_rviz:/home/tony/SKAI_clean_vision/install/vision_moveit_bridge:/home/tony/SKAI_clean_vision/install/vision_gui:/home/tony/SKAI_clean_vision/install/skai_moveit_config:/home/tony/SKAI_clean_vision/install/skai_hardware_v2:/home/tony/SKAI_clean_vision/install/skai_bringup:/home/tony/SKAI_clean_vision/install/red_detector:/home/tony/SKAI_clean_vision/install/moveit_goal_bridge:/home/tony/SKAI_clean_vision/install/mock_camera:/opt/ros/jazzy CMAKE_PREFIX_PATH=${CMAKE_PREFIX_PATH}:/home/tony/SKAI_clean_vision/install/vision_moveit_bridge:/home/tony/SKAI_clean_vision/install/vision_gui:/home/tony/SKAI_clean_vision/install/skai_bringup:/home/tony/SKAI_clean_vision/install/red_detector:/home/tony/SKAI_clean_vision/install/mock_camera:/home/tony/SKAI_clean_vision/install/arm_rviz:/opt/ros/jazzy DEBUGINFOD_URLS=https://debuginfod.ubuntu.com PYTHONPATH=/home/tony/SKAI_clean_vision/install/arm_rviz/lib/python3.12/site-packages:/home/tony/SKAI_clean_vision/install/vision_moveit_bridge/lib/python3.12/site-packages:/home/tony/SKAI_clean_vision/install/vision_gui/lib/python3.12/site-packages:/home/tony/SKAI_clean_vision/install/skai_bringup/lib/python3.12/site-packages:/home/tony/SKAI_clean_vision/install/red_detector/lib/python3.12/site-packages:/home/tony/SKAI_clean_vision/install/mock_camera/lib/python3.12/site-packages:/opt/ros/jazzy/lib/python3.12/site-packages /usr/bin/cmake --install /home/tony/SKAI_clean_vision/build/skai_moveit_config
[2.219s] Level 1:colcon.colcon_core.environment:checking '/home/tony/SKAI_clean_vision/install/skai_moveit_config' for CMake config files
[2.220s] Level 1:colcon.colcon_core.shell:create_environment_hook('skai_moveit_config', 'cmake_prefix_path')
[2.220s] INFO:colcon.colcon_core.shell:Creating environment hook '/home/tony/SKAI_clean_vision/install/skai_moveit_config/share/skai_moveit_config/hook/cmake_prefix_path.ps1'
[2.220s] INFO:colcon.colcon_core.shell:Creating environment descriptor '/home/tony/SKAI_clean_vision/install/skai_moveit_config/share/skai_moveit_config/hook/cmake_prefix_path.dsv'
[2.220s] INFO:colcon.colcon_core.shell:Creating environment hook '/home/tony/SKAI_clean_vision/install/skai_moveit_config/share/skai_moveit_config/hook/cmake_prefix_path.sh'
[2.220s] Level 1:colcon.colcon_core.environment:checking '/home/tony/SKAI_clean_vision/install/skai_moveit_config/bin'
[2.221s] Level 1:colcon.colcon_core.environment:checking '/home/tony/SKAI_clean_vision/install/skai_moveit_config/lib/pkgconfig/skai_moveit_config.pc'
[2.221s] Level 1:colcon.colcon_core.environment:checking '/home/tony/SKAI_clean_vision/install/skai_moveit_config/lib/python3.12/site-packages'
[2.221s] Level 1:colcon.colcon_core.environment:checking '/home/tony/SKAI_clean_vision/install/skai_moveit_config/bin'
[2.221s] INFO:colcon.colcon_core.shell:Creating package script '/home/tony/SKAI_clean_vision/install/skai_moveit_config/share/skai_moveit_config/package.ps1'
[2.221s] INFO:colcon.colcon_core.shell:Creating package descriptor '/home/tony/SKAI_clean_vision/install/skai_moveit_config/share/skai_moveit_config/package.dsv'
[2.222s] INFO:colcon.colcon_core.shell:Creating package script '/home/tony/SKAI_clean_vision/install/skai_moveit_config/share/skai_moveit_config/package.sh'
[2.222s] INFO:colcon.colcon_core.shell:Creating package script '/home/tony/SKAI_clean_vision/install/skai_moveit_config/share/skai_moveit_config/package.bash'
[2.222s] INFO:colcon.colcon_core.shell:Creating package script '/home/tony/SKAI_clean_vision/install/skai_moveit_config/share/skai_moveit_config/package.zsh'
[2.222s] Level 1:colcon.colcon_core.environment:create_file_with_runtime_dependencies(/home/tony/SKAI_clean_vision/install/skai_moveit_config/share/colcon-core/packages/skai_moveit_config)
[2.222s] Level 1:colcon.colcon_core.environment:create_environment_scripts_only(skai_moveit_config)
[2.223s] Level 1:colcon.colcon_core.environment:checking '/home/tony/SKAI_clean_vision/install/skai_moveit_config' for CMake module files
[2.223s] Level 1:colcon.colcon_core.environment:checking '/home/tony/SKAI_clean_vision/install/skai_moveit_config' for CMake config files
[2.223s] Level 1:colcon.colcon_core.shell:create_environment_hook('skai_moveit_config', 'cmake_prefix_path')
[2.223s] INFO:colcon.colcon_core.shell:Creating environment hook '/home/tony/SKAI_clean_vision/install/skai_moveit_config/share/skai_moveit_config/hook/cmake_prefix_path.ps1'
[2.223s] INFO:colcon.colcon_core.shell:Creating environment descriptor '/home/tony/SKAI_clean_vision/install/skai_moveit_config/share/skai_moveit_config/hook/cmake_prefix_path.dsv'
[2.223s] INFO:colcon.colcon_core.shell:Creating environment hook '/home/tony/SKAI_clean_vision/install/skai_moveit_config/share/skai_moveit_config/hook/cmake_prefix_path.sh'
[2.224s] Level 1:colcon.colcon_core.environment:checking '/home/tony/SKAI_clean_vision/install/skai_moveit_config/bin'
[2.224s] Level 1:colcon.colcon_core.environment:checking '/home/tony/SKAI_clean_vision/install/skai_moveit_config/lib/pkgconfig/skai_moveit_config.pc'
[2.224s] Level 1:colcon.colcon_core.environment:checking '/home/tony/SKAI_clean_vision/install/skai_moveit_config/lib/python3.12/site-packages'
[2.224s] Level 1:colcon.colcon_core.environment:checking '/home/tony/SKAI_clean_vision/install/skai_moveit_config/bin'
[2.224s] INFO:colcon.colcon_core.shell:Creating package script '/home/tony/SKAI_clean_vision/install/skai_moveit_config/share/skai_moveit_config/package.ps1'
[2.225s] INFO:colcon.colcon_core.shell:Creating package descriptor '/home/tony/SKAI_clean_vision/install/skai_moveit_config/share/skai_moveit_config/package.dsv'
[2.225s] INFO:colcon.colcon_core.shell:Creating package script '/home/tony/SKAI_clean_vision/install/skai_moveit_config/share/skai_moveit_config/package.sh'
[2.225s] INFO:colcon.colcon_core.shell:Creating package script '/home/tony/SKAI_clean_vision/install/skai_moveit_config/share/skai_moveit_config/package.bash'
[2.225s] INFO:colcon.colcon_core.shell:Creating package script '/home/tony/SKAI_clean_vision/install/skai_moveit_config/share/skai_moveit_config/package.zsh'
[2.226s] Level 1:colcon.colcon_core.environment:create_file_with_runtime_dependencies(/home/tony/SKAI_clean_vision/install/skai_moveit_config/share/colcon-core/packages/skai_moveit_config)
[2.226s] Level 1:colcon.colcon_core.environment:checking '/home/tony/SKAI_clean_vision/install/vision_moveit_bridge' for CMake module files
[2.227s] DEBUG:colcon.colcon_core.event_handler.log_command:Invoked command in '/home/tony/SKAI_clean_vision/src/vision_moveit_bridge' returned '0': DEBUGINFOD_URLS=https://debuginfod.ubuntu.com PYTHONPATH=/home/tony/SKAI_clean_vision/build/vision_moveit_bridge/prefix_override:/usr/lib/python3/dist-packages/colcon_core/task/python/colcon_distutils_commands:/home/tony/SKAI_clean_vision/install/vision_moveit_bridge/lib/python3.12/site-packages:${PYTHONPATH} /usr/bin/python3 -W ignore:setup.py install is deprecated -W ignore:easy_install command is deprecated setup.py egg_info --egg-base ../../build/vision_moveit_bridge build --build-base /home/tony/SKAI_clean_vision/build/vision_moveit_bridge/build install --record /home/tony/SKAI_clean_vision/build/vision_moveit_bridge/install.log --single-version-externally-managed install_data
[2.227s] Level 1:colcon.colcon_core.environment:checking '/home/tony/SKAI_clean_vision/install/vision_moveit_bridge' for CMake config files
[2.227s] Level 1:colcon.colcon_core.environment:checking '/home/tony/SKAI_clean_vision/install/vision_moveit_bridge/lib'
[2.227s] Level 1:colcon.colcon_core.environment:checking '/home/tony/SKAI_clean_vision/install/vision_moveit_bridge/bin'
[2.227s] Level 1:colcon.colcon_core.environment:checking '/home/tony/SKAI_clean_vision/install/vision_moveit_bridge/lib/pkgconfig/vision_moveit_bridge.pc'
[2.227s] Level 1:colcon.colcon_core.environment:checking '/home/tony/SKAI_clean_vision/install/vision_moveit_bridge/lib/python3.12/site-packages'
[2.227s] Level 1:colcon.colcon_core.shell:create_environment_hook('vision_moveit_bridge', 'pythonpath')
[2.227s] INFO:colcon.colcon_core.shell:Creating environment hook '/home/tony/SKAI_clean_vision/install/vision_moveit_bridge/share/vision_moveit_bridge/hook/pythonpath.ps1'
[2.228s] INFO:colcon.colcon_core.shell:Creating environment descriptor '/home/tony/SKAI_clean_vision/install/vision_moveit_bridge/share/vision_moveit_bridge/hook/pythonpath.dsv'
[2.228s] INFO:colcon.colcon_core.shell:Creating environment hook '/home/tony/SKAI_clean_vision/install/vision_moveit_bridge/share/vision_moveit_bridge/hook/pythonpath.sh'
[2.228s] Level 1:colcon.colcon_core.environment:checking '/home/tony/SKAI_clean_vision/install/vision_moveit_bridge/bin'
[2.228s] Level 1:colcon.colcon_core.environment:create_environment_scripts_only(vision_moveit_bridge)
[2.228s] INFO:colcon.colcon_core.shell:Creating package script '/home/tony/SKAI_clean_vision/install/vision_moveit_bridge/share/vision_moveit_bridge/package.ps1'
[2.229s] INFO:colcon.colcon_core.shell:Creating package descriptor '/home/tony/SKAI_clean_vision/install/vision_moveit_bridge/share/vision_moveit_bridge/package.dsv'
[2.229s] INFO:colcon.colcon_core.shell:Creating package script '/home/tony/SKAI_clean_vision/install/vision_moveit_bridge/share/vision_moveit_bridge/package.sh'
[2.229s] INFO:colcon.colcon_core.shell:Creating package script '/home/tony/SKAI_clean_vision/install/vision_moveit_bridge/share/vision_moveit_bridge/package.bash'
[2.229s] INFO:colcon.colcon_core.shell:Creating package script '/home/tony/SKAI_clean_vision/install/vision_moveit_bridge/share/vision_moveit_bridge/package.zsh'
[2.229s] Level 1:colcon.colcon_core.environment:create_file_with_runtime_dependencies(/home/tony/SKAI_clean_vision/install/vision_moveit_bridge/share/colcon-core/packages/vision_moveit_bridge)
[2.230s] DEBUG:colcon.colcon_parallel_executor.executor.parallel:closing loop
[2.230s] DEBUG:colcon.colcon_parallel_executor.executor.parallel:loop closed
[2.230s] DEBUG:colcon.colcon_parallel_executor.executor.parallel:run_until_complete finished with '0'
[2.230s] DEBUG:colcon.colcon_core.event_reactor:joining thread
[2.234s] INFO:colcon.colcon_core.plugin_system:Skipping extension 'colcon_notification.desktop_notification.terminal_notifier': Not used on non-Darwin systems
[2.234s] INFO:colcon.colcon_core.plugin_system:Skipping extension 'colcon_notification.desktop_notification.win32': Not used on non-Windows systems
[2.234s] INFO:colcon.colcon_notification.desktop_notification:Sending desktop notification using 'notify2'
[2.247s] DEBUG:colcon.colcon_core.event_reactor:joined thread
[2.247s] INFO:colcon.colcon_core.shell:Creating prefix script '/home/tony/SKAI_clean_vision/install/local_setup.ps1'
[2.248s] INFO:colcon.colcon_core.shell:Creating prefix util module '/home/tony/SKAI_clean_vision/install/_local_setup_util_ps1.py'
[2.248s] INFO:colcon.colcon_core.shell:Creating prefix chain script '/home/tony/SKAI_clean_vision/install/setup.ps1'
[2.249s] INFO:colcon.colcon_core.shell:Creating prefix script '/home/tony/SKAI_clean_vision/install/local_setup.sh'
[2.250s] INFO:colcon.colcon_core.shell:Creating prefix util module '/home/tony/SKAI_clean_vision/install/_local_setup_util_sh.py'
[2.250s] INFO:colcon.colcon_core.shell:Creating prefix chain script '/home/tony/SKAI_clean_vision/install/setup.sh'
[2.251s] INFO:colcon.colcon_core.shell:Creating prefix script '/home/tony/SKAI_clean_vision/install/local_setup.bash'
[2.251s] INFO:colcon.colcon_core.shell:Creating prefix chain script '/home/tony/SKAI_clean_vision/install/setup.bash'
[2.251s] INFO:colcon.colcon_core.shell:Creating prefix script '/home/tony/SKAI_clean_vision/install/local_setup.zsh'
[2.252s] INFO:colcon.colcon_core.shell:Creating prefix chain script '/home/tony/SKAI_clean_vision/install/setup.zsh'
