running egg_info
creating ../../build/mock_camera/mock_camera.egg-info
writing ../../build/mock_camera/mock_camera.egg-info/PKG-INFO
writing dependency_links to ../../build/mock_camera/mock_camera.egg-info/dependency_links.txt
writing entry points to ../../build/mock_camera/mock_camera.egg-info/entry_points.txt
writing requirements to ../../build/mock_camera/mock_camera.egg-info/requires.txt
writing top-level names to ../../build/mock_camera/mock_camera.egg-info/top_level.txt
writing manifest file '../../build/mock_camera/mock_camera.egg-info/SOURCES.txt'
reading manifest file '../../build/mock_camera/mock_camera.egg-info/SOURCES.txt'
writing manifest file '../../build/mock_camera/mock_camera.egg-info/SOURCES.txt'
running build
running build_py
creating /home/tony/SKAI_clean_vision/build/mock_camera/build
creating /home/tony/SKAI_clean_vision/build/mock_camera/build/lib
creating /home/tony/SKAI_clean_vision/build/mock_camera/build/lib/mock_camera
copying mock_camera/mock_camera.py -> /home/tony/SKAI_clean_vision/build/mock_camera/build/lib/mock_camera
copying mock_camera/__init__.py -> /home/tony/SKAI_clean_vision/build/mock_camera/build/lib/mock_camera
running install
running install_lib
creating /home/tony/SKAI_clean_vision/install/mock_camera/lib/python3.12/site-packages/mock_camera
copying /home/tony/SKAI_clean_vision/build/mock_camera/build/lib/mock_camera/mock_camera.py -> /home/tony/SKAI_clean_vision/install/mock_camera/lib/python3.12/site-packages/mock_camera
copying /home/tony/SKAI_clean_vision/build/mock_camera/build/lib/mock_camera/__init__.py -> /home/tony/SKAI_clean_vision/install/mock_camera/lib/python3.12/site-packages/mock_camera
byte-compiling /home/tony/SKAI_clean_vision/install/mock_camera/lib/python3.12/site-packages/mock_camera/mock_camera.py to mock_camera.cpython-312.pyc
byte-compiling /home/tony/SKAI_clean_vision/install/mock_camera/lib/python3.12/site-packages/mock_camera/__init__.py to __init__.cpython-312.pyc
running install_data
creating /home/tony/SKAI_clean_vision/install/mock_camera/share/ament_index
creating /home/tony/SKAI_clean_vision/install/mock_camera/share/ament_index/resource_index
creating /home/tony/SKAI_clean_vision/install/mock_camera/share/ament_index/resource_index/packages
copying resource/mock_camera -> /home/tony/SKAI_clean_vision/install/mock_camera/share/ament_index/resource_index/packages
copying package.xml -> /home/tony/SKAI_clean_vision/install/mock_camera/share/mock_camera
running install_egg_info
Copying ../../build/mock_camera/mock_camera.egg-info to /home/tony/SKAI_clean_vision/install/mock_camera/lib/python3.12/site-packages/mock_camera-0.0.0-py3.12.egg-info
running install_scripts
Installing mock_camera script to /home/tony/SKAI_clean_vision/install/mock_camera/lib/mock_camera
writing list of installed files to '/home/tony/SKAI_clean_vision/build/mock_camera/install.log'
