[1.577s] Invoking command in '/home/tony/SKAI_clean_vision/src/mock_camera': DEBUGINFOD_URLS=https://debuginfod.ubuntu.com PYTHONPATH=/home/tony/SKAI_clean_vision/build/mock_camera/prefix_override:/usr/lib/python3/dist-packages/colcon_core/task/python/colcon_distutils_commands:/home/tony/SKAI_clean_vision/install/mock_camera/lib/python3.12/site-packages:${PYTHONPATH} /usr/bin/python3 -W ignore:setup.py install is deprecated -W ignore:easy_install command is deprecated setup.py egg_info --egg-base ../../build/mock_camera build --build-base /home/tony/SKAI_clean_vision/build/mock_camera/build install --record /home/tony/SKAI_clean_vision/build/mock_camera/install.log --single-version-externally-managed install_data
[1.802s] running egg_info
[1.802s] creating ../../build/mock_camera/mock_camera.egg-info
[1.821s] writing ../../build/mock_camera/mock_camera.egg-info/PKG-INFO
[1.821s] writing dependency_links to ../../build/mock_camera/mock_camera.egg-info/dependency_links.txt
[1.821s] writing entry points to ../../build/mock_camera/mock_camera.egg-info/entry_points.txt
[1.821s] writing requirements to ../../build/mock_camera/mock_camera.egg-info/requires.txt
[1.821s] writing top-level names to ../../build/mock_camera/mock_camera.egg-info/top_level.txt
[1.821s] writing manifest file '../../build/mock_camera/mock_camera.egg-info/SOURCES.txt'
[1.855s] reading manifest file '../../build/mock_camera/mock_camera.egg-info/SOURCES.txt'
[1.855s] writing manifest file '../../build/mock_camera/mock_camera.egg-info/SOURCES.txt'
[1.855s] running build
[1.855s] running build_py
[1.855s] creating /home/tony/SKAI_clean_vision/build/mock_camera/build
[1.856s] creating /home/tony/SKAI_clean_vision/build/mock_camera/build/lib
[1.856s] creating /home/tony/SKAI_clean_vision/build/mock_camera/build/lib/mock_camera
[1.856s] copying mock_camera/mock_camera.py -> /home/tony/SKAI_clean_vision/build/mock_camera/build/lib/mock_camera
[1.856s] copying mock_camera/__init__.py -> /home/tony/SKAI_clean_vision/build/mock_camera/build/lib/mock_camera
[1.856s] running install
[1.861s] running install_lib
[1.878s] creating /home/tony/SKAI_clean_vision/install/mock_camera/lib/python3.12/site-packages/mock_camera
[1.878s] copying /home/tony/SKAI_clean_vision/build/mock_camera/build/lib/mock_camera/mock_camera.py -> /home/tony/SKAI_clean_vision/install/mock_camera/lib/python3.12/site-packages/mock_camera
[1.878s] copying /home/tony/SKAI_clean_vision/build/mock_camera/build/lib/mock_camera/__init__.py -> /home/tony/SKAI_clean_vision/install/mock_camera/lib/python3.12/site-packages/mock_camera
[1.878s] byte-compiling /home/tony/SKAI_clean_vision/install/mock_camera/lib/python3.12/site-packages/mock_camera/mock_camera.py to mock_camera.cpython-312.pyc
[1.878s] byte-compiling /home/tony/SKAI_clean_vision/install/mock_camera/lib/python3.12/site-packages/mock_camera/__init__.py to __init__.cpython-312.pyc
[1.880s] running install_data
[1.880s] creating /home/tony/SKAI_clean_vision/install/mock_camera/share/ament_index
[1.880s] creating /home/tony/SKAI_clean_vision/install/mock_camera/share/ament_index/resource_index
[1.880s] creating /home/tony/SKAI_clean_vision/install/mock_camera/share/ament_index/resource_index/packages
[1.880s] copying resource/mock_camera -> /home/tony/SKAI_clean_vision/install/mock_camera/share/ament_index/resource_index/packages
[1.880s] copying package.xml -> /home/tony/SKAI_clean_vision/install/mock_camera/share/mock_camera
[1.880s] running install_egg_info
[1.897s] Copying ../../build/mock_camera/mock_camera.egg-info to /home/tony/SKAI_clean_vision/install/mock_camera/lib/python3.12/site-packages/mock_camera-0.0.0-py3.12.egg-info
[1.898s] running install_scripts
[2.012s] Installing mock_camera script to /home/tony/SKAI_clean_vision/install/mock_camera/lib/mock_camera
[2.012s] writing list of installed files to '/home/tony/SKAI_clean_vision/build/mock_camera/install.log'
[2.138s] Invoked command in '/home/tony/SKAI_clean_vision/src/mock_camera' returned '0': DEBUGINFOD_URLS=https://debuginfod.ubuntu.com PYTHONPATH=/home/tony/SKAI_clean_vision/build/mock_camera/prefix_override:/usr/lib/python3/dist-packages/colcon_core/task/python/colcon_distutils_commands:/home/tony/SKAI_clean_vision/install/mock_camera/lib/python3.12/site-packages:${PYTHONPATH} /usr/bin/python3 -W ignore:setup.py install is deprecated -W ignore:easy_install command is deprecated setup.py egg_info --egg-base ../../build/mock_camera build --build-base /home/tony/SKAI_clean_vision/build/mock_camera/build install --record /home/tony/SKAI_clean_vision/build/mock_camera/install.log --single-version-externally-managed install_data
