running egg_info
creating ../../build/red_detector/red_detector.egg-info
writing ../../build/red_detector/red_detector.egg-info/PKG-INFO
writing dependency_links to ../../build/red_detector/red_detector.egg-info/dependency_links.txt
writing entry points to ../../build/red_detector/red_detector.egg-info/entry_points.txt
writing requirements to ../../build/red_detector/red_detector.egg-info/requires.txt
writing top-level names to ../../build/red_detector/red_detector.egg-info/top_level.txt
writing manifest file '../../build/red_detector/red_detector.egg-info/SOURCES.txt'
reading manifest file '../../build/red_detector/red_detector.egg-info/SOURCES.txt'
writing manifest file '../../build/red_detector/red_detector.egg-info/SOURCES.txt'
running build
running build_py
creating /home/tony/SKAI_clean_vision/build/red_detector/build
creating /home/tony/SKAI_clean_vision/build/red_detector/build/lib
creating /home/tony/SKAI_clean_vision/build/red_detector/build/lib/red_detector
copying red_detector/red_detector_node.py -> /home/tony/SKAI_clean_vision/build/red_detector/build/lib/red_detector
copying red_detector/__init__.py -> /home/tony/SKAI_clean_vision/build/red_detector/build/lib/red_detector
running install
running install_lib
creating /home/tony/SKAI_clean_vision/install/red_detector/lib/python3.12/site-packages/red_detector
copying /home/tony/SKAI_clean_vision/build/red_detector/build/lib/red_detector/red_detector_node.py -> /home/tony/SKAI_clean_vision/install/red_detector/lib/python3.12/site-packages/red_detector
copying /home/tony/SKAI_clean_vision/build/red_detector/build/lib/red_detector/__init__.py -> /home/tony/SKAI_clean_vision/install/red_detector/lib/python3.12/site-packages/red_detector
byte-compiling /home/tony/SKAI_clean_vision/install/red_detector/lib/python3.12/site-packages/red_detector/red_detector_node.py to red_detector_node.cpython-312.pyc
byte-compiling /home/tony/SKAI_clean_vision/install/red_detector/lib/python3.12/site-packages/red_detector/__init__.py to __init__.cpython-312.pyc
running install_data
creating /home/tony/SKAI_clean_vision/install/red_detector/share/ament_index
creating /home/tony/SKAI_clean_vision/install/red_detector/share/ament_index/resource_index
creating /home/tony/SKAI_clean_vision/install/red_detector/share/ament_index/resource_index/packages
copying resource/red_detector -> /home/tony/SKAI_clean_vision/install/red_detector/share/ament_index/resource_index/packages
copying package.xml -> /home/tony/SKAI_clean_vision/install/red_detector/share/red_detector
running install_egg_info
Copying ../../build/red_detector/red_detector.egg-info to /home/tony/SKAI_clean_vision/install/red_detector/lib/python3.12/site-packages/red_detector-0.0.0-py3.12.egg-info
running install_scripts
Installing red_detector_node script to /home/tony/SKAI_clean_vision/install/red_detector/lib/red_detector
writing list of installed files to '/home/tony/SKAI_clean_vision/build/red_detector/install.log'
