[1.582s] Invoking command in '/home/tony/SKAI_clean_vision/src/red_detector': DEBUGINFOD_URLS=https://debuginfod.ubuntu.com PYTHONPATH=/home/tony/SKAI_clean_vision/build/red_detector/prefix_override:/usr/lib/python3/dist-packages/colcon_core/task/python/colcon_distutils_commands:/home/tony/SKAI_clean_vision/install/red_detector/lib/python3.12/site-packages:${PYTHONPATH} /usr/bin/python3 -W ignore:setup.py install is deprecated -W ignore:easy_install command is deprecated setup.py egg_info --egg-base ../../build/red_detector build --build-base /home/tony/SKAI_clean_vision/build/red_detector/build install --record /home/tony/SKAI_clean_vision/build/red_detector/install.log --single-version-externally-managed install_data
[1.803s] running egg_info
[1.803s] creating ../../build/red_detector/red_detector.egg-info
[1.819s] writing ../../build/red_detector/red_detector.egg-info/PKG-INFO
[1.820s] writing dependency_links to ../../build/red_detector/red_detector.egg-info/dependency_links.txt
[1.820s] writing entry points to ../../build/red_detector/red_detector.egg-info/entry_points.txt
[1.820s] writing requirements to ../../build/red_detector/red_detector.egg-info/requires.txt
[1.820s] writing top-level names to ../../build/red_detector/red_detector.egg-info/top_level.txt
[1.820s] writing manifest file '../../build/red_detector/red_detector.egg-info/SOURCES.txt'
[1.853s] reading manifest file '../../build/red_detector/red_detector.egg-info/SOURCES.txt'
[1.854s] writing manifest file '../../build/red_detector/red_detector.egg-info/SOURCES.txt'
[1.854s] running build
[1.854s] running build_py
[1.854s] creating /home/tony/SKAI_clean_vision/build/red_detector/build
[1.855s] creating /home/tony/SKAI_clean_vision/build/red_detector/build/lib
[1.855s] creating /home/tony/SKAI_clean_vision/build/red_detector/build/lib/red_detector
[1.855s] copying red_detector/red_detector_node.py -> /home/tony/SKAI_clean_vision/build/red_detector/build/lib/red_detector
[1.855s] copying red_detector/__init__.py -> /home/tony/SKAI_clean_vision/build/red_detector/build/lib/red_detector
[1.855s] running install
[1.860s] running install_lib
[1.877s] creating /home/tony/SKAI_clean_vision/install/red_detector/lib/python3.12/site-packages/red_detector
[1.878s] copying /home/tony/SKAI_clean_vision/build/red_detector/build/lib/red_detector/red_detector_node.py -> /home/tony/SKAI_clean_vision/install/red_detector/lib/python3.12/site-packages/red_detector
[1.878s] copying /home/tony/SKAI_clean_vision/build/red_detector/build/lib/red_detector/__init__.py -> /home/tony/SKAI_clean_vision/install/red_detector/lib/python3.12/site-packages/red_detector
[1.878s] byte-compiling /home/tony/SKAI_clean_vision/install/red_detector/lib/python3.12/site-packages/red_detector/red_detector_node.py to red_detector_node.cpython-312.pyc
[1.880s] byte-compiling /home/tony/SKAI_clean_vision/install/red_detector/lib/python3.12/site-packages/red_detector/__init__.py to __init__.cpython-312.pyc
[1.881s] running install_data
[1.881s] creating /home/tony/SKAI_clean_vision/install/red_detector/share/ament_index
[1.881s] creating /home/tony/SKAI_clean_vision/install/red_detector/share/ament_index/resource_index
[1.881s] creating /home/tony/SKAI_clean_vision/install/red_detector/share/ament_index/resource_index/packages
[1.881s] copying resource/red_detector -> /home/tony/SKAI_clean_vision/install/red_detector/share/ament_index/resource_index/packages
[1.881s] copying package.xml -> /home/tony/SKAI_clean_vision/install/red_detector/share/red_detector
[1.881s] running install_egg_info
[1.901s] Copying ../../build/red_detector/red_detector.egg-info to /home/tony/SKAI_clean_vision/install/red_detector/lib/python3.12/site-packages/red_detector-0.0.0-py3.12.egg-info
[1.902s] running install_scripts
[2.017s] Installing red_detector_node script to /home/tony/SKAI_clean_vision/install/red_detector/lib/red_detector
[2.018s] writing list of installed files to '/home/tony/SKAI_clean_vision/build/red_detector/install.log'
[2.138s] Invoked command in '/home/tony/SKAI_clean_vision/src/red_detector' returned '0': DEBUGINFOD_URLS=https://debuginfod.ubuntu.com PYTHONPATH=/home/tony/SKAI_clean_vision/build/red_detector/prefix_override:/usr/lib/python3/dist-packages/colcon_core/task/python/colcon_distutils_commands:/home/tony/SKAI_clean_vision/install/red_detector/lib/python3.12/site-packages:${PYTHONPATH} /usr/bin/python3 -W ignore:setup.py install is deprecated -W ignore:easy_install command is deprecated setup.py egg_info --egg-base ../../build/red_detector build --build-base /home/tony/SKAI_clean_vision/build/red_detector/build install --record /home/tony/SKAI_clean_vision/build/red_detector/install.log --single-version-externally-managed install_data
