[1.484s] Invoking command in '/home/tony/SKAI_clean_vision/src/vision_moveit_bridge': DEBUGINFOD_URLS=https://debuginfod.ubuntu.com PYTHONPATH=/home/tony/SKAI_clean_vision/build/vision_moveit_bridge/prefix_override:/usr/lib/python3/dist-packages/colcon_core/task/python/colcon_distutils_commands:/home/tony/SKAI_clean_vision/install/vision_moveit_bridge/lib/python3.12/site-packages:${PYTHONPATH} /usr/bin/python3 -W ignore:setup.py install is deprecated -W ignore:easy_install command is deprecated setup.py egg_info --egg-base ../../build/vision_moveit_bridge build --build-base /home/tony/SKAI_clean_vision/build/vision_moveit_bridge/build install --record /home/tony/SKAI_clean_vision/build/vision_moveit_bridge/install.log --single-version-externally-managed install_data
[1.694s] running egg_info
[1.710s] writing ../../build/vision_moveit_bridge/vision_moveit_bridge.egg-info/PKG-INFO
[1.710s] writing dependency_links to ../../build/vision_moveit_bridge/vision_moveit_bridge.egg-info/dependency_links.txt
[1.710s] writing entry points to ../../build/vision_moveit_bridge/vision_moveit_bridge.egg-info/entry_points.txt
[1.710s] writing requirements to ../../build/vision_moveit_bridge/vision_moveit_bridge.egg-info/requires.txt
[1.711s] writing top-level names to ../../build/vision_moveit_bridge/vision_moveit_bridge.egg-info/top_level.txt
[1.743s] reading manifest file '../../build/vision_moveit_bridge/vision_moveit_bridge.egg-info/SOURCES.txt'
[1.744s] writing manifest file '../../build/vision_moveit_bridge/vision_moveit_bridge.egg-info/SOURCES.txt'
[1.744s] running build
[1.744s] running build_py
[1.744s] running install
[1.749s] running install_lib
[1.767s] running install_data
[1.767s] running install_egg_info
[1.785s] removing '/home/tony/SKAI_clean_vision/install/vision_moveit_bridge/lib/python3.12/site-packages/vision_moveit_bridge-0.0.0-py3.12.egg-info' (and everything under it)
[1.785s] Copying ../../build/vision_moveit_bridge/vision_moveit_bridge.egg-info to /home/tony/SKAI_clean_vision/install/vision_moveit_bridge/lib/python3.12/site-packages/vision_moveit_bridge-0.0.0-py3.12.egg-info
[1.786s] running install_scripts
[1.890s] Installing vision_moveit_bridge script to /home/tony/SKAI_clean_vision/install/vision_moveit_bridge/lib/vision_moveit_bridge
[1.890s] writing list of installed files to '/home/tony/SKAI_clean_vision/build/vision_moveit_bridge/install.log'
[1.993s] Invoked command in '/home/tony/SKAI_clean_vision/src/vision_moveit_bridge' returned '0': DEBUGINFOD_URLS=https://debuginfod.ubuntu.com PYTHONPATH=/home/tony/SKAI_clean_vision/build/vision_moveit_bridge/prefix_override:/usr/lib/python3/dist-packages/colcon_core/task/python/colcon_distutils_commands:/home/tony/SKAI_clean_vision/install/vision_moveit_bridge/lib/python3.12/site-packages:${PYTHONPATH} /usr/bin/python3 -W ignore:setup.py install is deprecated -W ignore:easy_install command is deprecated setup.py egg_info --egg-base ../../build/vision_moveit_bridge build --build-base /home/tony/SKAI_clean_vision/build/vision_moveit_bridge/build install --record /home/tony/SKAI_clean_vision/build/vision_moveit_bridge/install.log --single-version-externally-managed install_data
