[1.562s] Invoking command in '/home/tony/SKAI_clean_vision/src/skai_bringup': DEBUGINFOD_URLS=https://debuginfod.ubuntu.com PYTHONPATH=/home/tony/SKAI_clean_vision/build/skai_bringup/prefix_override:/usr/lib/python3/dist-packages/colcon_core/task/python/colcon_distutils_commands:/home/tony/SKAI_clean_vision/install/skai_bringup/lib/python3.12/site-packages:${PYTHONPATH} /usr/bin/python3 -W ignore:setup.py install is deprecated -W ignore:easy_install command is deprecated setup.py egg_info --egg-base ../../build/skai_bringup build --build-base /home/tony/SKAI_clean_vision/build/skai_bringup/build install --record /home/tony/SKAI_clean_vision/build/skai_bringup/install.log --single-version-externally-managed install_data
[1.785s] running egg_info
[1.785s] creating ../../build/skai_bringup/skai_bringup.egg-info
[1.802s] writing ../../build/skai_bringup/skai_bringup.egg-info/PKG-INFO
[1.802s] writing dependency_links to ../../build/skai_bringup/skai_bringup.egg-info/dependency_links.txt
[1.802s] writing entry points to ../../build/skai_bringup/skai_bringup.egg-info/entry_points.txt
[1.802s] writing requirements to ../../build/skai_bringup/skai_bringup.egg-info/requires.txt
[1.802s] writing top-level names to ../../build/skai_bringup/skai_bringup.egg-info/top_level.txt
[1.802s] writing manifest file '../../build/skai_bringup/skai_bringup.egg-info/SOURCES.txt'
[1.845s] reading manifest file '../../build/skai_bringup/skai_bringup.egg-info/SOURCES.txt'
[1.845s] writing manifest file '../../build/skai_bringup/skai_bringup.egg-info/SOURCES.txt'
[1.846s] running build
[1.846s] running build_py
[1.846s] creating /home/tony/SKAI_clean_vision/build/skai_bringup/build
[1.846s] creating /home/tony/SKAI_clean_vision/build/skai_bringup/build/lib
[1.846s] creating /home/tony/SKAI_clean_vision/build/skai_bringup/build/lib/skai_bringup
[1.846s] copying skai_bringup/add_leaf.py -> /home/tony/SKAI_clean_vision/build/skai_bringup/build/lib/skai_bringup
[1.846s] copying skai_bringup/__init__.py -> /home/tony/SKAI_clean_vision/build/skai_bringup/build/lib/skai_bringup
[1.846s] running install
[1.851s] running install_lib
[1.868s] creating /home/tony/SKAI_clean_vision/install/skai_bringup/lib/python3.12/site-packages/skai_bringup
[1.868s] copying /home/tony/SKAI_clean_vision/build/skai_bringup/build/lib/skai_bringup/add_leaf.py -> /home/tony/SKAI_clean_vision/install/skai_bringup/lib/python3.12/site-packages/skai_bringup
[1.869s] copying /home/tony/SKAI_clean_vision/build/skai_bringup/build/lib/skai_bringup/__init__.py -> /home/tony/SKAI_clean_vision/install/skai_bringup/lib/python3.12/site-packages/skai_bringup
[1.869s] byte-compiling /home/tony/SKAI_clean_vision/install/skai_bringup/lib/python3.12/site-packages/skai_bringup/add_leaf.py to add_leaf.cpython-312.pyc
[1.870s] byte-compiling /home/tony/SKAI_clean_vision/install/skai_bringup/lib/python3.12/site-packages/skai_bringup/__init__.py to __init__.cpython-312.pyc
[1.870s] running install_data
[1.870s] creating /home/tony/SKAI_clean_vision/install/skai_bringup/share/ament_index
[1.870s] creating /home/tony/SKAI_clean_vision/install/skai_bringup/share/ament_index/resource_index
[1.871s] creating /home/tony/SKAI_clean_vision/install/skai_bringup/share/ament_index/resource_index/packages
[1.871s] copying resource/skai_bringup -> /home/tony/SKAI_clean_vision/install/skai_bringup/share/ament_index/resource_index/packages
[1.871s] copying package.xml -> /home/tony/SKAI_clean_vision/install/skai_bringup/share/skai_bringup
[1.871s] creating /home/tony/SKAI_clean_vision/install/skai_bringup/share/skai_bringup/launch
[1.871s] copying launch/vision_system.launch.py -> /home/tony/SKAI_clean_vision/install/skai_bringup/share/skai_bringup/launch
[1.871s] copying launch/demo_with_leaf.launch.py -> /home/tony/SKAI_clean_vision/install/skai_bringup/share/skai_bringup/launch
[1.871s] running install_egg_info
[1.889s] Copying ../../build/skai_bringup/skai_bringup.egg-info to /home/tony/SKAI_clean_vision/install/skai_bringup/lib/python3.12/site-packages/skai_bringup-0.0.0-py3.12.egg-info
[1.890s] running install_scripts
[2.002s] Installing add_leaf script to /home/tony/SKAI_clean_vision/install/skai_bringup/lib/skai_bringup
[2.003s] writing list of installed files to '/home/tony/SKAI_clean_vision/build/skai_bringup/install.log'
[2.125s] Invoked command in '/home/tony/SKAI_clean_vision/src/skai_bringup' returned '0': DEBUGINFOD_URLS=https://debuginfod.ubuntu.com PYTHONPATH=/home/tony/SKAI_clean_vision/build/skai_bringup/prefix_override:/usr/lib/python3/dist-packages/colcon_core/task/python/colcon_distutils_commands:/home/tony/SKAI_clean_vision/install/skai_bringup/lib/python3.12/site-packages:${PYTHONPATH} /usr/bin/python3 -W ignore:setup.py install is deprecated -W ignore:easy_install command is deprecated setup.py egg_info --egg-base ../../build/skai_bringup build --build-base /home/tony/SKAI_clean_vision/build/skai_bringup/build install --record /home/tony/SKAI_clean_vision/build/skai_bringup/install.log --single-version-externally-managed install_data
