[0.017s] Invoking command in '/home/tony/SKAI_clean_vision/build/skai_moveit_config': AMENT_PREFIX_PATH=/home/tony/SKAI_clean_vision/install/arm_rviz:/home/tony/SKAI_clean_vision/install/vision_moveit_bridge:/home/tony/SKAI_clean_vision/install/vision_gui:/home/tony/SKAI_clean_vision/install/skai_moveit_config:/home/tony/SKAI_clean_vision/install/skai_hardware_v2:/home/tony/SKAI_clean_vision/install/skai_bringup:/home/tony/SKAI_clean_vision/install/red_detector:/home/tony/SKAI_clean_vision/install/moveit_goal_bridge:/home/tony/SKAI_clean_vision/install/mock_camera:/opt/ros/jazzy CMAKE_PREFIX_PATH=${CMAKE_PREFIX_PATH}:/home/tony/SKAI_clean_vision/install/vision_moveit_bridge:/home/tony/SKAI_clean_vision/install/vision_gui:/home/tony/SKAI_clean_vision/install/skai_bringup:/home/tony/SKAI_clean_vision/install/red_detector:/home/tony/SKAI_clean_vision/install/mock_camera:/home/tony/SKAI_clean_vision/install/arm_rviz:/opt/ros/jazzy DEBUGINFOD_URLS=https://debuginfod.ubuntu.com PYTHONPATH=/home/tony/SKAI_clean_vision/install/arm_rviz/lib/python3.12/site-packages:/home/tony/SKAI_clean_vision/install/vision_moveit_bridge/lib/python3.12/site-packages:/home/tony/SKAI_clean_vision/install/vision_gui/lib/python3.12/site-packages:/home/tony/SKAI_clean_vision/install/skai_bringup/lib/python3.12/site-packages:/home/tony/SKAI_clean_vision/install/red_detector/lib/python3.12/site-packages:/home/tony/SKAI_clean_vision/install/mock_camera/lib/python3.12/site-packages:/opt/ros/jazzy/lib/python3.12/site-packages /usr/bin/cmake --build /home/tony/SKAI_clean_vision/build/skai_moveit_config -- -j16 -l16
[0.050s] Invoked command in '/home/tony/SKAI_clean_vision/build/skai_moveit_config' returned '0': AMENT_PREFIX_PATH=/home/tony/SKAI_clean_vision/install/arm_rviz:/home/tony/SKAI_clean_vision/install/vision_moveit_bridge:/home/tony/SKAI_clean_vision/install/vision_gui:/home/tony/SKAI_clean_vision/install/skai_moveit_config:/home/tony/SKAI_clean_vision/install/skai_hardware_v2:/home/tony/SKAI_clean_vision/install/skai_bringup:/home/tony/SKAI_clean_vision/install/red_detector:/home/tony/SKAI_clean_vision/install/moveit_goal_bridge:/home/tony/SKAI_clean_vision/install/mock_camera:/opt/ros/jazzy CMAKE_PREFIX_PATH=${CMAKE_PREFIX_PATH}:/home/tony/SKAI_clean_vision/install/vision_moveit_bridge:/home/tony/SKAI_clean_vision/install/vision_gui:/home/tony/SKAI_clean_vision/install/skai_bringup:/home/tony/SKAI_clean_vision/install/red_detector:/home/tony/SKAI_clean_vision/install/mock_camera:/home/tony/SKAI_clean_vision/install/arm_rviz:/opt/ros/jazzy DEBUGINFOD_URLS=https://debuginfod.ubuntu.com PYTHONPATH=/home/tony/SKAI_clean_vision/install/arm_rviz/lib/python3.12/site-packages:/home/tony/SKAI_clean_vision/install/vision_moveit_bridge/lib/python3.12/site-packages:/home/tony/SKAI_clean_vision/install/vision_gui/lib/python3.12/site-packages:/home/tony/SKAI_clean_vision/install/skai_bringup/lib/python3.12/site-packages:/home/tony/SKAI_clean_vision/install/red_detector/lib/python3.12/site-packages:/home/tony/SKAI_clean_vision/install/mock_camera/lib/python3.12/site-packages:/opt/ros/jazzy/lib/python3.12/site-packages /usr/bin/cmake --build /home/tony/SKAI_clean_vision/build/skai_moveit_config -- -j16 -l16
[0.051s] Invoking command in '/home/tony/SKAI_clean_vision/build/skai_moveit_config': AMENT_PREFIX_PATH=/home/tony/SKAI_clean_vision/install/arm_rviz:/home/tony/SKAI_clean_vision/install/vision_moveit_bridge:/home/tony/SKAI_clean_vision/install/vision_gui:/home/tony/SKAI_clean_vision/install/skai_moveit_config:/home/tony/SKAI_clean_vision/install/skai_hardware_v2:/home/tony/SKAI_clean_vision/install/skai_bringup:/home/tony/SKAI_clean_vision/install/red_detector:/home/tony/SKAI_clean_vision/install/moveit_goal_bridge:/home/tony/SKAI_clean_vision/install/mock_camera:/opt/ros/jazzy CMAKE_PREFIX_PATH=${CMAKE_PREFIX_PATH}:/home/tony/SKAI_clean_vision/install/vision_moveit_bridge:/home/tony/SKAI_clean_vision/install/vision_gui:/home/tony/SKAI_clean_vision/install/skai_bringup:/home/tony/SKAI_clean_vision/install/red_detector:/home/tony/SKAI_clean_vision/install/mock_camera:/home/tony/SKAI_clean_vision/install/arm_rviz:/opt/ros/jazzy DEBUGINFOD_URLS=https://debuginfod.ubuntu.com PYTHONPATH=/home/tony/SKAI_clean_vision/install/arm_rviz/lib/python3.12/site-packages:/home/tony/SKAI_clean_vision/install/vision_moveit_bridge/lib/python3.12/site-packages:/home/tony/SKAI_clean_vision/install/vision_gui/lib/python3.12/site-packages:/home/tony/SKAI_clean_vision/install/skai_bringup/lib/python3.12/site-packages:/home/tony/SKAI_clean_vision/install/red_detector/lib/python3.12/site-packages:/home/tony/SKAI_clean_vision/install/mock_camera/lib/python3.12/site-packages:/opt/ros/jazzy/lib/python3.12/site-packages /usr/bin/cmake --install /home/tony/SKAI_clean_vision/build/skai_moveit_config
[0.059s] -- Install configuration: ""
[0.059s] -- Up-to-date: /home/tony/SKAI_clean_vision/install/skai_moveit_config/share/ament_index/resource_index/package_run_dependencies/skai_moveit_config
[0.059s] -- Up-to-date: /home/tony/SKAI_clean_vision/install/skai_moveit_config/share/ament_index/resource_index/parent_prefix_path/skai_moveit_config
[0.059s] -- Up-to-date: /home/tony/SKAI_clean_vision/install/skai_moveit_config/share/skai_moveit_config/environment/ament_prefix_path.sh
[0.060s] -- Up-to-date: /home/tony/SKAI_clean_vision/install/skai_moveit_config/share/skai_moveit_config/environment/ament_prefix_path.dsv
[0.060s] -- Up-to-date: /home/tony/SKAI_clean_vision/install/skai_moveit_config/share/skai_moveit_config/environment/path.sh
[0.060s] -- Up-to-date: /home/tony/SKAI_clean_vision/install/skai_moveit_config/share/skai_moveit_config/environment/path.dsv
[0.060s] -- Up-to-date: /home/tony/SKAI_clean_vision/install/skai_moveit_config/share/skai_moveit_config/local_setup.bash
[0.060s] -- Up-to-date: /home/tony/SKAI_clean_vision/install/skai_moveit_config/share/skai_moveit_config/local_setup.sh
[0.060s] -- Up-to-date: /home/tony/SKAI_clean_vision/install/skai_moveit_config/share/skai_moveit_config/local_setup.zsh
[0.060s] -- Up-to-date: /home/tony/SKAI_clean_vision/install/skai_moveit_config/share/skai_moveit_config/local_setup.dsv
[0.060s] -- Installing: /home/tony/SKAI_clean_vision/install/skai_moveit_config/share/skai_moveit_config/package.dsv
[0.060s] -- Up-to-date: /home/tony/SKAI_clean_vision/install/skai_moveit_config/share/ament_index/resource_index/packages/skai_moveit_config
[0.060s] -- Up-to-date: /home/tony/SKAI_clean_vision/install/skai_moveit_config/share/skai_moveit_config/cmake/skai_moveit_configConfig.cmake
[0.060s] -- Up-to-date: /home/tony/SKAI_clean_vision/install/skai_moveit_config/share/skai_moveit_config/cmake/skai_moveit_configConfig-version.cmake
[0.060s] -- Up-to-date: /home/tony/SKAI_clean_vision/install/skai_moveit_config/share/skai_moveit_config/package.xml
[0.060s] -- Up-to-date: /home/tony/SKAI_clean_vision/install/skai_moveit_config/share/skai_moveit_config/launch
[0.061s] -- Up-to-date: /home/tony/SKAI_clean_vision/install/skai_moveit_config/share/skai_moveit_config/launch/setup_assistant.launch.py
[0.061s] -- Up-to-date: /home/tony/SKAI_clean_vision/install/skai_moveit_config/share/skai_moveit_config/launch/moveit_rviz.launch.py
[0.061s] -- Up-to-date: /home/tony/SKAI_clean_vision/install/skai_moveit_config/share/skai_moveit_config/launch/move_group.launch.py
[0.061s] -- Up-to-date: /home/tony/SKAI_clean_vision/install/skai_moveit_config/share/skai_moveit_config/launch/rsp.launch.py
[0.061s] -- Up-to-date: /home/tony/SKAI_clean_vision/install/skai_moveit_config/share/skai_moveit_config/launch/demo.launch.py
[0.061s] -- Up-to-date: /home/tony/SKAI_clean_vision/install/skai_moveit_config/share/skai_moveit_config/launch/warehouse_db.launch.py
[0.061s] -- Up-to-date: /home/tony/SKAI_clean_vision/install/skai_moveit_config/share/skai_moveit_config/launch/static_virtual_joint_tfs.launch.py
[0.061s] -- Up-to-date: /home/tony/SKAI_clean_vision/install/skai_moveit_config/share/skai_moveit_config/launch/spawn_controllers.launch.py
[0.061s] -- Up-to-date: /home/tony/SKAI_clean_vision/install/skai_moveit_config/share/skai_moveit_config/config
[0.061s] -- Up-to-date: /home/tony/SKAI_clean_vision/install/skai_moveit_config/share/skai_moveit_config/config/moveit_controllers.yaml
[0.062s] -- Up-to-date: /home/tony/SKAI_clean_vision/install/skai_moveit_config/share/skai_moveit_config/config/skai_arm.srdf
[0.062s] -- Up-to-date: /home/tony/SKAI_clean_vision/install/skai_moveit_config/share/skai_moveit_config/config/moveit.rviz
[0.062s] -- Up-to-date: /home/tony/SKAI_clean_vision/install/skai_moveit_config/share/skai_moveit_config/config/joint_limits.yaml
[0.063s] -- Up-to-date: /home/tony/SKAI_clean_vision/install/skai_moveit_config/share/skai_moveit_config/config/pilz_cartesian_limits.yaml
[0.063s] -- Up-to-date: /home/tony/SKAI_clean_vision/install/skai_moveit_config/share/skai_moveit_config/config/initial_positions.yaml
[0.063s] -- Up-to-date: /home/tony/SKAI_clean_vision/install/skai_moveit_config/share/skai_moveit_config/config/skai_arm.urdf.xacro
[0.063s] -- Up-to-date: /home/tony/SKAI_clean_vision/install/skai_moveit_config/share/skai_moveit_config/config/kinematics.yaml
[0.063s] -- Up-to-date: /home/tony/SKAI_clean_vision/install/skai_moveit_config/share/skai_moveit_config/config/ros2_controllers.yaml
[0.063s] -- Up-to-date: /home/tony/SKAI_clean_vision/install/skai_moveit_config/share/skai_moveit_config/config/skai_arm.ros2_control.xacro
[0.063s] -- Up-to-date: /home/tony/SKAI_clean_vision/install/skai_moveit_config/share/skai_moveit_config/.setup_assistant
[0.064s] Invoked command in '/home/tony/SKAI_clean_vision/build/skai_moveit_config' returned '0': AMENT_PREFIX_PATH=/home/tony/SKAI_clean_vision/install/arm_rviz:/home/tony/SKAI_clean_vision/install/vision_moveit_bridge:/home/tony/SKAI_clean_vision/install/vision_gui:/home/tony/SKAI_clean_vision/install/skai_moveit_config:/home/tony/SKAI_clean_vision/install/skai_hardware_v2:/home/tony/SKAI_clean_vision/install/skai_bringup:/home/tony/SKAI_clean_vision/install/red_detector:/home/tony/SKAI_clean_vision/install/moveit_goal_bridge:/home/tony/SKAI_clean_vision/install/mock_camera:/opt/ros/jazzy CMAKE_PREFIX_PATH=${CMAKE_PREFIX_PATH}:/home/tony/SKAI_clean_vision/install/vision_moveit_bridge:/home/tony/SKAI_clean_vision/install/vision_gui:/home/tony/SKAI_clean_vision/install/skai_bringup:/home/tony/SKAI_clean_vision/install/red_detector:/home/tony/SKAI_clean_vision/install/mock_camera:/home/tony/SKAI_clean_vision/install/arm_rviz:/opt/ros/jazzy DEBUGINFOD_URLS=https://debuginfod.ubuntu.com PYTHONPATH=/home/tony/SKAI_clean_vision/install/arm_rviz/lib/python3.12/site-packages:/home/tony/SKAI_clean_vision/install/vision_moveit_bridge/lib/python3.12/site-packages:/home/tony/SKAI_clean_vision/install/vision_gui/lib/python3.12/site-packages:/home/tony/SKAI_clean_vision/install/skai_bringup/lib/python3.12/site-packages:/home/tony/SKAI_clean_vision/install/red_detector/lib/python3.12/site-packages:/home/tony/SKAI_clean_vision/install/mock_camera/lib/python3.12/site-packages:/opt/ros/jazzy/lib/python3.12/site-packages /usr/bin/cmake --install /home/tony/SKAI_clean_vision/build/skai_moveit_config
