[1.525s] Invoking command in '/home/tony/SKAI_clean_vision/src/red_detector': DEBUGINFOD_URLS=https://debuginfod.ubuntu.com PYTHONPATH=/home/tony/SKAI_clean_vision/build/red_detector/prefix_override:/usr/lib/python3/dist-packages/colcon_core/task/python/colcon_distutils_commands:/home/tony/SKAI_clean_vision/install/red_detector/lib/python3.12/site-packages:${PYTHONPATH} /usr/bin/python3 -W ignore:setup.py install is deprecated -W ignore:easy_install command is deprecated setup.py egg_info --egg-base ../../build/red_detector build --build-base /home/tony/SKAI_clean_vision/build/red_detector/build install --record /home/tony/SKAI_clean_vision/build/red_detector/install.log --single-version-externally-managed install_data
[1.736s] running egg_info
[1.752s] writing ../../build/red_detector/red_detector.egg-info/PKG-INFO
[1.752s] writing dependency_links to ../../build/red_detector/red_detector.egg-info/dependency_links.txt
[1.752s] writing entry points to ../../build/red_detector/red_detector.egg-info/entry_points.txt
[1.752s] writing requirements to ../../build/red_detector/red_detector.egg-info/requires.txt
[1.752s] writing top-level names to ../../build/red_detector/red_detector.egg-info/top_level.txt
[1.784s] reading manifest file '../../build/red_detector/red_detector.egg-info/SOURCES.txt'
[1.784s] writing manifest file '../../build/red_detector/red_detector.egg-info/SOURCES.txt'
[1.784s] running build
[1.784s] running build_py
[1.785s] running install
[1.789s] running install_lib
[1.806s] running install_data
[1.806s] running install_egg_info
[1.832s] removing '/home/tony/SKAI_clean_vision/install/red_detector/lib/python3.12/site-packages/red_detector-0.0.0-py3.12.egg-info' (and everything under it)
[1.832s] Copying ../../build/red_detector/red_detector.egg-info to /home/tony/SKAI_clean_vision/install/red_detector/lib/python3.12/site-packages/red_detector-0.0.0-py3.12.egg-info
[1.833s] running install_scripts
[1.939s] Installing red_detector_node script to /home/tony/SKAI_clean_vision/install/red_detector/lib/red_detector
[1.939s] writing list of installed files to '/home/tony/SKAI_clean_vision/build/red_detector/install.log'
[2.045s] Invoked command in '/home/tony/SKAI_clean_vision/src/red_detector' returned '0': DEBUGINFOD_URLS=https://debuginfod.ubuntu.com PYTHONPATH=/home/tony/SKAI_clean_vision/build/red_detector/prefix_override:/usr/lib/python3/dist-packages/colcon_core/task/python/colcon_distutils_commands:/home/tony/SKAI_clean_vision/install/red_detector/lib/python3.12/site-packages:${PYTHONPATH} /usr/bin/python3 -W ignore:setup.py install is deprecated -W ignore:easy_install command is deprecated setup.py egg_info --egg-base ../../build/red_detector build --build-base /home/tony/SKAI_clean_vision/build/red_detector/build install --record /home/tony/SKAI_clean_vision/build/red_detector/install.log --single-version-externally-managed install_data
