[1.506s] Invoking command in '/home/tony/SKAI_clean_vision/src/mock_camera': DEBUGINFOD_URLS=https://debuginfod.ubuntu.com PYTHONPATH=/home/tony/SKAI_clean_vision/build/mock_camera/prefix_override:/usr/lib/python3/dist-packages/colcon_core/task/python/colcon_distutils_commands:/home/tony/SKAI_clean_vision/install/mock_camera/lib/python3.12/site-packages:${PYTHONPATH} /usr/bin/python3 -W ignore:setup.py install is deprecated -W ignore:easy_install command is deprecated setup.py egg_info --egg-base ../../build/mock_camera build --build-base /home/tony/SKAI_clean_vision/build/mock_camera/build install --record /home/tony/SKAI_clean_vision/build/mock_camera/install.log --single-version-externally-managed install_data
[1.719s] running egg_info
[1.736s] writing ../../build/mock_camera/mock_camera.egg-info/PKG-INFO
[1.736s] writing dependency_links to ../../build/mock_camera/mock_camera.egg-info/dependency_links.txt
[1.736s] writing entry points to ../../build/mock_camera/mock_camera.egg-info/entry_points.txt
[1.736s] writing requirements to ../../build/mock_camera/mock_camera.egg-info/requires.txt
[1.736s] writing top-level names to ../../build/mock_camera/mock_camera.egg-info/top_level.txt
[1.768s] reading manifest file '../../build/mock_camera/mock_camera.egg-info/SOURCES.txt'
[1.769s] writing manifest file '../../build/mock_camera/mock_camera.egg-info/SOURCES.txt'
[1.769s] running build
[1.769s] running build_py
[1.769s] running install
[1.774s] running install_lib
[1.790s] running install_data
[1.790s] running install_egg_info
[1.808s] removing '/home/tony/SKAI_clean_vision/install/mock_camera/lib/python3.12/site-packages/mock_camera-0.0.0-py3.12.egg-info' (and everything under it)
[1.808s] Copying ../../build/mock_camera/mock_camera.egg-info to /home/tony/SKAI_clean_vision/install/mock_camera/lib/python3.12/site-packages/mock_camera-0.0.0-py3.12.egg-info
[1.808s] running install_scripts
[1.913s] Installing mock_camera script to /home/tony/SKAI_clean_vision/install/mock_camera/lib/mock_camera
[1.913s] writing list of installed files to '/home/tony/SKAI_clean_vision/build/mock_camera/install.log'
[2.013s] Invoked command in '/home/tony/SKAI_clean_vision/src/mock_camera' returned '0': DEBUGINFOD_URLS=https://debuginfod.ubuntu.com PYTHONPATH=/home/tony/SKAI_clean_vision/build/mock_camera/prefix_override:/usr/lib/python3/dist-packages/colcon_core/task/python/colcon_distutils_commands:/home/tony/SKAI_clean_vision/install/mock_camera/lib/python3.12/site-packages:${PYTHONPATH} /usr/bin/python3 -W ignore:setup.py install is deprecated -W ignore:easy_install command is deprecated setup.py egg_info --egg-base ../../build/mock_camera build --build-base /home/tony/SKAI_clean_vision/build/mock_camera/build install --record /home/tony/SKAI_clean_vision/build/mock_camera/install.log --single-version-externally-managed install_data
