/home/tony/SKAI_clean_vision/install/arm_rviz/lib/python3.12/site-packages/arm_rviz/__init__.py
/home/tony/SKAI_clean_vision/install/arm_rviz/lib/python3.12/site-packages/arm_rviz/__pycache__/__init__.cpython-312.pyc
/home/tony/SKAI_clean_vision/install/arm_rviz/share/ament_index/resource_index/packages/arm_rviz
/home/tony/SKAI_clean_vision/install/arm_rviz/share/arm_rviz/package.xml
/home/tony/SKAI_clean_vision/install/arm_rviz/share/arm_rviz/launch/hardware_view.launch.py
/home/tony/SKAI_clean_vision/install/arm_rviz/share/arm_rviz/urdf/OG_skai_arm:urdf.OG
/home/tony/SKAI_clean_vision/install/arm_rviz/share/arm_rviz/urdf/skai_arm:urdf.demo
/home/tony/SKAI_clean_vision/install/arm_rviz/share/arm_rviz/urdf/skai_arm.urdf
/home/tony/SKAI_clean_vision/install/arm_rviz/share/arm_rviz/meshes/J_5.STL
/home/tony/SKAI_clean_vision/install/arm_rviz/share/arm_rviz/meshes/J_6.STL
/home/tony/SKAI_clean_vision/install/arm_rviz/share/arm_rviz/meshes/J_3.STL
/home/tony/SKAI_clean_vision/install/arm_rviz/share/arm_rviz/meshes/J_1.STL
/home/tony/SKAI_clean_vision/install/arm_rviz/share/arm_rviz/meshes/F_1.STL
/home/tony/SKAI_clean_vision/install/arm_rviz/share/arm_rviz/meshes/J_2.STL
/home/tony/SKAI_clean_vision/install/arm_rviz/share/arm_rviz/meshes/F_2.STL
/home/tony/SKAI_clean_vision/install/arm_rviz/share/arm_rviz/meshes/J_4.STL
/home/tony/SKAI_clean_vision/install/arm_rviz/share/arm_rviz/meshes/BASE.STL
/home/tony/SKAI_clean_vision/install/arm_rviz/share/arm_rviz/rviz/baseline.rviz
/home/tony/SKAI_clean_vision/install/arm_rviz/lib/python3.12/site-packages/arm_rviz-0.0.1-py3.12.egg-info/requires.txt
/home/tony/SKAI_clean_vision/install/arm_rviz/lib/python3.12/site-packages/arm_rviz-0.0.1-py3.12.egg-info/PKG-INFO
/home/tony/SKAI_clean_vision/install/arm_rviz/lib/python3.12/site-packages/arm_rviz-0.0.1-py3.12.egg-info/top_level.txt
/home/tony/SKAI_clean_vision/install/arm_rviz/lib/python3.12/site-packages/arm_rviz-0.0.1-py3.12.egg-info/SOURCES.txt
/home/tony/SKAI_clean_vision/install/arm_rviz/lib/python3.12/site-packages/arm_rviz-0.0.1-py3.12.egg-info/dependency_links.txt
/home/tony/SKAI_clean_vision/install/arm_rviz/lib/python3.12/site-packages/arm_rviz-0.0.1-py3.12.egg-info/zip-safe
