[100%] Built target skai_hardware_v2
-- Install configuration: ""
-- Up-to-date: /home/tony/SKAI_clean_vision/install/skai_hardware_v2/share/skai_hardware_v2/skai_hardware.xml
-- Up-to-date: /home/tony/SKAI_clean_vision/install/skai_hardware_v2/include
-- Up-to-date: /home/tony/SKAI_clean_vision/install/skai_hardware_v2/include/skai_hardware_v2
-- Up-to-date: /home/tony/SKAI_clean_vision/install/skai_hardware_v2/include/skai_hardware_v2/skai_hardware.hpp
-- Up-to-date: /home/tony/SKAI_clean_vision/install/skai_hardware_v2/lib/libskai_hardware_v2.so
-- Up-to-date: /home/tony/SKAI_clean_vision/install/skai_hardware_v2/share/skai_hardware_v2/skai_hardware.xml
-- Up-to-date: /home/tony/SKAI_clean_vision/install/skai_hardware_v2/share/ament_index/resource_index/package_run_dependencies/skai_hardware_v2
-- Up-to-date: /home/tony/SKAI_clean_vision/install/skai_hardware_v2/share/ament_index/resource_index/parent_prefix_path/skai_hardware_v2
-- Up-to-date: /home/tony/SKAI_clean_vision/install/skai_hardware_v2/share/skai_hardware_v2/environment/ament_prefix_path.sh
-- Up-to-date: /home/tony/SKAI_clean_vision/install/skai_hardware_v2/share/skai_hardware_v2/environment/ament_prefix_path.dsv
-- Up-to-date: /home/tony/SKAI_clean_vision/install/skai_hardware_v2/share/skai_hardware_v2/environment/path.sh
-- Up-to-date: /home/tony/SKAI_clean_vision/install/skai_hardware_v2/share/skai_hardware_v2/environment/path.dsv
-- Up-to-date: /home/tony/SKAI_clean_vision/install/skai_hardware_v2/share/skai_hardware_v2/local_setup.bash
-- Up-to-date: /home/tony/SKAI_clean_vision/install/skai_hardware_v2/share/skai_hardware_v2/local_setup.sh
-- Up-to-date: /home/tony/SKAI_clean_vision/install/skai_hardware_v2/share/skai_hardware_v2/local_setup.zsh
-- Up-to-date: /home/tony/SKAI_clean_vision/install/skai_hardware_v2/share/skai_hardware_v2/local_setup.dsv
-- Up-to-date: /home/tony/SKAI_clean_vision/install/skai_hardware_v2/share/skai_hardware_v2/package.dsv
-- Up-to-date: /home/tony/SKAI_clean_vision/install/skai_hardware_v2/share/ament_index/resource_index/packages/skai_hardware_v2
-- Up-to-date: /home/tony/SKAI_clean_vision/install/skai_hardware_v2/share/ament_index/resource_index/hardware_interface__pluginlib__plugin/skai_hardware_v2
-- Up-to-date: /home/tony/SKAI_clean_vision/install/skai_hardware_v2/share/skai_hardware_v2/cmake/skai_hardware_v2Config.cmake
-- Up-to-date: /home/tony/SKAI_clean_vision/install/skai_hardware_v2/share/skai_hardware_v2/cmake/skai_hardware_v2Config-version.cmake
-- Up-to-date: /home/tony/SKAI_clean_vision/install/skai_hardware_v2/share/skai_hardware_v2/package.xml
