-- The C compiler identification is GNU 13.3.0
-- The CXX compiler identification is GNU 13.3.0
-- Detecting C compiler ABI info
-- Detecting C compiler ABI info - done
-- Check for working C compiler: /usr/bin/cc - skipped
-- Detecting C compile features
-- Detecting C compile features - done
-- Detecting CXX compiler ABI info
-- Detecting CXX compiler ABI info - done
-- Check for working CXX compiler: /usr/bin/c++ - skipped
-- Detecting CXX compile features
-- Detecting CXX compile features - done
-- Found ament_cmake: 2.5.6 (/opt/ros/jazzy/share/ament_cmake/cmake)
-- Found Python3: /usr/bin/python3 (found version "3.12.3") found components: Interpreter 
-- Found hardware_interface: 4.44.0 (/opt/ros/jazzy/share/hardware_interface/cmake)
-- Found rosidl_generator_c: 4.6.7 (/opt/ros/jazzy/share/rosidl_generator_c/cmake)
-- Found rosidl_generator_cpp: 4.6.7 (/opt/ros/jazzy/share/rosidl_generator_cpp/cmake)
-- Using all available rosidl_typesupport_c: rosidl_typesupport_fastrtps_c;rosidl_typesupport_introspection_c
-- Using all available rosidl_typesupport_cpp: rosidl_typesupport_fastrtps_cpp;rosidl_typesupport_introspection_cpp
-- Found TinyXML2 via Config file: /usr/lib/x86_64-linux-gnu/cmake/tinyxml2
-- Found rmw_implementation_cmake: 7.3.3 (/opt/ros/jazzy/share/rmw_implementation_cmake/cmake)
-- Found rmw_fastrtps_cpp: 8.4.3 (/opt/ros/jazzy/share/rmw_fastrtps_cpp/cmake)
-- Found TinyXML2 via Config file: /usr/lib/x86_64-linux-gnu/cmake/tinyxml2
-- Found OpenSSL: /usr/lib/x86_64-linux-gnu/libcrypto.so (found version "3.0.13")  
-- Found TinyXML2 via Config file: /usr/lib/x86_64-linux-gnu/cmake/tinyxml2
-- Found FastRTPS: /opt/ros/jazzy/include (Required is at least version "2.13") 
-- Found TinyXML2 via Config file: /usr/lib/x86_64-linux-gnu/cmake/tinyxml2
-- Found TinyXML2 via Config file: /usr/lib/x86_64-linux-gnu/cmake/tinyxml2
-- Using RMW implementation 'rmw_fastrtps_cpp' as default
-- Configuring done (1.2s)
-- Generating done (0.0s)
-- Build files have been written to: /home/tony/SKAI_clean_vision/build/skai_hardware_v2
[ 50%] [32mBuilding CXX object CMakeFiles/skai_hardware_v2.dir/src/skai_hardware.cpp.o[0m
[100%] [32m[1mLinking CXX shared library libskai_hardware_v2.so[0m
[100%] Built target skai_hardware_v2
-- Install configuration: ""
-- Installing: /home/tony/SKAI_clean_vision/install/skai_hardware_v2/share/skai_hardware_v2/skai_hardware.xml
-- Installing: /home/tony/SKAI_clean_vision/install/skai_hardware_v2/include
-- Installing: /home/tony/SKAI_clean_vision/install/skai_hardware_v2/include/skai_hardware_v2
-- Installing: /home/tony/SKAI_clean_vision/install/skai_hardware_v2/include/skai_hardware_v2/skai_hardware.hpp
-- Installing: /home/tony/SKAI_clean_vision/install/skai_hardware_v2/lib/libskai_hardware_v2.so
-- Set non-toolchain portion of runtime path of "/home/tony/SKAI_clean_vision/install/skai_hardware_v2/lib/libskai_hardware_v2.so" to ""
-- Up-to-date: /home/tony/SKAI_clean_vision/install/skai_hardware_v2/share/skai_hardware_v2/skai_hardware.xml
-- Installing: /home/tony/SKAI_clean_vision/install/skai_hardware_v2/share/ament_index/resource_index/package_run_dependencies/skai_hardware_v2
-- Installing: /home/tony/SKAI_clean_vision/install/skai_hardware_v2/share/ament_index/resource_index/parent_prefix_path/skai_hardware_v2
-- Installing: /home/tony/SKAI_clean_vision/install/skai_hardware_v2/share/skai_hardware_v2/environment/ament_prefix_path.sh
-- Installing: /home/tony/SKAI_clean_vision/install/skai_hardware_v2/share/skai_hardware_v2/environment/ament_prefix_path.dsv
-- Installing: /home/tony/SKAI_clean_vision/install/skai_hardware_v2/share/skai_hardware_v2/environment/path.sh
-- Installing: /home/tony/SKAI_clean_vision/install/skai_hardware_v2/share/skai_hardware_v2/environment/path.dsv
-- Installing: /home/tony/SKAI_clean_vision/install/skai_hardware_v2/share/skai_hardware_v2/local_setup.bash
-- Installing: /home/tony/SKAI_clean_vision/install/skai_hardware_v2/share/skai_hardware_v2/local_setup.sh
-- Installing: /home/tony/SKAI_clean_vision/install/skai_hardware_v2/share/skai_hardware_v2/local_setup.zsh
-- Installing: /home/tony/SKAI_clean_vision/install/skai_hardware_v2/share/skai_hardware_v2/local_setup.dsv
-- Installing: /home/tony/SKAI_clean_vision/install/skai_hardware_v2/share/skai_hardware_v2/package.dsv
-- Installing: /home/tony/SKAI_clean_vision/install/skai_hardware_v2/share/ament_index/resource_index/packages/skai_hardware_v2
-- Installing: /home/tony/SKAI_clean_vision/install/skai_hardware_v2/share/ament_index/resource_index/hardware_interface__pluginlib__plugin/skai_hardware_v2
-- Installing: /home/tony/SKAI_clean_vision/install/skai_hardware_v2/share/skai_hardware_v2/cmake/skai_hardware_v2Config.cmake
-- Installing: /home/tony/SKAI_clean_vision/install/skai_hardware_v2/share/skai_hardware_v2/cmake/skai_hardware_v2Config-version.cmake
-- Installing: /home/tony/SKAI_clean_vision/install/skai_hardware_v2/share/skai_hardware_v2/package.xml
