[1.527s] Invoking command in '/home/tony/SKAI_clean_vision/src/skai_bringup': DEBUGINFOD_URLS=https://debuginfod.ubuntu.com PYTHONPATH=/home/tony/SKAI_clean_vision/build/skai_bringup/prefix_override:/usr/lib/python3/dist-packages/colcon_core/task/python/colcon_distutils_commands:/home/tony/SKAI_clean_vision/install/skai_bringup/lib/python3.12/site-packages:${PYTHONPATH} /usr/bin/python3 -W ignore:setup.py install is deprecated -W ignore:easy_install command is deprecated setup.py egg_info --egg-base ../../build/skai_bringup build --build-base /home/tony/SKAI_clean_vision/build/skai_bringup/build install --record /home/tony/SKAI_clean_vision/build/skai_bringup/install.log --single-version-externally-managed install_data
[1.738s] running egg_info
[1.754s] writing ../../build/skai_bringup/skai_bringup.egg-info/PKG-INFO
[1.754s] writing dependency_links to ../../build/skai_bringup/skai_bringup.egg-info/dependency_links.txt
[1.754s] writing entry points to ../../build/skai_bringup/skai_bringup.egg-info/entry_points.txt
[1.754s] writing requirements to ../../build/skai_bringup/skai_bringup.egg-info/requires.txt
[1.754s] writing top-level names to ../../build/skai_bringup/skai_bringup.egg-info/top_level.txt
[1.786s] reading manifest file '../../build/skai_bringup/skai_bringup.egg-info/SOURCES.txt'
[1.786s] writing manifest file '../../build/skai_bringup/skai_bringup.egg-info/SOURCES.txt'
[1.787s] running build
[1.787s] running build_py
[1.787s] copying skai_bringup/add_leaf.py -> /home/tony/SKAI_clean_vision/build/skai_bringup/build/lib/skai_bringup
[1.787s] running install
[1.792s] running install_lib
[1.810s] copying /home/tony/SKAI_clean_vision/build/skai_bringup/build/lib/skai_bringup/add_leaf.py -> /home/tony/SKAI_clean_vision/install/skai_bringup/lib/python3.12/site-packages/skai_bringup
[1.810s] byte-compiling /home/tony/SKAI_clean_vision/install/skai_bringup/lib/python3.12/site-packages/skai_bringup/add_leaf.py to add_leaf.cpython-312.pyc
[1.811s] running install_data
[1.811s] running install_egg_info
[1.829s] removing '/home/tony/SKAI_clean_vision/install/skai_bringup/lib/python3.12/site-packages/skai_bringup-0.0.0-py3.12.egg-info' (and everything under it)
[1.829s] Copying ../../build/skai_bringup/skai_bringup.egg-info to /home/tony/SKAI_clean_vision/install/skai_bringup/lib/python3.12/site-packages/skai_bringup-0.0.0-py3.12.egg-info
[1.830s] running install_scripts
[1.944s] Installing add_leaf script to /home/tony/SKAI_clean_vision/install/skai_bringup/lib/skai_bringup
[1.945s] writing list of installed files to '/home/tony/SKAI_clean_vision/build/skai_bringup/install.log'
[2.039s] Invoked command in '/home/tony/SKAI_clean_vision/src/skai_bringup' returned '0': DEBUGINFOD_URLS=https://debuginfod.ubuntu.com PYTHONPATH=/home/tony/SKAI_clean_vision/build/skai_bringup/prefix_override:/usr/lib/python3/dist-packages/colcon_core/task/python/colcon_distutils_commands:/home/tony/SKAI_clean_vision/install/skai_bringup/lib/python3.12/site-packages:${PYTHONPATH} /usr/bin/python3 -W ignore:setup.py install is deprecated -W ignore:easy_install command is deprecated setup.py egg_info --egg-base ../../build/skai_bringup build --build-base /home/tony/SKAI_clean_vision/build/skai_bringup/build install --record /home/tony/SKAI_clean_vision/build/skai_bringup/install.log --single-version-externally-managed install_data
