[1.633s] Invoking command in '/home/tony/SKAI_clean_vision/src/skai_bringup': DEBUGINFOD_URLS=https://debuginfod.ubuntu.com PYTHONPATH=/home/tony/SKAI_clean_vision/build/skai_bringup/prefix_override:/usr/lib/python3/dist-packages/colcon_core/task/python/colcon_distutils_commands:/home/tony/SKAI_clean_vision/install/skai_bringup/lib/python3.12/site-packages:${PYTHONPATH} /usr/bin/python3 -W ignore:setup.py install is deprecated -W ignore:easy_install command is deprecated setup.py egg_info --egg-base ../../build/skai_bringup build --build-base /home/tony/SKAI_clean_vision/build/skai_bringup/build install --record /home/tony/SKAI_clean_vision/build/skai_bringup/install.log --single-version-externally-managed install_data
[1.844s] running egg_info
[1.859s] writing ../../build/skai_bringup/skai_bringup.egg-info/PKG-INFO
[1.860s] writing dependency_links to ../../build/skai_bringup/skai_bringup.egg-info/dependency_links.txt
[1.861s] writing entry points to ../../build/skai_bringup/skai_bringup.egg-info/entry_points.txt
[1.861s] writing requirements to ../../build/skai_bringup/skai_bringup.egg-info/requires.txt
[1.861s] writing top-level names to ../../build/skai_bringup/skai_bringup.egg-info/top_level.txt
[1.894s] reading manifest file '../../build/skai_bringup/skai_bringup.egg-info/SOURCES.txt'
[1.895s] writing manifest file '../../build/skai_bringup/skai_bringup.egg-info/SOURCES.txt'
[1.895s] running build
[1.895s] running build_py
[1.895s] copying skai_bringup/add_leaf.py -> /home/tony/SKAI_clean_vision/build/skai_bringup/build/lib/skai_bringup
[1.895s] running install
[1.900s] running install_lib
[1.916s] copying /home/tony/SKAI_clean_vision/build/skai_bringup/build/lib/skai_bringup/add_leaf.py -> /home/tony/SKAI_clean_vision/install/skai_bringup/lib/python3.12/site-packages/skai_bringup
[1.917s] byte-compiling /home/tony/SKAI_clean_vision/install/skai_bringup/lib/python3.12/site-packages/skai_bringup/add_leaf.py to add_leaf.cpython-312.pyc
[1.918s] running install_data
[1.918s] running install_egg_info
[1.935s] removing '/home/tony/SKAI_clean_vision/install/skai_bringup/lib/python3.12/site-packages/skai_bringup-0.0.0-py3.12.egg-info' (and everything under it)
[1.935s] Copying ../../build/skai_bringup/skai_bringup.egg-info to /home/tony/SKAI_clean_vision/install/skai_bringup/lib/python3.12/site-packages/skai_bringup-0.0.0-py3.12.egg-info
[1.936s] running install_scripts
[2.041s] Installing add_leaf script to /home/tony/SKAI_clean_vision/install/skai_bringup/lib/skai_bringup
[2.041s] writing list of installed files to '/home/tony/SKAI_clean_vision/build/skai_bringup/install.log'
[2.145s] Invoked command in '/home/tony/SKAI_clean_vision/src/skai_bringup' returned '0': DEBUGINFOD_URLS=https://debuginfod.ubuntu.com PYTHONPATH=/home/tony/SKAI_clean_vision/build/skai_bringup/prefix_override:/usr/lib/python3/dist-packages/colcon_core/task/python/colcon_distutils_commands:/home/tony/SKAI_clean_vision/install/skai_bringup/lib/python3.12/site-packages:${PYTHONPATH} /usr/bin/python3 -W ignore:setup.py install is deprecated -W ignore:easy_install command is deprecated setup.py egg_info --egg-base ../../build/skai_bringup build --build-base /home/tony/SKAI_clean_vision/build/skai_bringup/build install --record /home/tony/SKAI_clean_vision/build/skai_bringup/install.log --single-version-externally-managed install_data
